CRITICAL - 2022-01-24 12:50:57 --> Call to a member function getSegment() on null
#0 /home/webleade/glumos.webleader.in/system/View/View.php(214): include()
#1 /home/webleade/glumos.webleader.in/system/View/View.php(217): CodeIgniter\View\View->CodeIgniter\View\{closure}()
#2 /home/webleade/glumos.webleader.in/system/View/View.php(432): CodeIgniter\View\View->render('front/component...', NULL, true)
#3 /home/webleade/glumos.webleader.in/app/Views/front/user/browsejobs.php(42): CodeIgniter\View\View->include('front/component...')
#4 /home/webleade/glumos.webleader.in/system/View/View.php(214): include('/home/webleade/...')
#5 /home/webleade/glumos.webleader.in/system/View/View.php(217): CodeIgniter\View\View->CodeIgniter\View\{closure}()
#6 /home/webleade/glumos.webleader.in/system/Common.php(1097): CodeIgniter\View\View->render('front/user/brow...', Array, true)
#7 /home/webleade/glumos.webleader.in/app/Controllers/Dashboard.php(95): view('front/user/brow...', Array)
#8 /home/webleade/glumos.webleader.in/system/CodeIgniter.php(824): App\Controllers\Dashboard->browseAllJobs()
#9 /home/webleade/glumos.webleader.in/system/CodeIgniter.php(410): CodeIgniter\CodeIgniter->runController(Object(App\Controllers\Dashboard))
#10 /home/webleade/glumos.webleader.in/system/CodeIgniter.php(318): CodeIgniter\CodeIgniter->handleRequest(NULL, Object(Config\Cache), false)
#11 /home/webleade/glumos.webleader.in/index.php(37): CodeIgniter\CodeIgniter->run()
#12 {main}
CRITICAL - 2022-01-24 12:51:32 --> Call to a member function getSegment() on null
#0 /home/webleade/glumos.webleader.in/system/View/View.php(214): include()
#1 /home/webleade/glumos.webleader.in/system/View/View.php(217): CodeIgniter\View\View->CodeIgniter\View\{closure}()
#2 /home/webleade/glumos.webleader.in/system/View/View.php(432): CodeIgniter\View\View->render('front/component...', NULL, true)
#3 /home/webleade/glumos.webleader.in/app/Views/front/user/browsejobs.php(42): CodeIgniter\View\View->include('front/component...')
#4 /home/webleade/glumos.webleader.in/system/View/View.php(214): include('/home/webleade/...')
#5 /home/webleade/glumos.webleader.in/system/View/View.php(217): CodeIgniter\View\View->CodeIgniter\View\{closure}()
#6 /home/webleade/glumos.webleader.in/system/Common.php(1097): CodeIgniter\View\View->render('front/user/brow...', Array, true)
#7 /home/webleade/glumos.webleader.in/app/Controllers/Dashboard.php(95): view('front/user/brow...', Array)
#8 /home/webleade/glumos.webleader.in/system/CodeIgniter.php(824): App\Controllers\Dashboard->browseAllJobs()
#9 /home/webleade/glumos.webleader.in/system/CodeIgniter.php(410): CodeIgniter\CodeIgniter->runController(Object(App\Controllers\Dashboard))
#10 /home/webleade/glumos.webleader.in/system/CodeIgniter.php(318): CodeIgniter\CodeIgniter->handleRequest(NULL, Object(Config\Cache), false)
#11 /home/webleade/glumos.webleader.in/index.php(37): CodeIgniter\CodeIgniter->run()
#12 {main}
