CRITICAL - 2022-02-07 08:51:39 --> This customer has no attached payment source or default payment method.
#0 /home/webleade/glumos.webleader.in/vendor/stripe/stripe-php/lib/Exception/InvalidRequestException.php(35): Stripe\Exception\ApiErrorException::factory('This customer h...', 400, '{\n  "error": {\n...', Array, Object(Stripe\Util\CaseInsensitiveArray), 'resource_missin...')
#1 /home/webleade/glumos.webleader.in/vendor/stripe/stripe-php/lib/ApiRequestor.php(213): Stripe\Exception\InvalidRequestException::factory('This customer h...', 400, '{\n  "error": {\n...', Array, Object(Stripe\Util\CaseInsensitiveArray), 'resource_missin...', NULL)
#2 /home/webleade/glumos.webleader.in/vendor/stripe/stripe-php/lib/ApiRequestor.php(175): Stripe\ApiRequestor::_specificAPIError('{\n  "error": {\n...', 400, Object(Stripe\Util\CaseInsensitiveArray), Array, Array)
#3 /home/webleade/glumos.webleader.in/vendor/stripe/stripe-php/lib/ApiRequestor.php(560): Stripe\ApiRequestor->handleErrorResponse('{\n  "error": {\n...', 400, Object(Stripe\Util\CaseInsensitiveArray), Array)
#4 /home/webleade/glumos.webleader.in/vendor/stripe/stripe-php/lib/ApiRequestor.php(124): Stripe\ApiRequestor->_interpretResponse('{\n  "error": {\n...', 400, Object(Stripe\Util\CaseInsensitiveArray))
#5 /home/webleade/glumos.webleader.in/vendor/stripe/stripe-php/lib/BaseStripeClient.php(134): Stripe\ApiRequestor->request('post', '/v1/subscriptio...', Array, Array)
#6 /home/webleade/glumos.webleader.in/vendor/stripe/stripe-php/lib/Service/AbstractService.php(75): Stripe\BaseStripeClient->request('post', '/v1/subscriptio...', Array, Object(Stripe\Util\RequestOptions))
#7 /home/webleade/glumos.webleader.in/vendor/stripe/stripe-php/lib/Service/SubscriptionService.php(70): Stripe\Service\AbstractService->request('post', '/v1/subscriptio...', Array, NULL)
#8 /home/webleade/glumos.webleader.in/app/Controllers/Checkout.php(35): Stripe\Service\SubscriptionService->create(Array)
#9 /home/webleade/glumos.webleader.in/system/CodeIgniter.php(824): App\Controllers\Checkout->process()
#10 /home/webleade/glumos.webleader.in/system/CodeIgniter.php(410): CodeIgniter\CodeIgniter->runController(Object(App\Controllers\Checkout))
#11 /home/webleade/glumos.webleader.in/system/CodeIgniter.php(318): CodeIgniter\CodeIgniter->handleRequest(NULL, Object(Config\Cache), false)
#12 /home/webleade/glumos.webleader.in/index.php(37): CodeIgniter\CodeIgniter->run()
#13 {main}
CRITICAL - 2022-02-07 08:53:00 --> This customer has no attached payment source or default payment method.
#0 /home/webleade/glumos.webleader.in/vendor/stripe/stripe-php/lib/Exception/InvalidRequestException.php(35): Stripe\Exception\ApiErrorException::factory('This customer h...', 400, '{\n  "error": {\n...', Array, Object(Stripe\Util\CaseInsensitiveArray), 'resource_missin...')
#1 /home/webleade/glumos.webleader.in/vendor/stripe/stripe-php/lib/ApiRequestor.php(213): Stripe\Exception\InvalidRequestException::factory('This customer h...', 400, '{\n  "error": {\n...', Array, Object(Stripe\Util\CaseInsensitiveArray), 'resource_missin...', NULL)
#2 /home/webleade/glumos.webleader.in/vendor/stripe/stripe-php/lib/ApiRequestor.php(175): Stripe\ApiRequestor::_specificAPIError('{\n  "error": {\n...', 400, Object(Stripe\Util\CaseInsensitiveArray), Array, Array)
#3 /home/webleade/glumos.webleader.in/vendor/stripe/stripe-php/lib/ApiRequestor.php(560): Stripe\ApiRequestor->handleErrorResponse('{\n  "error": {\n...', 400, Object(Stripe\Util\CaseInsensitiveArray), Array)
#4 /home/webleade/glumos.webleader.in/vendor/stripe/stripe-php/lib/ApiRequestor.php(124): Stripe\ApiRequestor->_interpretResponse('{\n  "error": {\n...', 400, Object(Stripe\Util\CaseInsensitiveArray))
#5 /home/webleade/glumos.webleader.in/vendor/stripe/stripe-php/lib/BaseStripeClient.php(134): Stripe\ApiRequestor->request('post', '/v1/subscriptio...', Array, Array)
#6 /home/webleade/glumos.webleader.in/vendor/stripe/stripe-php/lib/Service/AbstractService.php(75): Stripe\BaseStripeClient->request('post', '/v1/subscriptio...', Array, Object(Stripe\Util\RequestOptions))
#7 /home/webleade/glumos.webleader.in/vendor/stripe/stripe-php/lib/Service/SubscriptionService.php(70): Stripe\Service\AbstractService->request('post', '/v1/subscriptio...', Array, NULL)
#8 /home/webleade/glumos.webleader.in/app/Controllers/Checkout.php(35): Stripe\Service\SubscriptionService->create(Array)
#9 /home/webleade/glumos.webleader.in/system/CodeIgniter.php(824): App\Controllers\Checkout->process()
#10 /home/webleade/glumos.webleader.in/system/CodeIgniter.php(410): CodeIgniter\CodeIgniter->runController(Object(App\Controllers\Checkout))
#11 /home/webleade/glumos.webleader.in/system/CodeIgniter.php(318): CodeIgniter\CodeIgniter->handleRequest(NULL, Object(Config\Cache), false)
#12 /home/webleade/glumos.webleader.in/index.php(37): CodeIgniter\CodeIgniter->run()
#13 {main}
CRITICAL - 2022-02-07 08:56:07 --> This customer has no attached payment source or default payment method.
#0 /home/webleade/glumos.webleader.in/vendor/stripe/stripe-php/lib/Exception/InvalidRequestException.php(35): Stripe\Exception\ApiErrorException::factory('This customer h...', 400, '{\n  "error": {\n...', Array, Object(Stripe\Util\CaseInsensitiveArray), 'resource_missin...')
#1 /home/webleade/glumos.webleader.in/vendor/stripe/stripe-php/lib/ApiRequestor.php(213): Stripe\Exception\InvalidRequestException::factory('This customer h...', 400, '{\n  "error": {\n...', Array, Object(Stripe\Util\CaseInsensitiveArray), 'resource_missin...', NULL)
#2 /home/webleade/glumos.webleader.in/vendor/stripe/stripe-php/lib/ApiRequestor.php(175): Stripe\ApiRequestor::_specificAPIError('{\n  "error": {\n...', 400, Object(Stripe\Util\CaseInsensitiveArray), Array, Array)
#3 /home/webleade/glumos.webleader.in/vendor/stripe/stripe-php/lib/ApiRequestor.php(560): Stripe\ApiRequestor->handleErrorResponse('{\n  "error": {\n...', 400, Object(Stripe\Util\CaseInsensitiveArray), Array)
#4 /home/webleade/glumos.webleader.in/vendor/stripe/stripe-php/lib/ApiRequestor.php(124): Stripe\ApiRequestor->_interpretResponse('{\n  "error": {\n...', 400, Object(Stripe\Util\CaseInsensitiveArray))
#5 /home/webleade/glumos.webleader.in/vendor/stripe/stripe-php/lib/BaseStripeClient.php(134): Stripe\ApiRequestor->request('post', '/v1/subscriptio...', Array, Array)
#6 /home/webleade/glumos.webleader.in/vendor/stripe/stripe-php/lib/Service/AbstractService.php(75): Stripe\BaseStripeClient->request('post', '/v1/subscriptio...', Array, Object(Stripe\Util\RequestOptions))
#7 /home/webleade/glumos.webleader.in/vendor/stripe/stripe-php/lib/Service/SubscriptionService.php(70): Stripe\Service\AbstractService->request('post', '/v1/subscriptio...', Array, NULL)
#8 /home/webleade/glumos.webleader.in/app/Controllers/Checkout.php(37): Stripe\Service\SubscriptionService->create(Array)
#9 /home/webleade/glumos.webleader.in/system/CodeIgniter.php(824): App\Controllers\Checkout->process()
#10 /home/webleade/glumos.webleader.in/system/CodeIgniter.php(410): CodeIgniter\CodeIgniter->runController(Object(App\Controllers\Checkout))
#11 /home/webleade/glumos.webleader.in/system/CodeIgniter.php(318): CodeIgniter\CodeIgniter->handleRequest(NULL, Object(Config\Cache), false)
#12 /home/webleade/glumos.webleader.in/index.php(37): CodeIgniter\CodeIgniter->run()
#13 {main}
CRITICAL - 2022-02-07 09:01:26 --> Invalid source object: must be a dictionary or a non-empty string. See API docs at https://stripe.com/docs'
#0 /home/webleade/glumos.webleader.in/vendor/stripe/stripe-php/lib/Exception/InvalidRequestException.php(35): Stripe\Exception\ApiErrorException::factory('Invalid source ...', 400, '{\n  "error": {\n...', Array, Object(Stripe\Util\CaseInsensitiveArray), NULL)
#1 /home/webleade/glumos.webleader.in/vendor/stripe/stripe-php/lib/ApiRequestor.php(213): Stripe\Exception\InvalidRequestException::factory('Invalid source ...', 400, '{\n  "error": {\n...', Array, Object(Stripe\Util\CaseInsensitiveArray), NULL, 'source')
#2 /home/webleade/glumos.webleader.in/vendor/stripe/stripe-php/lib/ApiRequestor.php(175): Stripe\ApiRequestor::_specificAPIError('{\n  "error": {\n...', 400, Object(Stripe\Util\CaseInsensitiveArray), Array, Array)
#3 /home/webleade/glumos.webleader.in/vendor/stripe/stripe-php/lib/ApiRequestor.php(560): Stripe\ApiRequestor->handleErrorResponse('{\n  "error": {\n...', 400, Object(Stripe\Util\CaseInsensitiveArray), Array)
#4 /home/webleade/glumos.webleader.in/vendor/stripe/stripe-php/lib/ApiRequestor.php(124): Stripe\ApiRequestor->_interpretResponse('{\n  "error": {\n...', 400, Object(Stripe\Util\CaseInsensitiveArray))
#5 /home/webleade/glumos.webleader.in/vendor/stripe/stripe-php/lib/BaseStripeClient.php(134): Stripe\ApiRequestor->request('post', '/v1/customers', Array, Array)
#6 /home/webleade/glumos.webleader.in/vendor/stripe/stripe-php/lib/Service/AbstractService.php(75): Stripe\BaseStripeClient->request('post', '/v1/customers', Array, Object(Stripe\Util\RequestOptions))
#7 /home/webleade/glumos.webleader.in/vendor/stripe/stripe-php/lib/Service/CustomerService.php(102): Stripe\Service\AbstractService->request('post', '/v1/customers', Array, NULL)
#8 /home/webleade/glumos.webleader.in/app/Controllers/Checkout.php(27): Stripe\Service\CustomerService->create(Array)
#9 /home/webleade/glumos.webleader.in/system/CodeIgniter.php(824): App\Controllers\Checkout->process()
#10 /home/webleade/glumos.webleader.in/system/CodeIgniter.php(410): CodeIgniter\CodeIgniter->runController(Object(App\Controllers\Checkout))
#11 /home/webleade/glumos.webleader.in/system/CodeIgniter.php(318): CodeIgniter\CodeIgniter->handleRequest(NULL, Object(Config\Cache), false)
#12 /home/webleade/glumos.webleader.in/index.php(37): CodeIgniter\CodeIgniter->run()
#13 {main}
