CRITICAL - 2022-01-18 06:10:46 --> You must set the database table to be used with your query.
#0 /home/webleade/glumos.webleader.in/system/Model.php(545): CodeIgniter\Database\BaseConnection->table(NULL)
#1 /home/webleade/glumos.webleader.in/system/Model.php(717): CodeIgniter\Model->builder()
#2 /home/webleade/glumos.webleader.in/app/Controllers/Auth.php(116): CodeIgniter\Model->__call('isJobSeekerVali...', Array)
#3 /home/webleade/glumos.webleader.in/system/CodeIgniter.php(824): App\Controllers\Auth->loginHandle()
#4 /home/webleade/glumos.webleader.in/system/CodeIgniter.php(410): CodeIgniter\CodeIgniter->runController(Object(App\Controllers\Auth))
#5 /home/webleade/glumos.webleader.in/system/CodeIgniter.php(318): CodeIgniter\CodeIgniter->handleRequest(NULL, Object(Config\Cache), false)
#6 /home/webleade/glumos.webleader.in/index.php(37): CodeIgniter\CodeIgniter->run()
#7 {main}
CRITICAL - 2022-01-18 06:10:52 --> You must set the database table to be used with your query.
#0 /home/webleade/glumos.webleader.in/system/Model.php(545): CodeIgniter\Database\BaseConnection->table(NULL)
#1 /home/webleade/glumos.webleader.in/system/Model.php(717): CodeIgniter\Model->builder()
#2 /home/webleade/glumos.webleader.in/app/Controllers/Auth.php(116): CodeIgniter\Model->__call('isJobSeekerVali...', Array)
#3 /home/webleade/glumos.webleader.in/system/CodeIgniter.php(824): App\Controllers\Auth->loginHandle()
#4 /home/webleade/glumos.webleader.in/system/CodeIgniter.php(410): CodeIgniter\CodeIgniter->runController(Object(App\Controllers\Auth))
#5 /home/webleade/glumos.webleader.in/system/CodeIgniter.php(318): CodeIgniter\CodeIgniter->handleRequest(NULL, Object(Config\Cache), false)
#6 /home/webleade/glumos.webleader.in/index.php(37): CodeIgniter\CodeIgniter->run()
#7 {main}
CRITICAL - 2022-01-18 06:16:17 --> You must set the database table to be used with your query.
#0 /home/webleade/glumos.webleader.in/system/Model.php(545): CodeIgniter\Database\BaseConnection->table(NULL)
#1 /home/webleade/glumos.webleader.in/system/Model.php(717): CodeIgniter\Model->builder()
#2 /home/webleade/glumos.webleader.in/app/Controllers/Auth.php(116): CodeIgniter\Model->__call('isJobSeekerVali...', Array)
#3 /home/webleade/glumos.webleader.in/system/CodeIgniter.php(824): App\Controllers\Auth->loginHandle()
#4 /home/webleade/glumos.webleader.in/system/CodeIgniter.php(410): CodeIgniter\CodeIgniter->runController(Object(App\Controllers\Auth))
#5 /home/webleade/glumos.webleader.in/system/CodeIgniter.php(318): CodeIgniter\CodeIgniter->handleRequest(NULL, Object(Config\Cache), false)
#6 /home/webleade/glumos.webleader.in/index.php(37): CodeIgniter\CodeIgniter->run()
#7 {main}
CRITICAL - 2022-01-18 06:17:06 --> You must set the database table to be used with your query.
#0 /home/webleade/glumos.webleader.in/system/Model.php(545): CodeIgniter\Database\BaseConnection->table(NULL)
#1 /home/webleade/glumos.webleader.in/system/Model.php(717): CodeIgniter\Model->builder()
#2 /home/webleade/glumos.webleader.in/app/Controllers/Auth.php(116): CodeIgniter\Model->__call('isJobSeekerVali...', Array)
#3 /home/webleade/glumos.webleader.in/system/CodeIgniter.php(824): App\Controllers\Auth->loginHandle()
#4 /home/webleade/glumos.webleader.in/system/CodeIgniter.php(410): CodeIgniter\CodeIgniter->runController(Object(App\Controllers\Auth))
#5 /home/webleade/glumos.webleader.in/system/CodeIgniter.php(318): CodeIgniter\CodeIgniter->handleRequest(NULL, Object(Config\Cache), false)
#6 /home/webleade/glumos.webleader.in/index.php(37): CodeIgniter\CodeIgniter->run()
#7 {main}
CRITICAL - 2022-01-18 06:17:11 --> You must set the database table to be used with your query.
#0 /home/webleade/glumos.webleader.in/system/Model.php(545): CodeIgniter\Database\BaseConnection->table(NULL)
#1 /home/webleade/glumos.webleader.in/system/Model.php(717): CodeIgniter\Model->builder()
#2 /home/webleade/glumos.webleader.in/app/Controllers/Auth.php(116): CodeIgniter\Model->__call('isJobSeekerVali...', Array)
#3 /home/webleade/glumos.webleader.in/system/CodeIgniter.php(824): App\Controllers\Auth->loginHandle()
#4 /home/webleade/glumos.webleader.in/system/CodeIgniter.php(410): CodeIgniter\CodeIgniter->runController(Object(App\Controllers\Auth))
#5 /home/webleade/glumos.webleader.in/system/CodeIgniter.php(318): CodeIgniter\CodeIgniter->handleRequest(NULL, Object(Config\Cache), false)
#6 /home/webleade/glumos.webleader.in/index.php(37): CodeIgniter\CodeIgniter->run()
#7 {main}
