CRITICAL - 2022-01-21 05:08:42 --> explode() expects parameter 3 to be int, string given
#0 [internal function]: CodeIgniter\Debug\Exceptions->errorHandler(2, 'explode() expec...', '/home/webleade/...', 107, Array)
#1 /home/webleade/glumos.webleader.in/app/Views/front/components/my-resume.php(107): explode(' ', ',', ',AWS,Data-Analy...')
#2 /home/webleade/glumos.webleader.in/system/View/View.php(214): include('/home/webleade/...')
#3 /home/webleade/glumos.webleader.in/system/View/View.php(217): CodeIgniter\View\View->CodeIgniter\View\{closure}()
#4 /home/webleade/glumos.webleader.in/system/View/View.php(432): CodeIgniter\View\View->render('front/component...', NULL, true)
#5 /home/webleade/glumos.webleader.in/app/Views/front/resume.php(34): CodeIgniter\View\View->include('front/component...')
#6 /home/webleade/glumos.webleader.in/system/View/View.php(214): include('/home/webleade/...')
#7 /home/webleade/glumos.webleader.in/system/View/View.php(217): CodeIgniter\View\View->CodeIgniter\View\{closure}()
#8 /home/webleade/glumos.webleader.in/system/Common.php(1097): CodeIgniter\View\View->render('front/resume', Array, true)
#9 /home/webleade/glumos.webleader.in/app/Controllers/Dashboard.php(80): view('front/resume', Array)
#10 /home/webleade/glumos.webleader.in/system/CodeIgniter.php(824): App\Controllers\Dashboard->resume()
#11 /home/webleade/glumos.webleader.in/system/CodeIgniter.php(410): CodeIgniter\CodeIgniter->runController(Object(App\Controllers\Dashboard))
#12 /home/webleade/glumos.webleader.in/system/CodeIgniter.php(318): CodeIgniter\CodeIgniter->handleRequest(NULL, Object(Config\Cache), false)
#13 /home/webleade/glumos.webleader.in/index.php(37): CodeIgniter\CodeIgniter->run()
#14 {main}
CRITICAL - 2022-01-21 07:33:56 --> syntax error, unexpected '<'
#0 /home/webleade/glumos.webleader.in/system/Autoloader/Autoloader.php(241): CodeIgniter\Autoloader\Autoloader->includeFile('/home/webleade/...')
#1 /home/webleade/glumos.webleader.in/system/Autoloader/Autoloader.php(219): CodeIgniter\Autoloader\Autoloader->loadInNamespace('App\\Controllers...')
#2 [internal function]: CodeIgniter\Autoloader\Autoloader->loadClass('App\\Controllers...')
#3 [internal function]: spl_autoload_call('App\\Controllers...')
#4 /home/webleade/glumos.webleader.in/system/CodeIgniter.php(789): class_exists('\\App\\Controller...', true)
#5 /home/webleade/glumos.webleader.in/system/CodeIgniter.php(397): CodeIgniter\CodeIgniter->startController()
#6 /home/webleade/glumos.webleader.in/system/CodeIgniter.php(318): CodeIgniter\CodeIgniter->handleRequest(NULL, Object(Config\Cache), false)
#7 /home/webleade/glumos.webleader.in/index.php(37): CodeIgniter\CodeIgniter->run()
#8 {main}
