ERROR - 2022-01-17 01:25:27 --> Error connecting to the database: Access denied for user '****'@'localhost' (using password: YES)
CRITICAL - 2022-01-17 01:25:27 --> Unable to connect to the database.
Main connection [MySQLi]: Access denied for user '****'@'localhost' (using password: YES)
#0 /home/webleade/glumos.webleader.in/system/Database/BaseConnection.php(577): CodeIgniter\Database\BaseConnection->initialize()
#1 /home/webleade/glumos.webleader.in/system/Database/BaseBuilder.php(1443): CodeIgniter\Database\BaseConnection->query('SELECT *\nFROM `...', Array, false)
#2 /home/webleade/glumos.webleader.in/app/Models/JobModel.php(32): CodeIgniter\Database\BaseBuilder->get()
#3 /home/webleade/glumos.webleader.in/app/Controllers/Home.php(13): App\Models\JobModel->getAllJobs()
#4 /home/webleade/glumos.webleader.in/system/CodeIgniter.php(824): App\Controllers\Home->index()
#5 /home/webleade/glumos.webleader.in/system/CodeIgniter.php(410): CodeIgniter\CodeIgniter->runController(Object(App\Controllers\Home))
#6 /home/webleade/glumos.webleader.in/system/CodeIgniter.php(318): CodeIgniter\CodeIgniter->handleRequest(NULL, Object(Config\Cache), false)
#7 /home/webleade/glumos.webleader.in/index.php(37): CodeIgniter\CodeIgniter->run()
#8 {main}
ERROR - 2022-01-17 01:25:27 --> Error connecting to the database: Access denied for user '****'@'localhost' (using password: YES)
CRITICAL - 2022-01-17 01:25:27 --> Unable to connect to the database.
Main connection [MySQLi]: Access denied for user '****'@'localhost' (using password: YES)
#0 /home/webleade/glumos.webleader.in/system/Database/BaseConnection.php(577): CodeIgniter\Database\BaseConnection->initialize()
#1 /home/webleade/glumos.webleader.in/system/Database/BaseBuilder.php(1443): CodeIgniter\Database\BaseConnection->query('SELECT *\nFROM `...', Array, false)
#2 /home/webleade/glumos.webleader.in/app/Models/JobModel.php(32): CodeIgniter\Database\BaseBuilder->get()
#3 /home/webleade/glumos.webleader.in/app/Controllers/Home.php(13): App\Models\JobModel->getAllJobs()
#4 /home/webleade/glumos.webleader.in/system/CodeIgniter.php(824): App\Controllers\Home->index()
#5 /home/webleade/glumos.webleader.in/system/CodeIgniter.php(410): CodeIgniter\CodeIgniter->runController(Object(App\Controllers\Home))
#6 /home/webleade/glumos.webleader.in/system/CodeIgniter.php(318): CodeIgniter\CodeIgniter->handleRequest(NULL, Object(Config\Cache), false)
#7 /home/webleade/glumos.webleader.in/index.php(37): CodeIgniter\CodeIgniter->run()
#8 {main}
ERROR - 2022-01-17 01:25:31 --> Error connecting to the database: Access denied for user '****'@'localhost' (using password: YES)
CRITICAL - 2022-01-17 01:25:31 --> Unable to connect to the database.
Main connection [MySQLi]: Access denied for user '****'@'localhost' (using password: YES)
#0 /home/webleade/glumos.webleader.in/system/Database/BaseConnection.php(577): CodeIgniter\Database\BaseConnection->initialize()
#1 /home/webleade/glumos.webleader.in/system/Database/BaseBuilder.php(1443): CodeIgniter\Database\BaseConnection->query('SELECT *\nFROM `...', Array, false)
#2 /home/webleade/glumos.webleader.in/app/Models/JobModel.php(32): CodeIgniter\Database\BaseBuilder->get()
#3 /home/webleade/glumos.webleader.in/app/Controllers/Home.php(13): App\Models\JobModel->getAllJobs()
#4 /home/webleade/glumos.webleader.in/system/CodeIgniter.php(824): App\Controllers\Home->index()
#5 /home/webleade/glumos.webleader.in/system/CodeIgniter.php(410): CodeIgniter\CodeIgniter->runController(Object(App\Controllers\Home))
#6 /home/webleade/glumos.webleader.in/system/CodeIgniter.php(318): CodeIgniter\CodeIgniter->handleRequest(NULL, Object(Config\Cache), false)
#7 /home/webleade/glumos.webleader.in/index.php(37): CodeIgniter\CodeIgniter->run()
#8 {main}
ERROR - 2022-01-17 01:25:31 --> Error connecting to the database: Access denied for user '****'@'localhost' (using password: YES)
CRITICAL - 2022-01-17 01:25:31 --> Unable to connect to the database.
Main connection [MySQLi]: Access denied for user '****'@'localhost' (using password: YES)
#0 /home/webleade/glumos.webleader.in/system/Database/BaseConnection.php(577): CodeIgniter\Database\BaseConnection->initialize()
#1 /home/webleade/glumos.webleader.in/system/Database/BaseBuilder.php(1443): CodeIgniter\Database\BaseConnection->query('SELECT *\nFROM `...', Array, false)
#2 /home/webleade/glumos.webleader.in/app/Models/JobModel.php(32): CodeIgniter\Database\BaseBuilder->get()
#3 /home/webleade/glumos.webleader.in/app/Controllers/Home.php(13): App\Models\JobModel->getAllJobs()
#4 /home/webleade/glumos.webleader.in/system/CodeIgniter.php(824): App\Controllers\Home->index()
#5 /home/webleade/glumos.webleader.in/system/CodeIgniter.php(410): CodeIgniter\CodeIgniter->runController(Object(App\Controllers\Home))
#6 /home/webleade/glumos.webleader.in/system/CodeIgniter.php(318): CodeIgniter\CodeIgniter->handleRequest(NULL, Object(Config\Cache), false)
#7 /home/webleade/glumos.webleader.in/index.php(37): CodeIgniter\CodeIgniter->run()
#8 {main}
ERROR - 2022-01-17 01:25:52 --> Error connecting to the database: Access denied for user '****'@'localhost' (using password: YES)
CRITICAL - 2022-01-17 01:25:52 --> Unable to connect to the database.
Main connection [MySQLi]: Access denied for user '****'@'localhost' (using password: YES)
#0 /home/webleade/glumos.webleader.in/system/Database/BaseConnection.php(577): CodeIgniter\Database\BaseConnection->initialize()
#1 /home/webleade/glumos.webleader.in/system/Database/BaseBuilder.php(1443): CodeIgniter\Database\BaseConnection->query('SELECT *\nFROM `...', Array, false)
#2 /home/webleade/glumos.webleader.in/app/Models/JobModel.php(32): CodeIgniter\Database\BaseBuilder->get()
#3 /home/webleade/glumos.webleader.in/app/Controllers/Home.php(13): App\Models\JobModel->getAllJobs()
#4 /home/webleade/glumos.webleader.in/system/CodeIgniter.php(824): App\Controllers\Home->index()
#5 /home/webleade/glumos.webleader.in/system/CodeIgniter.php(410): CodeIgniter\CodeIgniter->runController(Object(App\Controllers\Home))
#6 /home/webleade/glumos.webleader.in/system/CodeIgniter.php(318): CodeIgniter\CodeIgniter->handleRequest(NULL, Object(Config\Cache), false)
#7 /home/webleade/glumos.webleader.in/index.php(37): CodeIgniter\CodeIgniter->run()
#8 {main}
ERROR - 2022-01-17 01:26:10 --> Error connecting to the database: Access denied for user '****'@'localhost' (using password: YES)
CRITICAL - 2022-01-17 01:26:10 --> Unable to connect to the database.
Main connection [MySQLi]: Access denied for user '****'@'localhost' (using password: YES)
#0 /home/webleade/glumos.webleader.in/system/Database/BaseConnection.php(577): CodeIgniter\Database\BaseConnection->initialize()
#1 /home/webleade/glumos.webleader.in/system/Database/BaseBuilder.php(1443): CodeIgniter\Database\BaseConnection->query('SELECT *\nFROM `...', Array, false)
#2 /home/webleade/glumos.webleader.in/app/Models/JobModel.php(32): CodeIgniter\Database\BaseBuilder->get()
#3 /home/webleade/glumos.webleader.in/app/Controllers/Home.php(13): App\Models\JobModel->getAllJobs()
#4 /home/webleade/glumos.webleader.in/system/CodeIgniter.php(824): App\Controllers\Home->index()
#5 /home/webleade/glumos.webleader.in/system/CodeIgniter.php(410): CodeIgniter\CodeIgniter->runController(Object(App\Controllers\Home))
#6 /home/webleade/glumos.webleader.in/system/CodeIgniter.php(318): CodeIgniter\CodeIgniter->handleRequest(NULL, Object(Config\Cache), false)
#7 /home/webleade/glumos.webleader.in/index.php(37): CodeIgniter\CodeIgniter->run()
#8 {main}
ERROR - 2022-01-17 01:26:23 --> Error connecting to the database: Access denied for user '****'@'localhost' (using password: YES)
CRITICAL - 2022-01-17 01:26:23 --> Unable to connect to the database.
Main connection [MySQLi]: Access denied for user '****'@'localhost' (using password: YES)
#0 /home/webleade/glumos.webleader.in/system/Database/BaseConnection.php(577): CodeIgniter\Database\BaseConnection->initialize()
#1 /home/webleade/glumos.webleader.in/system/Database/BaseBuilder.php(1443): CodeIgniter\Database\BaseConnection->query('SELECT *\nFROM `...', Array, false)
#2 /home/webleade/glumos.webleader.in/app/Models/JobModel.php(32): CodeIgniter\Database\BaseBuilder->get()
#3 /home/webleade/glumos.webleader.in/app/Controllers/Home.php(13): App\Models\JobModel->getAllJobs()
#4 /home/webleade/glumos.webleader.in/system/CodeIgniter.php(824): App\Controllers\Home->index()
#5 /home/webleade/glumos.webleader.in/system/CodeIgniter.php(410): CodeIgniter\CodeIgniter->runController(Object(App\Controllers\Home))
#6 /home/webleade/glumos.webleader.in/system/CodeIgniter.php(318): CodeIgniter\CodeIgniter->handleRequest(NULL, Object(Config\Cache), false)
#7 /home/webleade/glumos.webleader.in/index.php(37): CodeIgniter\CodeIgniter->run()
#8 {main}
CRITICAL - 2022-01-17 11:20:35 --> Call to a member function hasMoved() on null
#0 /home/webleade/glumos.webleader.in/system/CodeIgniter.php(824): App\Controllers\Uploader->featuredImage()
#1 /home/webleade/glumos.webleader.in/system/CodeIgniter.php(410): CodeIgniter\CodeIgniter->runController(Object(App\Controllers\Uploader))
#2 /home/webleade/glumos.webleader.in/system/CodeIgniter.php(318): CodeIgniter\CodeIgniter->handleRequest(NULL, Object(Config\Cache), false)
#3 /home/webleade/glumos.webleader.in/index.php(37): CodeIgniter\CodeIgniter->run()
#4 {main}
CRITICAL - 2022-01-17 11:24:53 --> Call to a member function hasMoved() on null
#0 /home/webleade/glumos.webleader.in/system/CodeIgniter.php(824): App\Controllers\Uploader->featuredImage()
#1 /home/webleade/glumos.webleader.in/system/CodeIgniter.php(410): CodeIgniter\CodeIgniter->runController(Object(App\Controllers\Uploader))
#2 /home/webleade/glumos.webleader.in/system/CodeIgniter.php(318): CodeIgniter\CodeIgniter->handleRequest(NULL, Object(Config\Cache), false)
#3 /home/webleade/glumos.webleader.in/index.php(37): CodeIgniter\CodeIgniter->run()
#4 {main}
CRITICAL - 2022-01-17 11:25:14 --> Call to a member function hasMoved() on null
#0 /home/webleade/glumos.webleader.in/system/CodeIgniter.php(824): App\Controllers\Uploader->featuredImage()
#1 /home/webleade/glumos.webleader.in/system/CodeIgniter.php(410): CodeIgniter\CodeIgniter->runController(Object(App\Controllers\Uploader))
#2 /home/webleade/glumos.webleader.in/system/CodeIgniter.php(318): CodeIgniter\CodeIgniter->handleRequest(NULL, Object(Config\Cache), false)
#3 /home/webleade/glumos.webleader.in/index.php(37): CodeIgniter\CodeIgniter->run()
#4 {main}
CRITICAL - 2022-01-17 11:25:31 --> Call to a member function hasMoved() on null
#0 /home/webleade/glumos.webleader.in/system/CodeIgniter.php(824): App\Controllers\Uploader->featuredImage()
#1 /home/webleade/glumos.webleader.in/system/CodeIgniter.php(410): CodeIgniter\CodeIgniter->runController(Object(App\Controllers\Uploader))
#2 /home/webleade/glumos.webleader.in/system/CodeIgniter.php(318): CodeIgniter\CodeIgniter->handleRequest(NULL, Object(Config\Cache), false)
#3 /home/webleade/glumos.webleader.in/index.php(37): CodeIgniter\CodeIgniter->run()
#4 {main}
CRITICAL - 2022-01-17 11:30:40 --> Call to a member function hasMoved() on null
#0 /home/webleade/glumos.webleader.in/system/CodeIgniter.php(824): App\Controllers\Uploader->featuredImage()
#1 /home/webleade/glumos.webleader.in/system/CodeIgniter.php(410): CodeIgniter\CodeIgniter->runController(Object(App\Controllers\Uploader))
#2 /home/webleade/glumos.webleader.in/system/CodeIgniter.php(318): CodeIgniter\CodeIgniter->handleRequest(NULL, Object(Config\Cache), false)
#3 /home/webleade/glumos.webleader.in/index.php(37): CodeIgniter\CodeIgniter->run()
#4 {main}
CRITICAL - 2022-01-17 11:32:55 --> Call to a member function hasMoved() on null
#0 /home/webleade/glumos.webleader.in/system/CodeIgniter.php(824): App\Controllers\Uploader->featuredImage()
#1 /home/webleade/glumos.webleader.in/system/CodeIgniter.php(410): CodeIgniter\CodeIgniter->runController(Object(App\Controllers\Uploader))
#2 /home/webleade/glumos.webleader.in/system/CodeIgniter.php(318): CodeIgniter\CodeIgniter->handleRequest(NULL, Object(Config\Cache), false)
#3 /home/webleade/glumos.webleader.in/index.php(37): CodeIgniter\CodeIgniter->run()
#4 {main}
CRITICAL - 2022-01-17 11:34:01 --> Call to a member function hasMoved() on null
#0 /home/webleade/glumos.webleader.in/system/CodeIgniter.php(824): App\Controllers\Uploader->featuredImage()
#1 /home/webleade/glumos.webleader.in/system/CodeIgniter.php(410): CodeIgniter\CodeIgniter->runController(Object(App\Controllers\Uploader))
#2 /home/webleade/glumos.webleader.in/system/CodeIgniter.php(318): CodeIgniter\CodeIgniter->handleRequest(NULL, Object(Config\Cache), false)
#3 /home/webleade/glumos.webleader.in/index.php(37): CodeIgniter\CodeIgniter->run()
#4 {main}
CRITICAL - 2022-01-17 11:34:12 --> Class 'App\Controllers\File' not found
#0 /home/webleade/glumos.webleader.in/system/CodeIgniter.php(824): App\Controllers\Uploader->featuredImage()
#1 /home/webleade/glumos.webleader.in/system/CodeIgniter.php(410): CodeIgniter\CodeIgniter->runController(Object(App\Controllers\Uploader))
#2 /home/webleade/glumos.webleader.in/system/CodeIgniter.php(318): CodeIgniter\CodeIgniter->handleRequest(NULL, Object(Config\Cache), false)
#3 /home/webleade/glumos.webleader.in/index.php(37): CodeIgniter\CodeIgniter->run()
#4 {main}
CRITICAL - 2022-01-17 11:37:59 --> syntax error, unexpected 'public' (T_PUBLIC), expecting end of file
#0 /home/webleade/glumos.webleader.in/system/Autoloader/Autoloader.php(241): CodeIgniter\Autoloader\Autoloader->includeFile('/home/webleade/...')
#1 /home/webleade/glumos.webleader.in/system/Autoloader/Autoloader.php(219): CodeIgniter\Autoloader\Autoloader->loadInNamespace('App\\Controllers...')
#2 [internal function]: CodeIgniter\Autoloader\Autoloader->loadClass('App\\Controllers...')
#3 [internal function]: spl_autoload_call('App\\Controllers...')
#4 /home/webleade/glumos.webleader.in/system/CodeIgniter.php(789): class_exists('\\App\\Controller...', true)
#5 /home/webleade/glumos.webleader.in/system/CodeIgniter.php(397): CodeIgniter\CodeIgniter->startController()
#6 /home/webleade/glumos.webleader.in/system/CodeIgniter.php(318): CodeIgniter\CodeIgniter->handleRequest(NULL, Object(Config\Cache), false)
#7 /home/webleade/glumos.webleader.in/index.php(37): CodeIgniter\CodeIgniter->run()
#8 {main}
CRITICAL - 2022-01-17 11:44:10 --> fopen(https://glumos.webleader.in/httpdocs/featured-images/index.html): failed to open stream: HTTP wrapper does not support writeable connections
#0 [internal function]: CodeIgniter\Debug\Exceptions->errorHandler(2, 'fopen(https://g...', '/home/webleade/...', 174, Array)
#1 /home/webleade/glumos.webleader.in/system/HTTP/Files/UploadedFile.php(174): fopen('https://glumos....', 'x+b')
#2 /home/webleade/glumos.webleader.in/system/HTTP/Files/UploadedFile.php(130): CodeIgniter\HTTP\Files\UploadedFile->setPath('https://glumos....')
#3 /home/webleade/glumos.webleader.in/app/Controllers/Uploader.php(34): CodeIgniter\HTTP\Files\UploadedFile->move('https://glumos....')
#4 /home/webleade/glumos.webleader.in/system/CodeIgniter.php(824): App\Controllers\Uploader->featuredImage()
#5 /home/webleade/glumos.webleader.in/system/CodeIgniter.php(410): CodeIgniter\CodeIgniter->runController(Object(App\Controllers\Uploader))
#6 /home/webleade/glumos.webleader.in/system/CodeIgniter.php(318): CodeIgniter\CodeIgniter->handleRequest(NULL, Object(Config\Cache), false)
#7 /home/webleade/glumos.webleader.in/index.php(37): CodeIgniter\CodeIgniter->run()
#8 {main}
CRITICAL - 2022-01-17 11:51:32 --> Class 'App\Models\Uploads' not found
#0 /home/webleade/glumos.webleader.in/system/CodeIgniter.php(824): App\Controllers\Uploader->featuredImage()
#1 /home/webleade/glumos.webleader.in/system/CodeIgniter.php(410): CodeIgniter\CodeIgniter->runController(Object(App\Controllers\Uploader))
#2 /home/webleade/glumos.webleader.in/system/CodeIgniter.php(318): CodeIgniter\CodeIgniter->handleRequest(NULL, Object(Config\Cache), false)
#3 /home/webleade/glumos.webleader.in/index.php(37): CodeIgniter\CodeIgniter->run()
#4 {main}
ERROR - 2022-01-17 11:52:54 --> Unknown column 'name' in 'field list'
ERROR - 2022-01-17 12:02:57 --> Unknown column 'comapny_id' in 'where clause'
CRITICAL - 2022-01-17 12:02:57 --> Call to a member function getResult() on bool
#0 /home/webleade/glumos.webleader.in/app/Controllers/Dashboard.php(24): App\Models\Uploads->getData()
#1 /home/webleade/glumos.webleader.in/system/CodeIgniter.php(824): App\Controllers\Dashboard->profile()
#2 /home/webleade/glumos.webleader.in/system/CodeIgniter.php(410): CodeIgniter\CodeIgniter->runController(Object(App\Controllers\Dashboard))
#3 /home/webleade/glumos.webleader.in/system/CodeIgniter.php(318): CodeIgniter\CodeIgniter->handleRequest(NULL, Object(Config\Cache), false)
#4 /home/webleade/glumos.webleader.in/index.php(37): CodeIgniter\CodeIgniter->run()
#5 {main}
CRITICAL - 2022-01-17 12:04:57 --> Cannot use object of type stdClass as array
#0 /home/webleade/glumos.webleader.in/system/View/View.php(214): include()
#1 /home/webleade/glumos.webleader.in/system/View/View.php(217): CodeIgniter\View\View->CodeIgniter\View\{closure}()
#2 /home/webleade/glumos.webleader.in/system/Common.php(1097): CodeIgniter\View\View->render('front/user/prof...', Array, true)
#3 /home/webleade/glumos.webleader.in/app/Controllers/Dashboard.php(31): view('front/user/prof...', Array)
#4 /home/webleade/glumos.webleader.in/system/CodeIgniter.php(824): App\Controllers\Dashboard->profile()
#5 /home/webleade/glumos.webleader.in/system/CodeIgniter.php(410): CodeIgniter\CodeIgniter->runController(Object(App\Controllers\Dashboard))
#6 /home/webleade/glumos.webleader.in/system/CodeIgniter.php(318): CodeIgniter\CodeIgniter->handleRequest(NULL, Object(Config\Cache), false)
#7 /home/webleade/glumos.webleader.in/index.php(37): CodeIgniter\CodeIgniter->run()
#8 {main}
CRITICAL - 2022-01-17 12:14:27 --> Call to undefined function null()
#0 /home/webleade/glumos.webleader.in/system/View/View.php(214): include()
#1 /home/webleade/glumos.webleader.in/system/View/View.php(217): CodeIgniter\View\View->CodeIgniter\View\{closure}()
#2 /home/webleade/glumos.webleader.in/system/Common.php(1097): CodeIgniter\View\View->render('front/user/prof...', Array, true)
#3 /home/webleade/glumos.webleader.in/app/Controllers/Dashboard.php(31): view('front/user/prof...', Array)
#4 /home/webleade/glumos.webleader.in/system/CodeIgniter.php(824): App\Controllers\Dashboard->profile()
#5 /home/webleade/glumos.webleader.in/system/CodeIgniter.php(410): CodeIgniter\CodeIgniter->runController(Object(App\Controllers\Dashboard))
#6 /home/webleade/glumos.webleader.in/system/CodeIgniter.php(318): CodeIgniter\CodeIgniter->handleRequest(NULL, Object(Config\Cache), false)
#7 /home/webleade/glumos.webleader.in/index.php(37): CodeIgniter\CodeIgniter->run()
#8 {main}
