ERROR - 2022-01-20 00:36:54 --> Email: sendWithSmtp throwed fsockopen(): Peer certificate CN=`server31.secureclouddns.net' did not match expected CN=`webleader.in'
ERROR - 2022-01-20 00:37:44 --> Email: sendWithSmtp throwed fsockopen(): Peer certificate CN=`server31.secureclouddns.net' did not match expected CN=`webleader.in'
ERROR - 2022-01-20 09:10:44 --> Table 'webleade_glumos.job_seekers' doesn't exist
CRITICAL - 2022-01-20 09:16:49 --> Call to a member function getDetails() on null
#0 /home/webleade/glumos.webleader.in/system/CodeIgniter.php(824): App\Controllers\Dashboard->resume()
#1 /home/webleade/glumos.webleader.in/system/CodeIgniter.php(410): CodeIgniter\CodeIgniter->runController(Object(App\Controllers\Dashboard))
#2 /home/webleade/glumos.webleader.in/system/CodeIgniter.php(318): CodeIgniter\CodeIgniter->handleRequest(NULL, Object(Config\Cache), false)
#3 /home/webleade/glumos.webleader.in/index.php(37): CodeIgniter\CodeIgniter->run()
#4 {main}
CRITICAL - 2022-01-20 09:19:10 --> Cannot use [] for reading
#0 [internal function]: CodeIgniter\Debug\Exceptions->shutdownHandler()
#1 {main}
ERROR - 2022-01-20 09:21:58 --> Table 'webleade_glumos.job_seekers' doesn't exist
ERROR - 2022-01-20 09:24:58 --> Table 'webleade_glumos.job_seekers' doesn't exist
CRITICAL - 2022-01-20 10:29:26 --> Invalid file: front/user/dahboard-jobseeker.php
#0 /home/webleade/glumos.webleader.in/system/View/View.php(198): CodeIgniter\Exceptions\FrameworkException::forInvalidFile('front/user/dahb...')
#1 /home/webleade/glumos.webleader.in/system/View/View.php(432): CodeIgniter\View\View->render('front/user/dahb...', NULL, true)
#2 /home/webleade/glumos.webleader.in/app/Views/front/user/index.php(34): CodeIgniter\View\View->include('front/user/dahb...')
#3 /home/webleade/glumos.webleader.in/system/View/View.php(214): include('/home/webleade/...')
#4 /home/webleade/glumos.webleader.in/system/View/View.php(217): CodeIgniter\View\View->CodeIgniter\View\{closure}()
#5 /home/webleade/glumos.webleader.in/system/Common.php(1097): CodeIgniter\View\View->render('front/user/inde...', Array, true)
#6 /home/webleade/glumos.webleader.in/app/Controllers/Dashboard.php(71): view('front/user/inde...', Array)
#7 /home/webleade/glumos.webleader.in/system/CodeIgniter.php(824): App\Controllers\Dashboard->userAuth()
#8 /home/webleade/glumos.webleader.in/system/CodeIgniter.php(410): CodeIgniter\CodeIgniter->runController(Object(App\Controllers\Dashboard))
#9 /home/webleade/glumos.webleader.in/system/CodeIgniter.php(318): CodeIgniter\CodeIgniter->handleRequest(NULL, Object(Config\Cache), false)
#10 /home/webleade/glumos.webleader.in/index.php(37): CodeIgniter\CodeIgniter->run()
#11 {main}
