CRITICAL - 2022-01-30 10:26:40 --> Invalid argument supplied for foreach()
#0 /home/webleade/glumos.webleader.in/app/Views/front/components/browse-jobs.php(188): CodeIgniter\Debug\Exceptions->errorHandler(2, 'Invalid argumen...', '/home/webleade/...', 188, Array)
#1 /home/webleade/glumos.webleader.in/system/View/View.php(214): include('/home/webleade/...')
#2 /home/webleade/glumos.webleader.in/system/View/View.php(217): CodeIgniter\View\View->CodeIgniter\View\{closure}()
#3 /home/webleade/glumos.webleader.in/system/View/View.php(432): CodeIgniter\View\View->render('front/component...', NULL, true)
#4 /home/webleade/glumos.webleader.in/app/Views/front/user/browsejobs.php(42): CodeIgniter\View\View->include('front/component...')
#5 /home/webleade/glumos.webleader.in/system/View/View.php(214): include('/home/webleade/...')
#6 /home/webleade/glumos.webleader.in/system/View/View.php(217): CodeIgniter\View\View->CodeIgniter\View\{closure}()
#7 /home/webleade/glumos.webleader.in/system/Common.php(1097): CodeIgniter\View\View->render('front/user/brow...', Array, true)
#8 /home/webleade/glumos.webleader.in/app/Controllers/Dashboard.php(112): view('front/user/brow...', Array)
#9 /home/webleade/glumos.webleader.in/system/CodeIgniter.php(824): App\Controllers\Dashboard->browseAllJobs()
#10 /home/webleade/glumos.webleader.in/system/CodeIgniter.php(410): CodeIgniter\CodeIgniter->runController(Object(App\Controllers\Dashboard))
#11 /home/webleade/glumos.webleader.in/system/CodeIgniter.php(318): CodeIgniter\CodeIgniter->handleRequest(NULL, Object(Config\Cache), false)
#12 /home/webleade/glumos.webleader.in/index.php(37): CodeIgniter\CodeIgniter->run()
#13 {main}
CRITICAL - 2022-01-30 00:58:43 --> syntax error, unexpected '':$logo_url='' (T_CONSTANT_ENCAPSED_STRING)
#0 /home/webleade/glumos.webleader.in/system/Autoloader/Autoloader.php(241): CodeIgniter\Autoloader\Autoloader->includeFile('/home/webleade/...')
#1 /home/webleade/glumos.webleader.in/system/Autoloader/Autoloader.php(219): CodeIgniter\Autoloader\Autoloader->loadInNamespace('App\\Controllers...')
#2 [internal function]: CodeIgniter\Autoloader\Autoloader->loadClass('App\\Controllers...')
#3 [internal function]: spl_autoload_call('App\\Controllers...')
#4 /home/webleade/glumos.webleader.in/system/CodeIgniter.php(789): class_exists('\\App\\Controller...', true)
#5 /home/webleade/glumos.webleader.in/system/CodeIgniter.php(397): CodeIgniter\CodeIgniter->startController()
#6 /home/webleade/glumos.webleader.in/system/CodeIgniter.php(318): CodeIgniter\CodeIgniter->handleRequest(NULL, Object(Config\Cache), false)
#7 /home/webleade/glumos.webleader.in/index.php(37): CodeIgniter\CodeIgniter->run()
#8 {main}
CRITICAL - 2022-01-30 01:21:23 --> Call to a member function join() on null
#0 /home/webleade/glumos.webleader.in/app/Controllers/SearchJob.php(23): App\Models\JobModel->getJobsByTitle('Software')
#1 /home/webleade/glumos.webleader.in/system/CodeIgniter.php(824): App\Controllers\SearchJob->index()
#2 /home/webleade/glumos.webleader.in/system/CodeIgniter.php(410): CodeIgniter\CodeIgniter->runController(Object(App\Controllers\SearchJob))
#3 /home/webleade/glumos.webleader.in/system/CodeIgniter.php(318): CodeIgniter\CodeIgniter->handleRequest(NULL, Object(Config\Cache), false)
#4 /home/webleade/glumos.webleader.in/index.php(37): CodeIgniter\CodeIgniter->run()
#5 {main}
CRITICAL - 2022-01-30 01:21:30 --> Call to a member function join() on null
#0 /home/webleade/glumos.webleader.in/app/Controllers/SearchJob.php(23): App\Models\JobModel->getJobsByTitle('')
#1 /home/webleade/glumos.webleader.in/system/CodeIgniter.php(824): App\Controllers\SearchJob->index()
#2 /home/webleade/glumos.webleader.in/system/CodeIgniter.php(410): CodeIgniter\CodeIgniter->runController(Object(App\Controllers\SearchJob))
#3 /home/webleade/glumos.webleader.in/system/CodeIgniter.php(318): CodeIgniter\CodeIgniter->handleRequest(NULL, Object(Config\Cache), false)
#4 /home/webleade/glumos.webleader.in/index.php(37): CodeIgniter\CodeIgniter->run()
#5 {main}
CRITICAL - 2022-01-30 01:21:33 --> Call to a member function join() on null
#0 /home/webleade/glumos.webleader.in/app/Controllers/SearchJob.php(23): App\Models\JobModel->getJobsByTitle('')
#1 /home/webleade/glumos.webleader.in/system/CodeIgniter.php(824): App\Controllers\SearchJob->index()
#2 /home/webleade/glumos.webleader.in/system/CodeIgniter.php(410): CodeIgniter\CodeIgniter->runController(Object(App\Controllers\SearchJob))
#3 /home/webleade/glumos.webleader.in/system/CodeIgniter.php(318): CodeIgniter\CodeIgniter->handleRequest(NULL, Object(Config\Cache), false)
#4 /home/webleade/glumos.webleader.in/index.php(37): CodeIgniter\CodeIgniter->run()
#5 {main}
CRITICAL - 2022-01-30 01:21:35 --> Call to a member function join() on null
#0 /home/webleade/glumos.webleader.in/app/Controllers/SearchJob.php(23): App\Models\JobModel->getJobsByTitle('')
#1 /home/webleade/glumos.webleader.in/system/CodeIgniter.php(824): App\Controllers\SearchJob->index()
#2 /home/webleade/glumos.webleader.in/system/CodeIgniter.php(410): CodeIgniter\CodeIgniter->runController(Object(App\Controllers\SearchJob))
#3 /home/webleade/glumos.webleader.in/system/CodeIgniter.php(318): CodeIgniter\CodeIgniter->handleRequest(NULL, Object(Config\Cache), false)
#4 /home/webleade/glumos.webleader.in/index.php(37): CodeIgniter\CodeIgniter->run()
#5 {main}
CRITICAL - 2022-01-30 01:21:37 --> Call to a member function join() on null
#0 /home/webleade/glumos.webleader.in/app/Controllers/SearchJob.php(23): App\Models\JobModel->getJobsByTitle(' ')
#1 /home/webleade/glumos.webleader.in/system/CodeIgniter.php(824): App\Controllers\SearchJob->index()
#2 /home/webleade/glumos.webleader.in/system/CodeIgniter.php(410): CodeIgniter\CodeIgniter->runController(Object(App\Controllers\SearchJob))
#3 /home/webleade/glumos.webleader.in/system/CodeIgniter.php(318): CodeIgniter\CodeIgniter->handleRequest(NULL, Object(Config\Cache), false)
#4 /home/webleade/glumos.webleader.in/index.php(37): CodeIgniter\CodeIgniter->run()
#5 {main}
CRITICAL - 2022-01-30 01:21:42 --> Call to a member function join() on null
#0 /home/webleade/glumos.webleader.in/app/Controllers/SearchJob.php(23): App\Models\JobModel->getJobsByTitle(' Ant')
#1 /home/webleade/glumos.webleader.in/system/CodeIgniter.php(824): App\Controllers\SearchJob->index()
#2 /home/webleade/glumos.webleader.in/system/CodeIgniter.php(410): CodeIgniter\CodeIgniter->runController(Object(App\Controllers\SearchJob))
#3 /home/webleade/glumos.webleader.in/system/CodeIgniter.php(318): CodeIgniter\CodeIgniter->handleRequest(NULL, Object(Config\Cache), false)
#4 /home/webleade/glumos.webleader.in/index.php(37): CodeIgniter\CodeIgniter->run()
#5 {main}
CRITICAL - 2022-01-30 01:21:47 --> Call to a member function join() on null
#0 /home/webleade/glumos.webleader.in/app/Controllers/SearchJob.php(23): App\Models\JobModel->getJobsByTitle(' Ant')
#1 /home/webleade/glumos.webleader.in/system/CodeIgniter.php(824): App\Controllers\SearchJob->index()
#2 /home/webleade/glumos.webleader.in/system/CodeIgniter.php(410): CodeIgniter\CodeIgniter->runController(Object(App\Controllers\SearchJob))
#3 /home/webleade/glumos.webleader.in/system/CodeIgniter.php(318): CodeIgniter\CodeIgniter->handleRequest(NULL, Object(Config\Cache), false)
#4 /home/webleade/glumos.webleader.in/index.php(37): CodeIgniter\CodeIgniter->run()
#5 {main}
CRITICAL - 2022-01-30 01:23:57 --> count(): Parameter must be an array or an object that implements Countable
#0 [internal function]: CodeIgniter\Debug\Exceptions->errorHandler(2, 'count(): Parame...', '/home/webleade/...', 25, Array)
#1 /home/webleade/glumos.webleader.in/app/Controllers/SearchJob.php(25): count(false)
#2 /home/webleade/glumos.webleader.in/system/CodeIgniter.php(824): App\Controllers\SearchJob->index()
#3 /home/webleade/glumos.webleader.in/system/CodeIgniter.php(410): CodeIgniter\CodeIgniter->runController(Object(App\Controllers\SearchJob))
#4 /home/webleade/glumos.webleader.in/system/CodeIgniter.php(318): CodeIgniter\CodeIgniter->handleRequest(NULL, Object(Config\Cache), false)
#5 /home/webleade/glumos.webleader.in/index.php(37): CodeIgniter\CodeIgniter->run()
#6 {main}
CRITICAL - 2022-01-30 01:23:58 --> count(): Parameter must be an array or an object that implements Countable
#0 [internal function]: CodeIgniter\Debug\Exceptions->errorHandler(2, 'count(): Parame...', '/home/webleade/...', 25, Array)
#1 /home/webleade/glumos.webleader.in/app/Controllers/SearchJob.php(25): count(false)
#2 /home/webleade/glumos.webleader.in/system/CodeIgniter.php(824): App\Controllers\SearchJob->index()
#3 /home/webleade/glumos.webleader.in/system/CodeIgniter.php(410): CodeIgniter\CodeIgniter->runController(Object(App\Controllers\SearchJob))
#4 /home/webleade/glumos.webleader.in/system/CodeIgniter.php(318): CodeIgniter\CodeIgniter->handleRequest(NULL, Object(Config\Cache), false)
#5 /home/webleade/glumos.webleader.in/index.php(37): CodeIgniter\CodeIgniter->run()
#6 {main}
CRITICAL - 2022-01-30 01:24:45 --> count(): Parameter must be an array or an object that implements Countable
#0 [internal function]: CodeIgniter\Debug\Exceptions->errorHandler(2, 'count(): Parame...', '/home/webleade/...', 25, Array)
#1 /home/webleade/glumos.webleader.in/app/Controllers/SearchJob.php(25): count(false)
#2 /home/webleade/glumos.webleader.in/system/CodeIgniter.php(824): App\Controllers\SearchJob->index()
#3 /home/webleade/glumos.webleader.in/system/CodeIgniter.php(410): CodeIgniter\CodeIgniter->runController(Object(App\Controllers\SearchJob))
#4 /home/webleade/glumos.webleader.in/system/CodeIgniter.php(318): CodeIgniter\CodeIgniter->handleRequest(NULL, Object(Config\Cache), false)
#5 /home/webleade/glumos.webleader.in/index.php(37): CodeIgniter\CodeIgniter->run()
#6 {main}
CRITICAL - 2022-01-30 01:31:33 --> count(): Parameter must be an array or an object that implements Countable
#0 [internal function]: CodeIgniter\Debug\Exceptions->errorHandler(2, 'count(): Parame...', '/home/webleade/...', 26, Array)
#1 /home/webleade/glumos.webleader.in/app/Controllers/SearchJob.php(26): count(false)
#2 /home/webleade/glumos.webleader.in/system/CodeIgniter.php(824): App\Controllers\SearchJob->index()
#3 /home/webleade/glumos.webleader.in/system/CodeIgniter.php(410): CodeIgniter\CodeIgniter->runController(Object(App\Controllers\SearchJob))
#4 /home/webleade/glumos.webleader.in/system/CodeIgniter.php(318): CodeIgniter\CodeIgniter->handleRequest(NULL, Object(Config\Cache), false)
#5 /home/webleade/glumos.webleader.in/index.php(37): CodeIgniter\CodeIgniter->run()
#6 {main}
CRITICAL - 2022-01-30 01:31:38 --> count(): Parameter must be an array or an object that implements Countable
#0 [internal function]: CodeIgniter\Debug\Exceptions->errorHandler(2, 'count(): Parame...', '/home/webleade/...', 26, Array)
#1 /home/webleade/glumos.webleader.in/app/Controllers/SearchJob.php(26): count(false)
#2 /home/webleade/glumos.webleader.in/system/CodeIgniter.php(824): App\Controllers\SearchJob->index()
#3 /home/webleade/glumos.webleader.in/system/CodeIgniter.php(410): CodeIgniter\CodeIgniter->runController(Object(App\Controllers\SearchJob))
#4 /home/webleade/glumos.webleader.in/system/CodeIgniter.php(318): CodeIgniter\CodeIgniter->handleRequest(NULL, Object(Config\Cache), false)
#5 /home/webleade/glumos.webleader.in/index.php(37): CodeIgniter\CodeIgniter->run()
#6 {main}
CRITICAL - 2022-01-30 01:31:44 --> count(): Parameter must be an array or an object that implements Countable
#0 [internal function]: CodeIgniter\Debug\Exceptions->errorHandler(2, 'count(): Parame...', '/home/webleade/...', 26, Array)
#1 /home/webleade/glumos.webleader.in/app/Controllers/SearchJob.php(26): count(false)
#2 /home/webleade/glumos.webleader.in/system/CodeIgniter.php(824): App\Controllers\SearchJob->index()
#3 /home/webleade/glumos.webleader.in/system/CodeIgniter.php(410): CodeIgniter\CodeIgniter->runController(Object(App\Controllers\SearchJob))
#4 /home/webleade/glumos.webleader.in/system/CodeIgniter.php(318): CodeIgniter\CodeIgniter->handleRequest(NULL, Object(Config\Cache), false)
#5 /home/webleade/glumos.webleader.in/index.php(37): CodeIgniter\CodeIgniter->run()
#6 {main}
CRITICAL - 2022-01-30 01:32:24 --> count(): Parameter must be an array or an object that implements Countable
#0 [internal function]: CodeIgniter\Debug\Exceptions->errorHandler(2, 'count(): Parame...', '/home/webleade/...', 26, Array)
#1 /home/webleade/glumos.webleader.in/app/Controllers/SearchJob.php(26): count(false)
#2 /home/webleade/glumos.webleader.in/system/CodeIgniter.php(824): App\Controllers\SearchJob->index()
#3 /home/webleade/glumos.webleader.in/system/CodeIgniter.php(410): CodeIgniter\CodeIgniter->runController(Object(App\Controllers\SearchJob))
#4 /home/webleade/glumos.webleader.in/system/CodeIgniter.php(318): CodeIgniter\CodeIgniter->handleRequest(NULL, Object(Config\Cache), false)
#5 /home/webleade/glumos.webleader.in/index.php(37): CodeIgniter\CodeIgniter->run()
#6 {main}
CRITICAL - 2022-01-30 01:32:35 --> count(): Parameter must be an array or an object that implements Countable
#0 [internal function]: CodeIgniter\Debug\Exceptions->errorHandler(2, 'count(): Parame...', '/home/webleade/...', 26, Array)
#1 /home/webleade/glumos.webleader.in/app/Controllers/SearchJob.php(26): count(false)
#2 /home/webleade/glumos.webleader.in/system/CodeIgniter.php(824): App\Controllers\SearchJob->index()
#3 /home/webleade/glumos.webleader.in/system/CodeIgniter.php(410): CodeIgniter\CodeIgniter->runController(Object(App\Controllers\SearchJob))
#4 /home/webleade/glumos.webleader.in/system/CodeIgniter.php(318): CodeIgniter\CodeIgniter->handleRequest(NULL, Object(Config\Cache), false)
#5 /home/webleade/glumos.webleader.in/index.php(37): CodeIgniter\CodeIgniter->run()
#6 {main}
CRITICAL - 2022-01-30 01:40:10 --> count(): Parameter must be an array or an object that implements Countable
#0 [internal function]: CodeIgniter\Debug\Exceptions->errorHandler(2, 'count(): Parame...', '/home/webleade/...', 31, Array)
#1 /home/webleade/glumos.webleader.in/app/Controllers/SearchJob.php(31): count(false)
#2 /home/webleade/glumos.webleader.in/system/CodeIgniter.php(824): App\Controllers\SearchJob->index()
#3 /home/webleade/glumos.webleader.in/system/CodeIgniter.php(410): CodeIgniter\CodeIgniter->runController(Object(App\Controllers\SearchJob))
#4 /home/webleade/glumos.webleader.in/system/CodeIgniter.php(318): CodeIgniter\CodeIgniter->handleRequest(NULL, Object(Config\Cache), false)
#5 /home/webleade/glumos.webleader.in/index.php(37): CodeIgniter\CodeIgniter->run()
#6 {main}
CRITICAL - 2022-01-30 01:40:13 --> count(): Parameter must be an array or an object that implements Countable
#0 [internal function]: CodeIgniter\Debug\Exceptions->errorHandler(2, 'count(): Parame...', '/home/webleade/...', 31, Array)
#1 /home/webleade/glumos.webleader.in/app/Controllers/SearchJob.php(31): count(false)
#2 /home/webleade/glumos.webleader.in/system/CodeIgniter.php(824): App\Controllers\SearchJob->index()
#3 /home/webleade/glumos.webleader.in/system/CodeIgniter.php(410): CodeIgniter\CodeIgniter->runController(Object(App\Controllers\SearchJob))
#4 /home/webleade/glumos.webleader.in/system/CodeIgniter.php(318): CodeIgniter\CodeIgniter->handleRequest(NULL, Object(Config\Cache), false)
#5 /home/webleade/glumos.webleader.in/index.php(37): CodeIgniter\CodeIgniter->run()
#6 {main}
CRITICAL - 2022-01-30 01:40:18 --> count(): Parameter must be an array or an object that implements Countable
#0 [internal function]: CodeIgniter\Debug\Exceptions->errorHandler(2, 'count(): Parame...', '/home/webleade/...', 31, Array)
#1 /home/webleade/glumos.webleader.in/app/Controllers/SearchJob.php(31): count(false)
#2 /home/webleade/glumos.webleader.in/system/CodeIgniter.php(824): App\Controllers\SearchJob->index()
#3 /home/webleade/glumos.webleader.in/system/CodeIgniter.php(410): CodeIgniter\CodeIgniter->runController(Object(App\Controllers\SearchJob))
#4 /home/webleade/glumos.webleader.in/system/CodeIgniter.php(318): CodeIgniter\CodeIgniter->handleRequest(NULL, Object(Config\Cache), false)
#5 /home/webleade/glumos.webleader.in/index.php(37): CodeIgniter\CodeIgniter->run()
#6 {main}
CRITICAL - 2022-01-30 01:41:06 --> count(): Parameter must be an array or an object that implements Countable
#0 [internal function]: CodeIgniter\Debug\Exceptions->errorHandler(2, 'count(): Parame...', '/home/webleade/...', 31, Array)
#1 /home/webleade/glumos.webleader.in/app/Controllers/SearchJob.php(31): count(false)
#2 /home/webleade/glumos.webleader.in/system/CodeIgniter.php(824): App\Controllers\SearchJob->index()
#3 /home/webleade/glumos.webleader.in/system/CodeIgniter.php(410): CodeIgniter\CodeIgniter->runController(Object(App\Controllers\SearchJob))
#4 /home/webleade/glumos.webleader.in/system/CodeIgniter.php(318): CodeIgniter\CodeIgniter->handleRequest(NULL, Object(Config\Cache), false)
#5 /home/webleade/glumos.webleader.in/index.php(37): CodeIgniter\CodeIgniter->run()
#6 {main}
CRITICAL - 2022-01-30 01:48:29 --> count(): Parameter must be an array or an object that implements Countable
#0 [internal function]: CodeIgniter\Debug\Exceptions->errorHandler(2, 'count(): Parame...', '/home/webleade/...', 31, Array)
#1 /home/webleade/glumos.webleader.in/app/Controllers/SearchJob.php(31): count(false)
#2 /home/webleade/glumos.webleader.in/system/CodeIgniter.php(824): App\Controllers\SearchJob->index()
#3 /home/webleade/glumos.webleader.in/system/CodeIgniter.php(410): CodeIgniter\CodeIgniter->runController(Object(App\Controllers\SearchJob))
#4 /home/webleade/glumos.webleader.in/system/CodeIgniter.php(318): CodeIgniter\CodeIgniter->handleRequest(NULL, Object(Config\Cache), false)
#5 /home/webleade/glumos.webleader.in/index.php(37): CodeIgniter\CodeIgniter->run()
#6 {main}
CRITICAL - 2022-01-30 01:48:32 --> count(): Parameter must be an array or an object that implements Countable
#0 [internal function]: CodeIgniter\Debug\Exceptions->errorHandler(2, 'count(): Parame...', '/home/webleade/...', 31, Array)
#1 /home/webleade/glumos.webleader.in/app/Controllers/SearchJob.php(31): count(false)
#2 /home/webleade/glumos.webleader.in/system/CodeIgniter.php(824): App\Controllers\SearchJob->index()
#3 /home/webleade/glumos.webleader.in/system/CodeIgniter.php(410): CodeIgniter\CodeIgniter->runController(Object(App\Controllers\SearchJob))
#4 /home/webleade/glumos.webleader.in/system/CodeIgniter.php(318): CodeIgniter\CodeIgniter->handleRequest(NULL, Object(Config\Cache), false)
#5 /home/webleade/glumos.webleader.in/index.php(37): CodeIgniter\CodeIgniter->run()
#6 {main}
CRITICAL - 2022-01-30 01:48:36 --> count(): Parameter must be an array or an object that implements Countable
#0 [internal function]: CodeIgniter\Debug\Exceptions->errorHandler(2, 'count(): Parame...', '/home/webleade/...', 31, Array)
#1 /home/webleade/glumos.webleader.in/app/Controllers/SearchJob.php(31): count(false)
#2 /home/webleade/glumos.webleader.in/system/CodeIgniter.php(824): App\Controllers\SearchJob->index()
#3 /home/webleade/glumos.webleader.in/system/CodeIgniter.php(410): CodeIgniter\CodeIgniter->runController(Object(App\Controllers\SearchJob))
#4 /home/webleade/glumos.webleader.in/system/CodeIgniter.php(318): CodeIgniter\CodeIgniter->handleRequest(NULL, Object(Config\Cache), false)
#5 /home/webleade/glumos.webleader.in/index.php(37): CodeIgniter\CodeIgniter->run()
#6 {main}
CRITICAL - 2022-01-30 01:48:40 --> count(): Parameter must be an array or an object that implements Countable
#0 [internal function]: CodeIgniter\Debug\Exceptions->errorHandler(2, 'count(): Parame...', '/home/webleade/...', 31, Array)
#1 /home/webleade/glumos.webleader.in/app/Controllers/SearchJob.php(31): count(false)
#2 /home/webleade/glumos.webleader.in/system/CodeIgniter.php(824): App\Controllers\SearchJob->index()
#3 /home/webleade/glumos.webleader.in/system/CodeIgniter.php(410): CodeIgniter\CodeIgniter->runController(Object(App\Controllers\SearchJob))
#4 /home/webleade/glumos.webleader.in/system/CodeIgniter.php(318): CodeIgniter\CodeIgniter->handleRequest(NULL, Object(Config\Cache), false)
#5 /home/webleade/glumos.webleader.in/index.php(37): CodeIgniter\CodeIgniter->run()
#6 {main}
CRITICAL - 2022-01-30 01:49:15 --> count(): Parameter must be an array or an object that implements Countable
#0 [internal function]: CodeIgniter\Debug\Exceptions->errorHandler(2, 'count(): Parame...', '/home/webleade/...', 31, Array)
#1 /home/webleade/glumos.webleader.in/app/Controllers/SearchJob.php(31): count(NULL)
#2 /home/webleade/glumos.webleader.in/system/CodeIgniter.php(824): App\Controllers\SearchJob->index()
#3 /home/webleade/glumos.webleader.in/system/CodeIgniter.php(410): CodeIgniter\CodeIgniter->runController(Object(App\Controllers\SearchJob))
#4 /home/webleade/glumos.webleader.in/system/CodeIgniter.php(318): CodeIgniter\CodeIgniter->handleRequest(NULL, Object(Config\Cache), false)
#5 /home/webleade/glumos.webleader.in/index.php(37): CodeIgniter\CodeIgniter->run()
#6 {main}
CRITICAL - 2022-01-30 01:49:17 --> count(): Parameter must be an array or an object that implements Countable
#0 [internal function]: CodeIgniter\Debug\Exceptions->errorHandler(2, 'count(): Parame...', '/home/webleade/...', 31, Array)
#1 /home/webleade/glumos.webleader.in/app/Controllers/SearchJob.php(31): count(NULL)
#2 /home/webleade/glumos.webleader.in/system/CodeIgniter.php(824): App\Controllers\SearchJob->index()
#3 /home/webleade/glumos.webleader.in/system/CodeIgniter.php(410): CodeIgniter\CodeIgniter->runController(Object(App\Controllers\SearchJob))
#4 /home/webleade/glumos.webleader.in/system/CodeIgniter.php(318): CodeIgniter\CodeIgniter->handleRequest(NULL, Object(Config\Cache), false)
#5 /home/webleade/glumos.webleader.in/index.php(37): CodeIgniter\CodeIgniter->run()
#6 {main}
CRITICAL - 2022-01-30 01:49:18 --> count(): Parameter must be an array or an object that implements Countable
#0 [internal function]: CodeIgniter\Debug\Exceptions->errorHandler(2, 'count(): Parame...', '/home/webleade/...', 31, Array)
#1 /home/webleade/glumos.webleader.in/app/Controllers/SearchJob.php(31): count(NULL)
#2 /home/webleade/glumos.webleader.in/system/CodeIgniter.php(824): App\Controllers\SearchJob->index()
#3 /home/webleade/glumos.webleader.in/system/CodeIgniter.php(410): CodeIgniter\CodeIgniter->runController(Object(App\Controllers\SearchJob))
#4 /home/webleade/glumos.webleader.in/system/CodeIgniter.php(318): CodeIgniter\CodeIgniter->handleRequest(NULL, Object(Config\Cache), false)
#5 /home/webleade/glumos.webleader.in/index.php(37): CodeIgniter\CodeIgniter->run()
#6 {main}
CRITICAL - 2022-01-30 01:49:52 --> count(): Parameter must be an array or an object that implements Countable
#0 [internal function]: CodeIgniter\Debug\Exceptions->errorHandler(2, 'count(): Parame...', '/home/webleade/...', 31, Array)
#1 /home/webleade/glumos.webleader.in/app/Controllers/SearchJob.php(31): count(NULL)
#2 /home/webleade/glumos.webleader.in/system/CodeIgniter.php(824): App\Controllers\SearchJob->index()
#3 /home/webleade/glumos.webleader.in/system/CodeIgniter.php(410): CodeIgniter\CodeIgniter->runController(Object(App\Controllers\SearchJob))
#4 /home/webleade/glumos.webleader.in/system/CodeIgniter.php(318): CodeIgniter\CodeIgniter->handleRequest(NULL, Object(Config\Cache), false)
#5 /home/webleade/glumos.webleader.in/index.php(37): CodeIgniter\CodeIgniter->run()
#6 {main}
CRITICAL - 2022-01-30 02:12:25 --> syntax error, unexpected '}', expecting identifier (T_STRING) or variable (T_VARIABLE) or '{' or '$'
#0 /home/webleade/glumos.webleader.in/system/Autoloader/Autoloader.php(241): CodeIgniter\Autoloader\Autoloader->includeFile('/home/webleade/...')
#1 /home/webleade/glumos.webleader.in/system/Autoloader/Autoloader.php(219): CodeIgniter\Autoloader\Autoloader->loadInNamespace('App\\Controllers...')
#2 [internal function]: CodeIgniter\Autoloader\Autoloader->loadClass('App\\Controllers...')
#3 [internal function]: spl_autoload_call('App\\Controllers...')
#4 /home/webleade/glumos.webleader.in/system/CodeIgniter.php(789): class_exists('\\App\\Controller...', true)
#5 /home/webleade/glumos.webleader.in/system/CodeIgniter.php(397): CodeIgniter\CodeIgniter->startController()
#6 /home/webleade/glumos.webleader.in/system/CodeIgniter.php(318): CodeIgniter\CodeIgniter->handleRequest(NULL, Object(Config\Cache), false)
#7 /home/webleade/glumos.webleader.in/index.php(37): CodeIgniter\CodeIgniter->run()
#8 {main}
ERROR - 2022-01-30 02:25:46 --> Column 'id' in order clause is ambiguous
CRITICAL - 2022-01-30 02:25:46 --> Call to a member function getResult() on bool
#0 /home/webleade/glumos.webleader.in/app/Controllers/SearchJob.php(43): App\Models\JobModel->filterJobs('260', '10', NULL, '0', 0)
#1 /home/webleade/glumos.webleader.in/system/CodeIgniter.php(824): App\Controllers\SearchJob->filter()
#2 /home/webleade/glumos.webleader.in/system/CodeIgniter.php(410): CodeIgniter\CodeIgniter->runController(Object(App\Controllers\SearchJob))
#3 /home/webleade/glumos.webleader.in/system/CodeIgniter.php(318): CodeIgniter\CodeIgniter->handleRequest(NULL, Object(Config\Cache), false)
#4 /home/webleade/glumos.webleader.in/index.php(37): CodeIgniter\CodeIgniter->run()
#5 {main}
ERROR - 2022-01-30 02:25:48 --> Column 'id' in order clause is ambiguous
CRITICAL - 2022-01-30 02:25:48 --> Call to a member function getResult() on bool
#0 /home/webleade/glumos.webleader.in/app/Controllers/SearchJob.php(43): App\Models\JobModel->filterJobs('260', '10', NULL, '1', 0)
#1 /home/webleade/glumos.webleader.in/system/CodeIgniter.php(824): App\Controllers\SearchJob->filter()
#2 /home/webleade/glumos.webleader.in/system/CodeIgniter.php(410): CodeIgniter\CodeIgniter->runController(Object(App\Controllers\SearchJob))
#3 /home/webleade/glumos.webleader.in/system/CodeIgniter.php(318): CodeIgniter\CodeIgniter->handleRequest(NULL, Object(Config\Cache), false)
#4 /home/webleade/glumos.webleader.in/index.php(37): CodeIgniter\CodeIgniter->run()
#5 {main}
ERROR - 2022-01-30 02:26:18 --> Column 'id' in order clause is ambiguous
CRITICAL - 2022-01-30 02:26:18 --> Call to a member function getResult() on bool
#0 /home/webleade/glumos.webleader.in/app/Controllers/SearchJob.php(43): App\Models\JobModel->filterJobs('260', '10', NULL, '0', 0)
#1 /home/webleade/glumos.webleader.in/system/CodeIgniter.php(824): App\Controllers\SearchJob->filter()
#2 /home/webleade/glumos.webleader.in/system/CodeIgniter.php(410): CodeIgniter\CodeIgniter->runController(Object(App\Controllers\SearchJob))
#3 /home/webleade/glumos.webleader.in/system/CodeIgniter.php(318): CodeIgniter\CodeIgniter->handleRequest(NULL, Object(Config\Cache), false)
#4 /home/webleade/glumos.webleader.in/index.php(37): CodeIgniter\CodeIgniter->run()
#5 {main}
CRITICAL - 2022-01-30 03:53:58 --> Call to undefined function App\Controllers\print_ra()
#0 /home/webleade/glumos.webleader.in/system/CodeIgniter.php(824): App\Controllers\PostJob->testSubmission()
#1 /home/webleade/glumos.webleader.in/system/CodeIgniter.php(410): CodeIgniter\CodeIgniter->runController(Object(App\Controllers\PostJob))
#2 /home/webleade/glumos.webleader.in/system/CodeIgniter.php(318): CodeIgniter\CodeIgniter->handleRequest(NULL, Object(Config\Cache), false)
#3 /home/webleade/glumos.webleader.in/index.php(37): CodeIgniter\CodeIgniter->run()
#4 {main}
CRITICAL - 2022-01-30 06:34:26 --> Division by zero
#0 /home/webleade/glumos.webleader.in/app/Controllers/PostJob.php(121): CodeIgniter\Debug\Exceptions->errorHandler(2, 'Division by zer...', '/home/webleade/...', 121, Array)
#1 /home/webleade/glumos.webleader.in/system/CodeIgniter.php(824): App\Controllers\PostJob->testSubmission()
#2 /home/webleade/glumos.webleader.in/system/CodeIgniter.php(410): CodeIgniter\CodeIgniter->runController(Object(App\Controllers\PostJob))
#3 /home/webleade/glumos.webleader.in/system/CodeIgniter.php(318): CodeIgniter\CodeIgniter->handleRequest(NULL, Object(Config\Cache), false)
#4 /home/webleade/glumos.webleader.in/index.php(37): CodeIgniter\CodeIgniter->run()
#5 {main}
CRITICAL - 2022-01-30 07:48:09 --> syntax error, unexpected '}', expecting end of file
#0 /home/webleade/glumos.webleader.in/system/View/View.php(217): CodeIgniter\View\View->CodeIgniter\View\{closure}()
#1 /home/webleade/glumos.webleader.in/system/View/View.php(432): CodeIgniter\View\View->render('front/user/dash...', NULL, true)
#2 /home/webleade/glumos.webleader.in/app/Views/front/user/index.php(49): CodeIgniter\View\View->include('front/user/dash...')
#3 /home/webleade/glumos.webleader.in/system/View/View.php(214): include('/home/webleade/...')
#4 /home/webleade/glumos.webleader.in/system/View/View.php(217): CodeIgniter\View\View->CodeIgniter\View\{closure}()
#5 /home/webleade/glumos.webleader.in/system/Common.php(1097): CodeIgniter\View\View->render('front/user/inde...', Array, true)
#6 /home/webleade/glumos.webleader.in/app/Controllers/Dashboard.php(75): view('front/user/inde...', Array)
#7 /home/webleade/glumos.webleader.in/system/CodeIgniter.php(824): App\Controllers\Dashboard->userAuth()
#8 /home/webleade/glumos.webleader.in/system/CodeIgniter.php(410): CodeIgniter\CodeIgniter->runController(Object(App\Controllers\Dashboard))
#9 /home/webleade/glumos.webleader.in/system/CodeIgniter.php(318): CodeIgniter\CodeIgniter->handleRequest(NULL, Object(Config\Cache), false)
#10 /home/webleade/glumos.webleader.in/index.php(37): CodeIgniter\CodeIgniter->run()
#11 {main}
ERROR - 2022-01-30 07:52:09 --> Unknown column 'job_posts.id' in 'on clause'
CRITICAL - 2022-01-30 07:52:09 --> Call to a member function getResult() on bool
#0 /home/webleade/glumos.webleader.in/app/Controllers/Dashboard.php(67): App\Models\Template->getMyApplication('4')
#1 /home/webleade/glumos.webleader.in/system/CodeIgniter.php(824): App\Controllers\Dashboard->userAuth()
#2 /home/webleade/glumos.webleader.in/system/CodeIgniter.php(410): CodeIgniter\CodeIgniter->runController(Object(App\Controllers\Dashboard))
#3 /home/webleade/glumos.webleader.in/system/CodeIgniter.php(318): CodeIgniter\CodeIgniter->handleRequest(NULL, Object(Config\Cache), false)
#4 /home/webleade/glumos.webleader.in/index.php(37): CodeIgniter\CodeIgniter->run()
#5 {main}
ERROR - 2022-01-30 07:52:48 --> Unknown column 'job_posts.id' in 'on clause'
CRITICAL - 2022-01-30 07:52:48 --> Call to a member function getResult() on bool
#0 /home/webleade/glumos.webleader.in/app/Controllers/Dashboard.php(67): App\Models\Template->getMyApplication('4')
#1 /home/webleade/glumos.webleader.in/system/CodeIgniter.php(824): App\Controllers\Dashboard->userAuth()
#2 /home/webleade/glumos.webleader.in/system/CodeIgniter.php(410): CodeIgniter\CodeIgniter->runController(Object(App\Controllers\Dashboard))
#3 /home/webleade/glumos.webleader.in/system/CodeIgniter.php(318): CodeIgniter\CodeIgniter->handleRequest(NULL, Object(Config\Cache), false)
#4 /home/webleade/glumos.webleader.in/index.php(37): CodeIgniter\CodeIgniter->run()
#5 {main}
ERROR - 2022-01-30 07:52:50 --> Unknown column 'job_posts.id' in 'on clause'
CRITICAL - 2022-01-30 07:52:50 --> Call to a member function getResult() on bool
#0 /home/webleade/glumos.webleader.in/app/Controllers/Dashboard.php(67): App\Models\Template->getMyApplication('4')
#1 /home/webleade/glumos.webleader.in/system/CodeIgniter.php(824): App\Controllers\Dashboard->userAuth()
#2 /home/webleade/glumos.webleader.in/system/CodeIgniter.php(410): CodeIgniter\CodeIgniter->runController(Object(App\Controllers\Dashboard))
#3 /home/webleade/glumos.webleader.in/system/CodeIgniter.php(318): CodeIgniter\CodeIgniter->handleRequest(NULL, Object(Config\Cache), false)
#4 /home/webleade/glumos.webleader.in/index.php(37): CodeIgniter\CodeIgniter->run()
#5 {main}
