CRITICAL - 2022-02-15 05:53:26 --> Invalid timestamp: can be no more than five years in the future
#0 /home/webleade/glumos.webleader.in/vendor/stripe/stripe-php/lib/Exception/InvalidRequestException.php(35): Stripe\Exception\ApiErrorException::factory('Invalid timesta...', 400, '{\n  "error": {\n...', Array, Object(Stripe\Util\CaseInsensitiveArray), NULL)
#1 /home/webleade/glumos.webleader.in/vendor/stripe/stripe-php/lib/ApiRequestor.php(213): Stripe\Exception\InvalidRequestException::factory('Invalid timesta...', 400, '{\n  "error": {\n...', Array, Object(Stripe\Util\CaseInsensitiveArray), NULL, 'trial_end')
#2 /home/webleade/glumos.webleader.in/vendor/stripe/stripe-php/lib/ApiRequestor.php(175): Stripe\ApiRequestor::_specificAPIError('{\n  "error": {\n...', 400, Object(Stripe\Util\CaseInsensitiveArray), Array, Array)
#3 /home/webleade/glumos.webleader.in/vendor/stripe/stripe-php/lib/ApiRequestor.php(560): Stripe\ApiRequestor->handleErrorResponse('{\n  "error": {\n...', 400, Object(Stripe\Util\CaseInsensitiveArray), Array)
#4 /home/webleade/glumos.webleader.in/vendor/stripe/stripe-php/lib/ApiRequestor.php(124): Stripe\ApiRequestor->_interpretResponse('{\n  "error": {\n...', 400, Object(Stripe\Util\CaseInsensitiveArray))
#5 /home/webleade/glumos.webleader.in/vendor/stripe/stripe-php/lib/BaseStripeClient.php(134): Stripe\ApiRequestor->request('post', '/v1/subscriptio...', Array, Array)
#6 /home/webleade/glumos.webleader.in/vendor/stripe/stripe-php/lib/Service/AbstractService.php(75): Stripe\BaseStripeClient->request('post', '/v1/subscriptio...', Array, Object(Stripe\Util\RequestOptions))
#7 /home/webleade/glumos.webleader.in/vendor/stripe/stripe-php/lib/Service/SubscriptionService.php(70): Stripe\Service\AbstractService->request('post', '/v1/subscriptio...', Array, NULL)
#8 /home/webleade/glumos.webleader.in/app/Controllers/Checkout.php(64): Stripe\Service\SubscriptionService->create(Array)
#9 /home/webleade/glumos.webleader.in/system/CodeIgniter.php(824): App\Controllers\Checkout->process()
#10 /home/webleade/glumos.webleader.in/system/CodeIgniter.php(410): CodeIgniter\CodeIgniter->runController(Object(App\Controllers\Checkout))
#11 /home/webleade/glumos.webleader.in/system/CodeIgniter.php(318): CodeIgniter\CodeIgniter->handleRequest(NULL, Object(Config\Cache), false)
#12 /home/webleade/glumos.webleader.in/index.php(37): CodeIgniter\CodeIgniter->run()
#13 {main}
CRITICAL - 2022-02-15 05:56:40 --> Invalid trial_end: must be one of now
#0 /home/webleade/glumos.webleader.in/vendor/stripe/stripe-php/lib/Exception/InvalidRequestException.php(35): Stripe\Exception\ApiErrorException::factory('Invalid trial_e...', 400, '{\n  "error": {\n...', Array, Object(Stripe\Util\CaseInsensitiveArray), NULL)
#1 /home/webleade/glumos.webleader.in/vendor/stripe/stripe-php/lib/ApiRequestor.php(213): Stripe\Exception\InvalidRequestException::factory('Invalid trial_e...', 400, '{\n  "error": {\n...', Array, Object(Stripe\Util\CaseInsensitiveArray), NULL, 'trial_end')
#2 /home/webleade/glumos.webleader.in/vendor/stripe/stripe-php/lib/ApiRequestor.php(175): Stripe\ApiRequestor::_specificAPIError('{\n  "error": {\n...', 400, Object(Stripe\Util\CaseInsensitiveArray), Array, Array)
#3 /home/webleade/glumos.webleader.in/vendor/stripe/stripe-php/lib/ApiRequestor.php(560): Stripe\ApiRequestor->handleErrorResponse('{\n  "error": {\n...', 400, Object(Stripe\Util\CaseInsensitiveArray), Array)
#4 /home/webleade/glumos.webleader.in/vendor/stripe/stripe-php/lib/ApiRequestor.php(124): Stripe\ApiRequestor->_interpretResponse('{\n  "error": {\n...', 400, Object(Stripe\Util\CaseInsensitiveArray))
#5 /home/webleade/glumos.webleader.in/vendor/stripe/stripe-php/lib/BaseStripeClient.php(134): Stripe\ApiRequestor->request('post', '/v1/subscriptio...', Array, Array)
#6 /home/webleade/glumos.webleader.in/vendor/stripe/stripe-php/lib/Service/AbstractService.php(75): Stripe\BaseStripeClient->request('post', '/v1/subscriptio...', Array, Object(Stripe\Util\RequestOptions))
#7 /home/webleade/glumos.webleader.in/vendor/stripe/stripe-php/lib/Service/SubscriptionService.php(70): Stripe\Service\AbstractService->request('post', '/v1/subscriptio...', Array, NULL)
#8 /home/webleade/glumos.webleader.in/app/Controllers/Checkout.php(64): Stripe\Service\SubscriptionService->create(Array)
#9 /home/webleade/glumos.webleader.in/system/CodeIgniter.php(824): App\Controllers\Checkout->process()
#10 /home/webleade/glumos.webleader.in/system/CodeIgniter.php(410): CodeIgniter\CodeIgniter->runController(Object(App\Controllers\Checkout))
#11 /home/webleade/glumos.webleader.in/system/CodeIgniter.php(318): CodeIgniter\CodeIgniter->handleRequest(NULL, Object(Config\Cache), false)
#12 /home/webleade/glumos.webleader.in/index.php(37): CodeIgniter\CodeIgniter->run()
#13 {main}
CRITICAL - 2022-02-15 06:02:17 --> time() expects exactly 0 parameters, 1 given
#0 [internal function]: CodeIgniter\Debug\Exceptions->errorHandler(2, 'time() expects ...', '/home/webleade/...', 67, Array)
#1 /home/webleade/glumos.webleader.in/app/Views/subscription/checkout.php(67): time('2022-03-17')
#2 /home/webleade/glumos.webleader.in/system/View/View.php(214): include('/home/webleade/...')
#3 /home/webleade/glumos.webleader.in/system/View/View.php(217): CodeIgniter\View\View->CodeIgniter\View\{closure}()
#4 /home/webleade/glumos.webleader.in/system/Common.php(1097): CodeIgniter\View\View->render('subscription/ch...', Array, true)
#5 /home/webleade/glumos.webleader.in/app/Controllers/Checkout.php(27): view('subscription/ch...', Array)
#6 /home/webleade/glumos.webleader.in/system/CodeIgniter.php(824): App\Controllers\Checkout->index()
#7 /home/webleade/glumos.webleader.in/system/CodeIgniter.php(410): CodeIgniter\CodeIgniter->runController(Object(App\Controllers\Checkout))
#8 /home/webleade/glumos.webleader.in/system/CodeIgniter.php(318): CodeIgniter\CodeIgniter->handleRequest(NULL, Object(Config\Cache), false)
#9 /home/webleade/glumos.webleader.in/index.php(37): CodeIgniter\CodeIgniter->run()
#10 {main}
CRITICAL - 2022-02-15 06:07:29 --> Your card was declined. Your request was in test mode, but used a non test (live) card. For a list of valid test cards, visit: https://stripe.com/docs/testing.
#0 /home/webleade/glumos.webleader.in/vendor/stripe/stripe-php/lib/Exception/CardException.php(38): Stripe\Exception\ApiErrorException::factory('Your card was d...', 402, '{\n  "error": {\n...', Array, Object(Stripe\Util\CaseInsensitiveArray), 'card_declined')
#1 /home/webleade/glumos.webleader.in/vendor/stripe/stripe-php/lib/ApiRequestor.php(219): Stripe\Exception\CardException::factory('Your card was d...', 402, '{\n  "error": {\n...', Array, Object(Stripe\Util\CaseInsensitiveArray), 'card_declined', 'test_mode_live_...', '')
#2 /home/webleade/glumos.webleader.in/vendor/stripe/stripe-php/lib/ApiRequestor.php(175): Stripe\ApiRequestor::_specificAPIError('{\n  "error": {\n...', 402, Object(Stripe\Util\CaseInsensitiveArray), Array, Array)
#3 /home/webleade/glumos.webleader.in/vendor/stripe/stripe-php/lib/ApiRequestor.php(560): Stripe\ApiRequestor->handleErrorResponse('{\n  "error": {\n...', 402, Object(Stripe\Util\CaseInsensitiveArray), Array)
#4 /home/webleade/glumos.webleader.in/vendor/stripe/stripe-php/lib/ApiRequestor.php(124): Stripe\ApiRequestor->_interpretResponse('{\n  "error": {\n...', 402, Object(Stripe\Util\CaseInsensitiveArray))
#5 /home/webleade/glumos.webleader.in/vendor/stripe/stripe-php/lib/BaseStripeClient.php(134): Stripe\ApiRequestor->request('post', '/v1/customers', Array, Array)
#6 /home/webleade/glumos.webleader.in/vendor/stripe/stripe-php/lib/Service/AbstractService.php(75): Stripe\BaseStripeClient->request('post', '/v1/customers', Array, Object(Stripe\Util\RequestOptions))
#7 /home/webleade/glumos.webleader.in/vendor/stripe/stripe-php/lib/Service/CustomerService.php(102): Stripe\Service\AbstractService->request('post', '/v1/customers', Array, NULL)
#8 /home/webleade/glumos.webleader.in/app/Controllers/Checkout.php(46): Stripe\Service\CustomerService->create(Array)
#9 /home/webleade/glumos.webleader.in/system/CodeIgniter.php(824): App\Controllers\Checkout->process()
#10 /home/webleade/glumos.webleader.in/system/CodeIgniter.php(410): CodeIgniter\CodeIgniter->runController(Object(App\Controllers\Checkout))
#11 /home/webleade/glumos.webleader.in/system/CodeIgniter.php(318): CodeIgniter\CodeIgniter->handleRequest(NULL, Object(Config\Cache), false)
#12 /home/webleade/glumos.webleader.in/index.php(37): CodeIgniter\CodeIgniter->run()
#13 {main}
