CRITICAL - 2022-02-08 01:32:37 --> No API key provided.  (HINT: set your API key using "Stripe::setApiKey(<API-KEY>)".  You can generate API keys from the Stripe web interface.  See https://stripe.com/api for details, or email support@stripe.com if you have any questions.
#0 /home/webleade/glumos.webleader.in/vendor/stripe/stripe-php/lib/ApiRequestor.php(448): Stripe\ApiRequestor->_prepareRequest('post', '/v1/checkout/se...', Array, Array)
#1 /home/webleade/glumos.webleader.in/vendor/stripe/stripe-php/lib/ApiRequestor.php(123): Stripe\ApiRequestor->_requestRaw('post', '/v1/checkout/se...', Array, Array)
#2 /home/webleade/glumos.webleader.in/vendor/stripe/stripe-php/lib/ApiOperations/Request.php(78): Stripe\ApiRequestor->request('post', '/v1/checkout/se...', Array, Array)
#3 /home/webleade/glumos.webleader.in/vendor/stripe/stripe-php/lib/ApiOperations/Create.php(25): Stripe\ApiResource::_staticRequest('post', '/v1/checkout/se...', Array, NULL)
#4 /home/webleade/glumos.webleader.in/app/Controllers/Checkout.php(58): Stripe\Checkout\Session::create(Array)
#5 /home/webleade/glumos.webleader.in/system/CodeIgniter.php(824): App\Controllers\Checkout->process()
#6 /home/webleade/glumos.webleader.in/system/CodeIgniter.php(410): CodeIgniter\CodeIgniter->runController(Object(App\Controllers\Checkout))
#7 /home/webleade/glumos.webleader.in/system/CodeIgniter.php(318): CodeIgniter\CodeIgniter->handleRequest(NULL, Object(Config\Cache), false)
#8 /home/webleade/glumos.webleader.in/index.php(37): CodeIgniter\CodeIgniter->run()
#9 {main}
CRITICAL - 2022-02-08 01:35:00 --> Call to a member function create() on null
#0 /home/webleade/glumos.webleader.in/system/CodeIgniter.php(824): App\Controllers\Checkout->process()
#1 /home/webleade/glumos.webleader.in/system/CodeIgniter.php(410): CodeIgniter\CodeIgniter->runController(Object(App\Controllers\Checkout))
#2 /home/webleade/glumos.webleader.in/system/CodeIgniter.php(318): CodeIgniter\CodeIgniter->handleRequest(NULL, Object(Config\Cache), false)
#3 /home/webleade/glumos.webleader.in/index.php(37): CodeIgniter\CodeIgniter->run()
#4 {main}
CRITICAL - 2022-02-08 01:39:21 --> Class 'Stripe\setApiKey' not found
#0 /home/webleade/glumos.webleader.in/system/CodeIgniter.php(824): App\Controllers\Checkout->process()
#1 /home/webleade/glumos.webleader.in/system/CodeIgniter.php(410): CodeIgniter\CodeIgniter->runController(Object(App\Controllers\Checkout))
#2 /home/webleade/glumos.webleader.in/system/CodeIgniter.php(318): CodeIgniter\CodeIgniter->handleRequest(NULL, Object(Config\Cache), false)
#3 /home/webleade/glumos.webleader.in/index.php(37): CodeIgniter\CodeIgniter->run()
#4 {main}
CRITICAL - 2022-02-08 01:40:39 --> Class 'Stripe\Stripe\setApiKey' not found
#0 /home/webleade/glumos.webleader.in/system/CodeIgniter.php(824): App\Controllers\Checkout->process()
#1 /home/webleade/glumos.webleader.in/system/CodeIgniter.php(410): CodeIgniter\CodeIgniter->runController(Object(App\Controllers\Checkout))
#2 /home/webleade/glumos.webleader.in/system/CodeIgniter.php(318): CodeIgniter\CodeIgniter->handleRequest(NULL, Object(Config\Cache), false)
#3 /home/webleade/glumos.webleader.in/index.php(37): CodeIgniter\CodeIgniter->run()
#4 {main}
CRITICAL - 2022-02-08 01:41:44 --> Class 'Stripe\Stripe\setApiKey' not found
#0 /home/webleade/glumos.webleader.in/system/CodeIgniter.php(824): App\Controllers\Checkout->process()
#1 /home/webleade/glumos.webleader.in/system/CodeIgniter.php(410): CodeIgniter\CodeIgniter->runController(Object(App\Controllers\Checkout))
#2 /home/webleade/glumos.webleader.in/system/CodeIgniter.php(318): CodeIgniter\CodeIgniter->handleRequest(NULL, Object(Config\Cache), false)
#3 /home/webleade/glumos.webleader.in/index.php(37): CodeIgniter\CodeIgniter->run()
#4 {main}
CRITICAL - 2022-02-08 01:44:47 --> No such price: '{{price_1KQVlPSCjlZC91Z1VjO8qZfD}}'
#0 /home/webleade/glumos.webleader.in/vendor/stripe/stripe-php/lib/Exception/InvalidRequestException.php(35): Stripe\Exception\ApiErrorException::factory('No such price: ...', 400, '{\n  "error": {\n...', Array, Object(Stripe\Util\CaseInsensitiveArray), 'resource_missin...')
#1 /home/webleade/glumos.webleader.in/vendor/stripe/stripe-php/lib/ApiRequestor.php(213): Stripe\Exception\InvalidRequestException::factory('No such price: ...', 400, '{\n  "error": {\n...', Array, Object(Stripe\Util\CaseInsensitiveArray), 'resource_missin...', 'line_items[0][p...')
#2 /home/webleade/glumos.webleader.in/vendor/stripe/stripe-php/lib/ApiRequestor.php(175): Stripe\ApiRequestor::_specificAPIError('{\n  "error": {\n...', 400, Object(Stripe\Util\CaseInsensitiveArray), Array, Array)
#3 /home/webleade/glumos.webleader.in/vendor/stripe/stripe-php/lib/ApiRequestor.php(560): Stripe\ApiRequestor->handleErrorResponse('{\n  "error": {\n...', 400, Object(Stripe\Util\CaseInsensitiveArray), Array)
#4 /home/webleade/glumos.webleader.in/vendor/stripe/stripe-php/lib/ApiRequestor.php(124): Stripe\ApiRequestor->_interpretResponse('{\n  "error": {\n...', 400, Object(Stripe\Util\CaseInsensitiveArray))
#5 /home/webleade/glumos.webleader.in/vendor/stripe/stripe-php/lib/ApiOperations/Request.php(78): Stripe\ApiRequestor->request('post', '/v1/checkout/se...', Array, Array)
#6 /home/webleade/glumos.webleader.in/vendor/stripe/stripe-php/lib/ApiOperations/Create.php(25): Stripe\ApiResource::_staticRequest('post', '/v1/checkout/se...', Array, NULL)
#7 /home/webleade/glumos.webleader.in/app/Controllers/Checkout.php(60): Stripe\Checkout\Session::create(Array)
#8 /home/webleade/glumos.webleader.in/system/CodeIgniter.php(824): App\Controllers\Checkout->process()
#9 /home/webleade/glumos.webleader.in/system/CodeIgniter.php(410): CodeIgniter\CodeIgniter->runController(Object(App\Controllers\Checkout))
#10 /home/webleade/glumos.webleader.in/system/CodeIgniter.php(318): CodeIgniter\CodeIgniter->handleRequest(NULL, Object(Config\Cache), false)
#11 /home/webleade/glumos.webleader.in/index.php(37): CodeIgniter\CodeIgniter->run()
#12 {main}
CRITICAL - 2022-02-08 01:46:17 --> You cannot use a Stripe token more than once: tok_1KQoNUSCjlZC91Z1NpSfo8aH.
#0 /home/webleade/glumos.webleader.in/vendor/stripe/stripe-php/lib/Exception/InvalidRequestException.php(35): Stripe\Exception\ApiErrorException::factory('You cannot use ...', 400, '{\n  "error": {\n...', Array, Object(Stripe\Util\CaseInsensitiveArray), 'token_already_u...')
#1 /home/webleade/glumos.webleader.in/vendor/stripe/stripe-php/lib/ApiRequestor.php(213): Stripe\Exception\InvalidRequestException::factory('You cannot use ...', 400, '{\n  "error": {\n...', Array, Object(Stripe\Util\CaseInsensitiveArray), 'token_already_u...', NULL)
#2 /home/webleade/glumos.webleader.in/vendor/stripe/stripe-php/lib/ApiRequestor.php(175): Stripe\ApiRequestor::_specificAPIError('{\n  "error": {\n...', 400, Object(Stripe\Util\CaseInsensitiveArray), Array, Array)
#3 /home/webleade/glumos.webleader.in/vendor/stripe/stripe-php/lib/ApiRequestor.php(560): Stripe\ApiRequestor->handleErrorResponse('{\n  "error": {\n...', 400, Object(Stripe\Util\CaseInsensitiveArray), Array)
#4 /home/webleade/glumos.webleader.in/vendor/stripe/stripe-php/lib/ApiRequestor.php(124): Stripe\ApiRequestor->_interpretResponse('{\n  "error": {\n...', 400, Object(Stripe\Util\CaseInsensitiveArray))
#5 /home/webleade/glumos.webleader.in/vendor/stripe/stripe-php/lib/BaseStripeClient.php(134): Stripe\ApiRequestor->request('post', '/v1/customers', Array, Array)
#6 /home/webleade/glumos.webleader.in/vendor/stripe/stripe-php/lib/Service/AbstractService.php(75): Stripe\BaseStripeClient->request('post', '/v1/customers', Array, Object(Stripe\Util\RequestOptions))
#7 /home/webleade/glumos.webleader.in/vendor/stripe/stripe-php/lib/Service/CustomerService.php(102): Stripe\Service\AbstractService->request('post', '/v1/customers', Array, NULL)
#8 /home/webleade/glumos.webleader.in/app/Controllers/Checkout.php(29): Stripe\Service\CustomerService->create(Array)
#9 /home/webleade/glumos.webleader.in/system/CodeIgniter.php(824): App\Controllers\Checkout->process()
#10 /home/webleade/glumos.webleader.in/system/CodeIgniter.php(410): CodeIgniter\CodeIgniter->runController(Object(App\Controllers\Checkout))
#11 /home/webleade/glumos.webleader.in/system/CodeIgniter.php(318): CodeIgniter\CodeIgniter->handleRequest(NULL, Object(Config\Cache), false)
#12 /home/webleade/glumos.webleader.in/index.php(37): CodeIgniter\CodeIgniter->run()
#13 {main}
CRITICAL - 2022-02-08 01:47:31 --> No API key provided.  (HINT: set your API key using "Stripe::setApiKey(<API-KEY>)".  You can generate API keys from the Stripe web interface.  See https://stripe.com/api for details, or email support@stripe.com if you have any questions.
#0 /home/webleade/glumos.webleader.in/vendor/stripe/stripe-php/lib/ApiRequestor.php(448): Stripe\ApiRequestor->_prepareRequest('post', '/v1/checkout/se...', Array, Array)
#1 /home/webleade/glumos.webleader.in/vendor/stripe/stripe-php/lib/ApiRequestor.php(123): Stripe\ApiRequestor->_requestRaw('post', '/v1/checkout/se...', Array, Array)
#2 /home/webleade/glumos.webleader.in/vendor/stripe/stripe-php/lib/ApiOperations/Request.php(78): Stripe\ApiRequestor->request('post', '/v1/checkout/se...', Array, Array)
#3 /home/webleade/glumos.webleader.in/vendor/stripe/stripe-php/lib/ApiOperations/Create.php(25): Stripe\ApiResource::_staticRequest('post', '/v1/checkout/se...', Array, NULL)
#4 /home/webleade/glumos.webleader.in/app/Controllers/Checkout.php(60): Stripe\Checkout\Session::create(Array)
#5 /home/webleade/glumos.webleader.in/system/CodeIgniter.php(824): App\Controllers\Checkout->process()
#6 /home/webleade/glumos.webleader.in/system/CodeIgniter.php(410): CodeIgniter\CodeIgniter->runController(Object(App\Controllers\Checkout))
#7 /home/webleade/glumos.webleader.in/system/CodeIgniter.php(318): CodeIgniter\CodeIgniter->handleRequest(NULL, Object(Config\Cache), false)
#8 /home/webleade/glumos.webleader.in/index.php(37): CodeIgniter\CodeIgniter->run()
#9 {main}
CRITICAL - 2022-02-08 01:48:41 --> You specified `payment` mode but passed a recurring price. Either switch to `subscription` mode or use only one-time prices.
#0 /home/webleade/glumos.webleader.in/vendor/stripe/stripe-php/lib/Exception/InvalidRequestException.php(35): Stripe\Exception\ApiErrorException::factory('You specified `...', 400, '{\n  "error": {\n...', Array, Object(Stripe\Util\CaseInsensitiveArray), NULL)
#1 /home/webleade/glumos.webleader.in/vendor/stripe/stripe-php/lib/ApiRequestor.php(213): Stripe\Exception\InvalidRequestException::factory('You specified `...', 400, '{\n  "error": {\n...', Array, Object(Stripe\Util\CaseInsensitiveArray), NULL, 'line_items[0]')
#2 /home/webleade/glumos.webleader.in/vendor/stripe/stripe-php/lib/ApiRequestor.php(175): Stripe\ApiRequestor::_specificAPIError('{\n  "error": {\n...', 400, Object(Stripe\Util\CaseInsensitiveArray), Array, Array)
#3 /home/webleade/glumos.webleader.in/vendor/stripe/stripe-php/lib/ApiRequestor.php(560): Stripe\ApiRequestor->handleErrorResponse('{\n  "error": {\n...', 400, Object(Stripe\Util\CaseInsensitiveArray), Array)
#4 /home/webleade/glumos.webleader.in/vendor/stripe/stripe-php/lib/ApiRequestor.php(124): Stripe\ApiRequestor->_interpretResponse('{\n  "error": {\n...', 400, Object(Stripe\Util\CaseInsensitiveArray))
#5 /home/webleade/glumos.webleader.in/vendor/stripe/stripe-php/lib/ApiOperations/Request.php(78): Stripe\ApiRequestor->request('post', '/v1/checkout/se...', Array, Array)
#6 /home/webleade/glumos.webleader.in/vendor/stripe/stripe-php/lib/ApiOperations/Create.php(25): Stripe\ApiResource::_staticRequest('post', '/v1/checkout/se...', Array, NULL)
#7 /home/webleade/glumos.webleader.in/app/Controllers/Checkout.php(60): Stripe\Checkout\Session::create(Array)
#8 /home/webleade/glumos.webleader.in/system/CodeIgniter.php(824): App\Controllers\Checkout->process()
#9 /home/webleade/glumos.webleader.in/system/CodeIgniter.php(410): CodeIgniter\CodeIgniter->runController(Object(App\Controllers\Checkout))
#10 /home/webleade/glumos.webleader.in/system/CodeIgniter.php(318): CodeIgniter\CodeIgniter->handleRequest(NULL, Object(Config\Cache), false)
#11 /home/webleade/glumos.webleader.in/index.php(37): CodeIgniter\CodeIgniter->run()
#12 {main}
CRITICAL - 2022-02-08 01:50:15 --> No such price: '{{price_1KQVlPSCjlZC91Z1VjO8qZfD}}'
#0 /home/webleade/glumos.webleader.in/vendor/stripe/stripe-php/lib/Exception/InvalidRequestException.php(35): Stripe\Exception\ApiErrorException::factory('No such price: ...', 400, '{\n  "error": {\n...', Array, Object(Stripe\Util\CaseInsensitiveArray), 'resource_missin...')
#1 /home/webleade/glumos.webleader.in/vendor/stripe/stripe-php/lib/ApiRequestor.php(213): Stripe\Exception\InvalidRequestException::factory('No such price: ...', 400, '{\n  "error": {\n...', Array, Object(Stripe\Util\CaseInsensitiveArray), 'resource_missin...', 'line_items[0][p...')
#2 /home/webleade/glumos.webleader.in/vendor/stripe/stripe-php/lib/ApiRequestor.php(175): Stripe\ApiRequestor::_specificAPIError('{\n  "error": {\n...', 400, Object(Stripe\Util\CaseInsensitiveArray), Array, Array)
#3 /home/webleade/glumos.webleader.in/vendor/stripe/stripe-php/lib/ApiRequestor.php(560): Stripe\ApiRequestor->handleErrorResponse('{\n  "error": {\n...', 400, Object(Stripe\Util\CaseInsensitiveArray), Array)
#4 /home/webleade/glumos.webleader.in/vendor/stripe/stripe-php/lib/ApiRequestor.php(124): Stripe\ApiRequestor->_interpretResponse('{\n  "error": {\n...', 400, Object(Stripe\Util\CaseInsensitiveArray))
#5 /home/webleade/glumos.webleader.in/vendor/stripe/stripe-php/lib/ApiOperations/Request.php(78): Stripe\ApiRequestor->request('post', '/v1/checkout/se...', Array, Array)
#6 /home/webleade/glumos.webleader.in/vendor/stripe/stripe-php/lib/ApiOperations/Create.php(25): Stripe\ApiResource::_staticRequest('post', '/v1/checkout/se...', Array, NULL)
#7 /home/webleade/glumos.webleader.in/app/Controllers/Checkout.php(60): Stripe\Checkout\Session::create(Array)
#8 /home/webleade/glumos.webleader.in/system/CodeIgniter.php(824): App\Controllers\Checkout->process()
#9 /home/webleade/glumos.webleader.in/system/CodeIgniter.php(410): CodeIgniter\CodeIgniter->runController(Object(App\Controllers\Checkout))
#10 /home/webleade/glumos.webleader.in/system/CodeIgniter.php(318): CodeIgniter\CodeIgniter->handleRequest(NULL, Object(Config\Cache), false)
#11 /home/webleade/glumos.webleader.in/index.php(37): CodeIgniter\CodeIgniter->run()
#12 {main}
CRITICAL - 2022-02-08 01:50:39 --> No such price: '{{price_1KQVlPSCjlZC91Z1VjO8qZfD}}'
#0 /home/webleade/glumos.webleader.in/vendor/stripe/stripe-php/lib/Exception/InvalidRequestException.php(35): Stripe\Exception\ApiErrorException::factory('No such price: ...', 400, '{\n  "error": {\n...', Array, Object(Stripe\Util\CaseInsensitiveArray), 'resource_missin...')
#1 /home/webleade/glumos.webleader.in/vendor/stripe/stripe-php/lib/ApiRequestor.php(213): Stripe\Exception\InvalidRequestException::factory('No such price: ...', 400, '{\n  "error": {\n...', Array, Object(Stripe\Util\CaseInsensitiveArray), 'resource_missin...', 'line_items[0][p...')
#2 /home/webleade/glumos.webleader.in/vendor/stripe/stripe-php/lib/ApiRequestor.php(175): Stripe\ApiRequestor::_specificAPIError('{\n  "error": {\n...', 400, Object(Stripe\Util\CaseInsensitiveArray), Array, Array)
#3 /home/webleade/glumos.webleader.in/vendor/stripe/stripe-php/lib/ApiRequestor.php(560): Stripe\ApiRequestor->handleErrorResponse('{\n  "error": {\n...', 400, Object(Stripe\Util\CaseInsensitiveArray), Array)
#4 /home/webleade/glumos.webleader.in/vendor/stripe/stripe-php/lib/ApiRequestor.php(124): Stripe\ApiRequestor->_interpretResponse('{\n  "error": {\n...', 400, Object(Stripe\Util\CaseInsensitiveArray))
#5 /home/webleade/glumos.webleader.in/vendor/stripe/stripe-php/lib/ApiOperations/Request.php(78): Stripe\ApiRequestor->request('post', '/v1/checkout/se...', Array, Array)
#6 /home/webleade/glumos.webleader.in/vendor/stripe/stripe-php/lib/ApiOperations/Create.php(25): Stripe\ApiResource::_staticRequest('post', '/v1/checkout/se...', Array, NULL)
#7 /home/webleade/glumos.webleader.in/app/Controllers/Checkout.php(60): Stripe\Checkout\Session::create(Array)
#8 /home/webleade/glumos.webleader.in/system/CodeIgniter.php(824): App\Controllers\Checkout->process()
#9 /home/webleade/glumos.webleader.in/system/CodeIgniter.php(410): CodeIgniter\CodeIgniter->runController(Object(App\Controllers\Checkout))
#10 /home/webleade/glumos.webleader.in/system/CodeIgniter.php(318): CodeIgniter\CodeIgniter->handleRequest(NULL, Object(Config\Cache), false)
#11 /home/webleade/glumos.webleader.in/index.php(37): CodeIgniter\CodeIgniter->run()
#12 {main}
CRITICAL - 2022-02-08 07:01:21 --> Call to a member function get() on null
#0 /home/webleade/glumos.webleader.in/system/CodeIgniter.php(824): App\Controllers\Dashboard->resumeView('43f303efd2b954b...')
#1 /home/webleade/glumos.webleader.in/system/CodeIgniter.php(410): CodeIgniter\CodeIgniter->runController(Object(App\Controllers\Dashboard))
#2 /home/webleade/glumos.webleader.in/system/CodeIgniter.php(318): CodeIgniter\CodeIgniter->handleRequest(NULL, Object(Config\Cache), false)
#3 /home/webleade/glumos.webleader.in/index.php(37): CodeIgniter\CodeIgniter->run()
#4 {main}
CRITICAL - 2022-02-08 07:01:49 --> Call to undefined function App\Controllers\addNewConnection()
#0 /home/webleade/glumos.webleader.in/system/CodeIgniter.php(824): App\Controllers\Dashboard->resumeView('43f303efd2b954b...')
#1 /home/webleade/glumos.webleader.in/system/CodeIgniter.php(410): CodeIgniter\CodeIgniter->runController(Object(App\Controllers\Dashboard))
#2 /home/webleade/glumos.webleader.in/system/CodeIgniter.php(318): CodeIgniter\CodeIgniter->handleRequest(NULL, Object(Config\Cache), false)
#3 /home/webleade/glumos.webleader.in/index.php(37): CodeIgniter\CodeIgniter->run()
#4 {main}
CRITICAL - 2022-02-08 07:02:17 --> Call to undefined function App\Controllers\addNewConnection()
#0 /home/webleade/glumos.webleader.in/system/CodeIgniter.php(824): App\Controllers\Dashboard->resumeView('43f303efd2b954b...')
#1 /home/webleade/glumos.webleader.in/system/CodeIgniter.php(410): CodeIgniter\CodeIgniter->runController(Object(App\Controllers\Dashboard))
#2 /home/webleade/glumos.webleader.in/system/CodeIgniter.php(318): CodeIgniter\CodeIgniter->handleRequest(NULL, Object(Config\Cache), false)
#3 /home/webleade/glumos.webleader.in/index.php(37): CodeIgniter\CodeIgniter->run()
#4 {main}
CRITICAL - 2022-02-08 07:02:25 --> Call to undefined function App\Controllers\addNewConnection()
#0 /home/webleade/glumos.webleader.in/system/CodeIgniter.php(824): App\Controllers\Dashboard->resumeView('43f303efd2b954b...')
#1 /home/webleade/glumos.webleader.in/system/CodeIgniter.php(410): CodeIgniter\CodeIgniter->runController(Object(App\Controllers\Dashboard))
#2 /home/webleade/glumos.webleader.in/system/CodeIgniter.php(318): CodeIgniter\CodeIgniter->handleRequest(NULL, Object(Config\Cache), false)
#3 /home/webleade/glumos.webleader.in/index.php(37): CodeIgniter\CodeIgniter->run()
#4 {main}
CRITICAL - 2022-02-08 07:03:58 --> count(): Parameter must be an array or an object that implements Countable
#0 /home/webleade/glumos.webleader.in/app/Views/front/components/job-application.php(17): CodeIgniter\Debug\Exceptions->errorHandler(2, 'count(): Parame...', '/home/webleade/...', 17, Array)
#1 /home/webleade/glumos.webleader.in/system/View/View.php(214): include('/home/webleade/...')
#2 /home/webleade/glumos.webleader.in/system/View/View.php(217): CodeIgniter\View\View->CodeIgniter\View\{closure}()
#3 /home/webleade/glumos.webleader.in/system/View/View.php(432): CodeIgniter\View\View->render('front/component...', NULL, true)
#4 /home/webleade/glumos.webleader.in/app/Views/front/user/applyJobs.php(48): CodeIgniter\View\View->include('front/component...')
#5 /home/webleade/glumos.webleader.in/system/View/View.php(214): include('/home/webleade/...')
#6 /home/webleade/glumos.webleader.in/system/View/View.php(217): CodeIgniter\View\View->CodeIgniter\View\{closure}()
#7 /home/webleade/glumos.webleader.in/system/Common.php(1097): CodeIgniter\View\View->render('front/user/appl...', Array, true)
#8 /home/webleade/glumos.webleader.in/app/Controllers/Dashboard.php(346): view('front/user/appl...', Array)
#9 /home/webleade/glumos.webleader.in/system/CodeIgniter.php(824): App\Controllers\Dashboard->applyJob('0b08f572e88ddb6...')
#10 /home/webleade/glumos.webleader.in/system/CodeIgniter.php(410): CodeIgniter\CodeIgniter->runController(Object(App\Controllers\Dashboard))
#11 /home/webleade/glumos.webleader.in/system/CodeIgniter.php(318): CodeIgniter\CodeIgniter->handleRequest(NULL, Object(Config\Cache), false)
#12 /home/webleade/glumos.webleader.in/index.php(37): CodeIgniter\CodeIgniter->run()
#13 {main}
ERROR - 2022-02-08 07:22:25 --> You have an error in your SQL syntax; check the manual that corresponds to your MariaDB server version for the right syntax to use near '= ('Sales Executive','Bhoomi Shakti Groups','1','20')
WHERE `email` = 'syedsa...' at line 1
ERROR - 2022-02-08 07:22:45 --> You have an error in your SQL syntax; check the manual that corresponds to your MariaDB server version for the right syntax to use near '= ('Scalan Intership Programme','Bhoomi Shakti Groups','1','20')
WHERE `email...' at line 1
ERROR - 2022-02-08 07:22:57 --> You have an error in your SQL syntax; check the manual that corresponds to your MariaDB server version for the right syntax to use near '= ('Linear Programmer','Company name','1','0')
WHERE `email` = 'syedsaifrza@g...' at line 1
CRITICAL - 2022-02-08 07:23:30 --> count(): Parameter must be an array or an object that implements Countable
#0 /home/webleade/glumos.webleader.in/app/Views/front/components/job-application.php(17): CodeIgniter\Debug\Exceptions->errorHandler(2, 'count(): Parame...', '/home/webleade/...', 17, Array)
#1 /home/webleade/glumos.webleader.in/system/View/View.php(214): include('/home/webleade/...')
#2 /home/webleade/glumos.webleader.in/system/View/View.php(217): CodeIgniter\View\View->CodeIgniter\View\{closure}()
#3 /home/webleade/glumos.webleader.in/system/View/View.php(432): CodeIgniter\View\View->render('front/component...', NULL, true)
#4 /home/webleade/glumos.webleader.in/app/Views/front/user/applyJobs.php(48): CodeIgniter\View\View->include('front/component...')
#5 /home/webleade/glumos.webleader.in/system/View/View.php(214): include('/home/webleade/...')
#6 /home/webleade/glumos.webleader.in/system/View/View.php(217): CodeIgniter\View\View->CodeIgniter\View\{closure}()
#7 /home/webleade/glumos.webleader.in/system/Common.php(1097): CodeIgniter\View\View->render('front/user/appl...', Array, true)
#8 /home/webleade/glumos.webleader.in/app/Controllers/Dashboard.php(346): view('front/user/appl...', Array)
#9 /home/webleade/glumos.webleader.in/system/CodeIgniter.php(824): App\Controllers\Dashboard->applyJob('2b2820b8084ed87...')
#10 /home/webleade/glumos.webleader.in/system/CodeIgniter.php(410): CodeIgniter\CodeIgniter->runController(Object(App\Controllers\Dashboard))
#11 /home/webleade/glumos.webleader.in/system/CodeIgniter.php(318): CodeIgniter\CodeIgniter->handleRequest(NULL, Object(Config\Cache), false)
#12 /home/webleade/glumos.webleader.in/index.php(37): CodeIgniter\CodeIgniter->run()
#13 {main}
CRITICAL - 2022-02-08 07:28:54 --> Object of class stdClass could not be converted to string
#0 /home/webleade/glumos.webleader.in/app/Views/front/user/dashboard-employer.php(180): CodeIgniter\Debug\Exceptions->errorHandler(4096, 'Object of class...', '/home/webleade/...', 180, Array)
#1 /home/webleade/glumos.webleader.in/system/View/View.php(214): include('/home/webleade/...')
#2 /home/webleade/glumos.webleader.in/system/View/View.php(217): CodeIgniter\View\View->CodeIgniter\View\{closure}()
#3 /home/webleade/glumos.webleader.in/system/View/View.php(432): CodeIgniter\View\View->render('front/user/dash...', NULL, true)
#4 /home/webleade/glumos.webleader.in/app/Views/front/user/index.php(51): CodeIgniter\View\View->include('front/user/dash...')
#5 /home/webleade/glumos.webleader.in/system/View/View.php(214): include('/home/webleade/...')
#6 /home/webleade/glumos.webleader.in/system/View/View.php(217): CodeIgniter\View\View->CodeIgniter\View\{closure}()
#7 /home/webleade/glumos.webleader.in/system/Common.php(1097): CodeIgniter\View\View->render('front/user/inde...', Array, true)
#8 /home/webleade/glumos.webleader.in/app/Controllers/Dashboard.php(102): view('front/user/inde...', Array)
#9 /home/webleade/glumos.webleader.in/system/CodeIgniter.php(824): App\Controllers\Dashboard->userAuth()
#10 /home/webleade/glumos.webleader.in/system/CodeIgniter.php(410): CodeIgniter\CodeIgniter->runController(Object(App\Controllers\Dashboard))
#11 /home/webleade/glumos.webleader.in/system/CodeIgniter.php(318): CodeIgniter\CodeIgniter->handleRequest(NULL, Object(Config\Cache), false)
#12 /home/webleade/glumos.webleader.in/index.php(37): CodeIgniter\CodeIgniter->run()
#13 {main}
CRITICAL - 2022-02-08 07:38:54 --> No such price: '{{price_1KQVlPSCjlZC91Z1VjO8qZfD}}'
#0 /home/webleade/glumos.webleader.in/vendor/stripe/stripe-php/lib/Exception/InvalidRequestException.php(35): Stripe\Exception\ApiErrorException::factory('No such price: ...', 400, '{\n  "error": {\n...', Array, Object(Stripe\Util\CaseInsensitiveArray), 'resource_missin...')
#1 /home/webleade/glumos.webleader.in/vendor/stripe/stripe-php/lib/ApiRequestor.php(213): Stripe\Exception\InvalidRequestException::factory('No such price: ...', 400, '{\n  "error": {\n...', Array, Object(Stripe\Util\CaseInsensitiveArray), 'resource_missin...', 'line_items[0][p...')
#2 /home/webleade/glumos.webleader.in/vendor/stripe/stripe-php/lib/ApiRequestor.php(175): Stripe\ApiRequestor::_specificAPIError('{\n  "error": {\n...', 400, Object(Stripe\Util\CaseInsensitiveArray), Array, Array)
#3 /home/webleade/glumos.webleader.in/vendor/stripe/stripe-php/lib/ApiRequestor.php(560): Stripe\ApiRequestor->handleErrorResponse('{\n  "error": {\n...', 400, Object(Stripe\Util\CaseInsensitiveArray), Array)
#4 /home/webleade/glumos.webleader.in/vendor/stripe/stripe-php/lib/ApiRequestor.php(124): Stripe\ApiRequestor->_interpretResponse('{\n  "error": {\n...', 400, Object(Stripe\Util\CaseInsensitiveArray))
#5 /home/webleade/glumos.webleader.in/vendor/stripe/stripe-php/lib/ApiOperations/Request.php(78): Stripe\ApiRequestor->request('post', '/v1/checkout/se...', Array, Array)
#6 /home/webleade/glumos.webleader.in/vendor/stripe/stripe-php/lib/ApiOperations/Create.php(25): Stripe\ApiResource::_staticRequest('post', '/v1/checkout/se...', Array, NULL)
#7 /home/webleade/glumos.webleader.in/app/Controllers/Checkout.php(60): Stripe\Checkout\Session::create(Array)
#8 /home/webleade/glumos.webleader.in/system/CodeIgniter.php(824): App\Controllers\Checkout->process()
#9 /home/webleade/glumos.webleader.in/system/CodeIgniter.php(410): CodeIgniter\CodeIgniter->runController(Object(App\Controllers\Checkout))
#10 /home/webleade/glumos.webleader.in/system/CodeIgniter.php(318): CodeIgniter\CodeIgniter->handleRequest(NULL, Object(Config\Cache), false)
#11 /home/webleade/glumos.webleader.in/index.php(37): CodeIgniter\CodeIgniter->run()
#12 {main}
ERROR - 2022-02-08 08:18:20 --> Unknown column 'post_id' in 'where clause'
CRITICAL - 2022-02-08 08:18:20 --> Call to a member function getResult() on bool
#0 /home/webleade/glumos.webleader.in/app/Controllers/Dashboard.php(26): App\Models\Employers->getDetails('codewithsaif@gm...')
#1 /home/webleade/glumos.webleader.in/system/CodeIgniter.php(824): App\Controllers\Dashboard->profile()
#2 /home/webleade/glumos.webleader.in/system/CodeIgniter.php(410): CodeIgniter\CodeIgniter->runController(Object(App\Controllers\Dashboard))
#3 /home/webleade/glumos.webleader.in/system/CodeIgniter.php(318): CodeIgniter\CodeIgniter->handleRequest(NULL, Object(Config\Cache), false)
#4 /home/webleade/glumos.webleader.in/index.php(37): CodeIgniter\CodeIgniter->run()
#5 {main}
