CRITICAL - 2022-02-03 12:04:34 --> Call to a member function getDetailsCoded() on null
#0 /home/webleade/glumos.webleader.in/system/CodeIgniter.php(824): App\Controllers\Dashboard->resumeView('43f303efd2b954b...')
#1 /home/webleade/glumos.webleader.in/system/CodeIgniter.php(410): CodeIgniter\CodeIgniter->runController(Object(App\Controllers\Dashboard))
#2 /home/webleade/glumos.webleader.in/system/CodeIgniter.php(318): CodeIgniter\CodeIgniter->handleRequest(NULL, Object(Config\Cache), false)
#3 /home/webleade/glumos.webleader.in/index.php(37): CodeIgniter\CodeIgniter->run()
#4 {main}
CRITICAL - 2022-02-03 12:05:58 --> Call to a member function getDetailsCoded() on null
#0 /home/webleade/glumos.webleader.in/system/CodeIgniter.php(824): App\Controllers\Dashboard->resumeView('43f303efd2b954b...')
#1 /home/webleade/glumos.webleader.in/system/CodeIgniter.php(410): CodeIgniter\CodeIgniter->runController(Object(App\Controllers\Dashboard))
#2 /home/webleade/glumos.webleader.in/system/CodeIgniter.php(318): CodeIgniter\CodeIgniter->handleRequest(NULL, Object(Config\Cache), false)
#3 /home/webleade/glumos.webleader.in/index.php(37): CodeIgniter\CodeIgniter->run()
#4 {main}
CRITICAL - 2022-02-03 12:06:41 --> Call to a member function getDetailsCoded() on null
#0 /home/webleade/glumos.webleader.in/system/CodeIgniter.php(824): App\Controllers\Dashboard->resumeView('43f303efd2b954b...')
#1 /home/webleade/glumos.webleader.in/system/CodeIgniter.php(410): CodeIgniter\CodeIgniter->runController(Object(App\Controllers\Dashboard))
#2 /home/webleade/glumos.webleader.in/system/CodeIgniter.php(318): CodeIgniter\CodeIgniter->handleRequest(NULL, Object(Config\Cache), false)
#3 /home/webleade/glumos.webleader.in/index.php(37): CodeIgniter\CodeIgniter->run()
#4 {main}
CRITICAL - 2022-02-03 12:08:10 --> Call to a member function getDetailsCoded() on null
#0 /home/webleade/glumos.webleader.in/system/CodeIgniter.php(824): App\Controllers\Dashboard->resumeView('43f303efd2b954b...')
#1 /home/webleade/glumos.webleader.in/system/CodeIgniter.php(410): CodeIgniter\CodeIgniter->runController(Object(App\Controllers\Dashboard))
#2 /home/webleade/glumos.webleader.in/system/CodeIgniter.php(318): CodeIgniter\CodeIgniter->handleRequest(NULL, Object(Config\Cache), false)
#3 /home/webleade/glumos.webleader.in/index.php(37): CodeIgniter\CodeIgniter->run()
#4 {main}
CRITICAL - 2022-02-03 12:08:43 --> Call to a member function getDetailsCoded() on null
#0 /home/webleade/glumos.webleader.in/system/CodeIgniter.php(824): App\Controllers\Dashboard->resumeView('43f303efd2b954b...')
#1 /home/webleade/glumos.webleader.in/system/CodeIgniter.php(410): CodeIgniter\CodeIgniter->runController(Object(App\Controllers\Dashboard))
#2 /home/webleade/glumos.webleader.in/system/CodeIgniter.php(318): CodeIgniter\CodeIgniter->handleRequest(NULL, Object(Config\Cache), false)
#3 /home/webleade/glumos.webleader.in/index.php(37): CodeIgniter\CodeIgniter->run()
#4 {main}
CRITICAL - 2022-02-03 12:08:45 --> Call to a member function getDetailsCoded() on null
#0 /home/webleade/glumos.webleader.in/system/CodeIgniter.php(824): App\Controllers\Dashboard->resumeView('43f303efd2b954b...')
#1 /home/webleade/glumos.webleader.in/system/CodeIgniter.php(410): CodeIgniter\CodeIgniter->runController(Object(App\Controllers\Dashboard))
#2 /home/webleade/glumos.webleader.in/system/CodeIgniter.php(318): CodeIgniter\CodeIgniter->handleRequest(NULL, Object(Config\Cache), false)
#3 /home/webleade/glumos.webleader.in/index.php(37): CodeIgniter\CodeIgniter->run()
#4 {main}
CRITICAL - 2022-02-03 12:08:51 --> Call to a member function getDetailsCoded() on null
#0 /home/webleade/glumos.webleader.in/system/CodeIgniter.php(824): App\Controllers\Dashboard->resumeView('43f303efd2b954b...')
#1 /home/webleade/glumos.webleader.in/system/CodeIgniter.php(410): CodeIgniter\CodeIgniter->runController(Object(App\Controllers\Dashboard))
#2 /home/webleade/glumos.webleader.in/system/CodeIgniter.php(318): CodeIgniter\CodeIgniter->handleRequest(NULL, Object(Config\Cache), false)
#3 /home/webleade/glumos.webleader.in/index.php(37): CodeIgniter\CodeIgniter->run()
#4 {main}
CRITICAL - 2022-02-03 12:08:52 --> Call to a member function getDetailsCoded() on null
#0 /home/webleade/glumos.webleader.in/system/CodeIgniter.php(824): App\Controllers\Dashboard->resumeView('43f303efd2b954b...')
#1 /home/webleade/glumos.webleader.in/system/CodeIgniter.php(410): CodeIgniter\CodeIgniter->runController(Object(App\Controllers\Dashboard))
#2 /home/webleade/glumos.webleader.in/system/CodeIgniter.php(318): CodeIgniter\CodeIgniter->handleRequest(NULL, Object(Config\Cache), false)
#3 /home/webleade/glumos.webleader.in/index.php(37): CodeIgniter\CodeIgniter->run()
#4 {main}
CRITICAL - 2022-02-03 12:10:17 --> Call to a member function getDetailsCoded() on null
#0 /home/webleade/glumos.webleader.in/system/CodeIgniter.php(824): App\Controllers\Dashboard->resumeView('43f303efd2b954b...')
#1 /home/webleade/glumos.webleader.in/system/CodeIgniter.php(410): CodeIgniter\CodeIgniter->runController(Object(App\Controllers\Dashboard))
#2 /home/webleade/glumos.webleader.in/system/CodeIgniter.php(318): CodeIgniter\CodeIgniter->handleRequest(NULL, Object(Config\Cache), false)
#3 /home/webleade/glumos.webleader.in/index.php(37): CodeIgniter\CodeIgniter->run()
#4 {main}
CRITICAL - 2022-02-03 12:11:07 --> Call to a member function getDetailsCoded() on null
#0 /home/webleade/glumos.webleader.in/system/CodeIgniter.php(824): App\Controllers\Dashboard->resumeView('43f303efd2b954b...')
#1 /home/webleade/glumos.webleader.in/system/CodeIgniter.php(410): CodeIgniter\CodeIgniter->runController(Object(App\Controllers\Dashboard))
#2 /home/webleade/glumos.webleader.in/system/CodeIgniter.php(318): CodeIgniter\CodeIgniter->handleRequest(NULL, Object(Config\Cache), false)
#3 /home/webleade/glumos.webleader.in/index.php(37): CodeIgniter\CodeIgniter->run()
#4 {main}
