CRITICAL - 2022-02-09 07:43:33 --> You passed an empty string for 'customer'. We assume empty values are an attempt to unset a parameter; however 'customer' cannot be unset. You should remove 'customer' from your request or supply a non-empty value.
#0 /home/webleade/glumos.webleader.in/vendor/stripe/stripe-php/lib/Exception/InvalidRequestException.php(35): Stripe\Exception\ApiErrorException::factory('You passed an e...', 400, '{\n  "error": {\n...', Array, Object(Stripe\Util\CaseInsensitiveArray), 'parameter_inval...')
#1 /home/webleade/glumos.webleader.in/vendor/stripe/stripe-php/lib/ApiRequestor.php(213): Stripe\Exception\InvalidRequestException::factory('You passed an e...', 400, '{\n  "error": {\n...', Array, Object(Stripe\Util\CaseInsensitiveArray), 'parameter_inval...', 'customer')
#2 /home/webleade/glumos.webleader.in/vendor/stripe/stripe-php/lib/ApiRequestor.php(175): Stripe\ApiRequestor::_specificAPIError('{\n  "error": {\n...', 400, Object(Stripe\Util\CaseInsensitiveArray), Array, Array)
#3 /home/webleade/glumos.webleader.in/vendor/stripe/stripe-php/lib/ApiRequestor.php(560): Stripe\ApiRequestor->handleErrorResponse('{\n  "error": {\n...', 400, Object(Stripe\Util\CaseInsensitiveArray), Array)
#4 /home/webleade/glumos.webleader.in/vendor/stripe/stripe-php/lib/ApiRequestor.php(124): Stripe\ApiRequestor->_interpretResponse('{\n  "error": {\n...', 400, Object(Stripe\Util\CaseInsensitiveArray))
#5 /home/webleade/glumos.webleader.in/vendor/stripe/stripe-php/lib/BaseStripeClient.php(134): Stripe\ApiRequestor->request('post', '/v1/subscriptio...', Array, Array)
#6 /home/webleade/glumos.webleader.in/vendor/stripe/stripe-php/lib/Service/AbstractService.php(75): Stripe\BaseStripeClient->request('post', '/v1/subscriptio...', Array, Object(Stripe\Util\RequestOptions))
#7 /home/webleade/glumos.webleader.in/vendor/stripe/stripe-php/lib/Service/SubscriptionService.php(70): Stripe\Service\AbstractService->request('post', '/v1/subscriptio...', Array, NULL)
#8 /home/webleade/glumos.webleader.in/app/Controllers/Checkout.php(36): Stripe\Service\SubscriptionService->create(Array)
#9 /home/webleade/glumos.webleader.in/system/CodeIgniter.php(824): App\Controllers\Checkout->process()
#10 /home/webleade/glumos.webleader.in/system/CodeIgniter.php(410): CodeIgniter\CodeIgniter->runController(Object(App\Controllers\Checkout))
#11 /home/webleade/glumos.webleader.in/system/CodeIgniter.php(318): CodeIgniter\CodeIgniter->handleRequest(NULL, Object(Config\Cache), false)
#12 /home/webleade/glumos.webleader.in/index.php(37): CodeIgniter\CodeIgniter->run()
#13 {main}
CRITICAL - 2022-02-09 07:53:37 --> No such price: 'price_1KQu0FJWHIkbNS807ZbFUNzL'; a similar object exists in test mode, but a live mode key was used to make this request.
#0 /home/webleade/glumos.webleader.in/vendor/stripe/stripe-php/lib/Exception/InvalidRequestException.php(35): Stripe\Exception\ApiErrorException::factory('No such price: ...', 400, '{\n  "error": {\n...', Array, Object(Stripe\Util\CaseInsensitiveArray), 'resource_missin...')
#1 /home/webleade/glumos.webleader.in/vendor/stripe/stripe-php/lib/ApiRequestor.php(213): Stripe\Exception\InvalidRequestException::factory('No such price: ...', 400, '{\n  "error": {\n...', Array, Object(Stripe\Util\CaseInsensitiveArray), 'resource_missin...', 'items[0][price]')
#2 /home/webleade/glumos.webleader.in/vendor/stripe/stripe-php/lib/ApiRequestor.php(175): Stripe\ApiRequestor::_specificAPIError('{\n  "error": {\n...', 400, Object(Stripe\Util\CaseInsensitiveArray), Array, Array)
#3 /home/webleade/glumos.webleader.in/vendor/stripe/stripe-php/lib/ApiRequestor.php(560): Stripe\ApiRequestor->handleErrorResponse('{\n  "error": {\n...', 400, Object(Stripe\Util\CaseInsensitiveArray), Array)
#4 /home/webleade/glumos.webleader.in/vendor/stripe/stripe-php/lib/ApiRequestor.php(124): Stripe\ApiRequestor->_interpretResponse('{\n  "error": {\n...', 400, Object(Stripe\Util\CaseInsensitiveArray))
#5 /home/webleade/glumos.webleader.in/vendor/stripe/stripe-php/lib/BaseStripeClient.php(134): Stripe\ApiRequestor->request('post', '/v1/subscriptio...', Array, Array)
#6 /home/webleade/glumos.webleader.in/vendor/stripe/stripe-php/lib/Service/AbstractService.php(75): Stripe\BaseStripeClient->request('post', '/v1/subscriptio...', Array, Object(Stripe\Util\RequestOptions))
#7 /home/webleade/glumos.webleader.in/vendor/stripe/stripe-php/lib/Service/SubscriptionService.php(70): Stripe\Service\AbstractService->request('post', '/v1/subscriptio...', Array, NULL)
#8 /home/webleade/glumos.webleader.in/app/Controllers/Checkout.php(36): Stripe\Service\SubscriptionService->create(Array)
#9 /home/webleade/glumos.webleader.in/system/CodeIgniter.php(824): App\Controllers\Checkout->process()
#10 /home/webleade/glumos.webleader.in/system/CodeIgniter.php(410): CodeIgniter\CodeIgniter->runController(Object(App\Controllers\Checkout))
#11 /home/webleade/glumos.webleader.in/system/CodeIgniter.php(318): CodeIgniter\CodeIgniter->handleRequest(NULL, Object(Config\Cache), false)
#12 /home/webleade/glumos.webleader.in/index.php(37): CodeIgniter\CodeIgniter->run()
#13 {main}
CRITICAL - 2022-02-09 07:54:16 --> No such price: 'price_1KQu0FJWHIkbNS807ZbFUNzL'; a similar object exists in test mode, but a live mode key was used to make this request.
#0 /home/webleade/glumos.webleader.in/vendor/stripe/stripe-php/lib/Exception/InvalidRequestException.php(35): Stripe\Exception\ApiErrorException::factory('No such price: ...', 400, '{\n  "error": {\n...', Array, Object(Stripe\Util\CaseInsensitiveArray), 'resource_missin...')
#1 /home/webleade/glumos.webleader.in/vendor/stripe/stripe-php/lib/ApiRequestor.php(213): Stripe\Exception\InvalidRequestException::factory('No such price: ...', 400, '{\n  "error": {\n...', Array, Object(Stripe\Util\CaseInsensitiveArray), 'resource_missin...', 'items[0][price]')
#2 /home/webleade/glumos.webleader.in/vendor/stripe/stripe-php/lib/ApiRequestor.php(175): Stripe\ApiRequestor::_specificAPIError('{\n  "error": {\n...', 400, Object(Stripe\Util\CaseInsensitiveArray), Array, Array)
#3 /home/webleade/glumos.webleader.in/vendor/stripe/stripe-php/lib/ApiRequestor.php(560): Stripe\ApiRequestor->handleErrorResponse('{\n  "error": {\n...', 400, Object(Stripe\Util\CaseInsensitiveArray), Array)
#4 /home/webleade/glumos.webleader.in/vendor/stripe/stripe-php/lib/ApiRequestor.php(124): Stripe\ApiRequestor->_interpretResponse('{\n  "error": {\n...', 400, Object(Stripe\Util\CaseInsensitiveArray))
#5 /home/webleade/glumos.webleader.in/vendor/stripe/stripe-php/lib/BaseStripeClient.php(134): Stripe\ApiRequestor->request('post', '/v1/subscriptio...', Array, Array)
#6 /home/webleade/glumos.webleader.in/vendor/stripe/stripe-php/lib/Service/AbstractService.php(75): Stripe\BaseStripeClient->request('post', '/v1/subscriptio...', Array, Object(Stripe\Util\RequestOptions))
#7 /home/webleade/glumos.webleader.in/vendor/stripe/stripe-php/lib/Service/SubscriptionService.php(70): Stripe\Service\AbstractService->request('post', '/v1/subscriptio...', Array, NULL)
#8 /home/webleade/glumos.webleader.in/app/Controllers/Checkout.php(36): Stripe\Service\SubscriptionService->create(Array)
#9 /home/webleade/glumos.webleader.in/system/CodeIgniter.php(824): App\Controllers\Checkout->process()
#10 /home/webleade/glumos.webleader.in/system/CodeIgniter.php(410): CodeIgniter\CodeIgniter->runController(Object(App\Controllers\Checkout))
#11 /home/webleade/glumos.webleader.in/system/CodeIgniter.php(318): CodeIgniter\CodeIgniter->handleRequest(NULL, Object(Config\Cache), false)
#12 /home/webleade/glumos.webleader.in/index.php(37): CodeIgniter\CodeIgniter->run()
#13 {main}
