CRITICAL - 2022-02-12 02:15:37 --> Your card was declined. Your request was in test mode, but used a non test (live) card. For a list of valid test cards, visit: https://stripe.com/docs/testing.
#0 /home/webleade/glumos.webleader.in/vendor/stripe/stripe-php/lib/Exception/CardException.php(38): Stripe\Exception\ApiErrorException::factory('Your card was d...', 402, '{\n  "error": {\n...', Array, Object(Stripe\Util\CaseInsensitiveArray), 'card_declined')
#1 /home/webleade/glumos.webleader.in/vendor/stripe/stripe-php/lib/ApiRequestor.php(219): Stripe\Exception\CardException::factory('Your card was d...', 402, '{\n  "error": {\n...', Array, Object(Stripe\Util\CaseInsensitiveArray), 'card_declined', 'test_mode_live_...', '')
#2 /home/webleade/glumos.webleader.in/vendor/stripe/stripe-php/lib/ApiRequestor.php(175): Stripe\ApiRequestor::_specificAPIError('{\n  "error": {\n...', 402, Object(Stripe\Util\CaseInsensitiveArray), Array, Array)
#3 /home/webleade/glumos.webleader.in/vendor/stripe/stripe-php/lib/ApiRequestor.php(560): Stripe\ApiRequestor->handleErrorResponse('{\n  "error": {\n...', 402, Object(Stripe\Util\CaseInsensitiveArray), Array)
#4 /home/webleade/glumos.webleader.in/vendor/stripe/stripe-php/lib/ApiRequestor.php(124): Stripe\ApiRequestor->_interpretResponse('{\n  "error": {\n...', 402, Object(Stripe\Util\CaseInsensitiveArray))
#5 /home/webleade/glumos.webleader.in/vendor/stripe/stripe-php/lib/BaseStripeClient.php(134): Stripe\ApiRequestor->request('post', '/v1/customers', Array, Array)
#6 /home/webleade/glumos.webleader.in/vendor/stripe/stripe-php/lib/Service/AbstractService.php(75): Stripe\BaseStripeClient->request('post', '/v1/customers', Array, Object(Stripe\Util\RequestOptions))
#7 /home/webleade/glumos.webleader.in/vendor/stripe/stripe-php/lib/Service/CustomerService.php(102): Stripe\Service\AbstractService->request('post', '/v1/customers', Array, NULL)
#8 /home/webleade/glumos.webleader.in/app/Controllers/Checkout.php(26): Stripe\Service\CustomerService->create(Array)
#9 /home/webleade/glumos.webleader.in/system/CodeIgniter.php(824): App\Controllers\Checkout->process()
#10 /home/webleade/glumos.webleader.in/system/CodeIgniter.php(410): CodeIgniter\CodeIgniter->runController(Object(App\Controllers\Checkout))
#11 /home/webleade/glumos.webleader.in/system/CodeIgniter.php(318): CodeIgniter\CodeIgniter->handleRequest(NULL, Object(Config\Cache), false)
#12 /home/webleade/glumos.webleader.in/index.php(37): CodeIgniter\CodeIgniter->run()
#13 {main}
CRITICAL - 2022-02-12 02:16:18 --> Your card was declined. Your request was in test mode, but used a non test (live) card. For a list of valid test cards, visit: https://stripe.com/docs/testing.
#0 /home/webleade/glumos.webleader.in/vendor/stripe/stripe-php/lib/Exception/CardException.php(38): Stripe\Exception\ApiErrorException::factory('Your card was d...', 402, '{\n  "error": {\n...', Array, Object(Stripe\Util\CaseInsensitiveArray), 'card_declined')
#1 /home/webleade/glumos.webleader.in/vendor/stripe/stripe-php/lib/ApiRequestor.php(219): Stripe\Exception\CardException::factory('Your card was d...', 402, '{\n  "error": {\n...', Array, Object(Stripe\Util\CaseInsensitiveArray), 'card_declined', 'test_mode_live_...', '')
#2 /home/webleade/glumos.webleader.in/vendor/stripe/stripe-php/lib/ApiRequestor.php(175): Stripe\ApiRequestor::_specificAPIError('{\n  "error": {\n...', 402, Object(Stripe\Util\CaseInsensitiveArray), Array, Array)
#3 /home/webleade/glumos.webleader.in/vendor/stripe/stripe-php/lib/ApiRequestor.php(560): Stripe\ApiRequestor->handleErrorResponse('{\n  "error": {\n...', 402, Object(Stripe\Util\CaseInsensitiveArray), Array)
#4 /home/webleade/glumos.webleader.in/vendor/stripe/stripe-php/lib/ApiRequestor.php(124): Stripe\ApiRequestor->_interpretResponse('{\n  "error": {\n...', 402, Object(Stripe\Util\CaseInsensitiveArray))
#5 /home/webleade/glumos.webleader.in/vendor/stripe/stripe-php/lib/BaseStripeClient.php(134): Stripe\ApiRequestor->request('post', '/v1/customers', Array, Array)
#6 /home/webleade/glumos.webleader.in/vendor/stripe/stripe-php/lib/Service/AbstractService.php(75): Stripe\BaseStripeClient->request('post', '/v1/customers', Array, Object(Stripe\Util\RequestOptions))
#7 /home/webleade/glumos.webleader.in/vendor/stripe/stripe-php/lib/Service/CustomerService.php(102): Stripe\Service\AbstractService->request('post', '/v1/customers', Array, NULL)
#8 /home/webleade/glumos.webleader.in/app/Controllers/Checkout.php(26): Stripe\Service\CustomerService->create(Array)
#9 /home/webleade/glumos.webleader.in/system/CodeIgniter.php(824): App\Controllers\Checkout->process()
#10 /home/webleade/glumos.webleader.in/system/CodeIgniter.php(410): CodeIgniter\CodeIgniter->runController(Object(App\Controllers\Checkout))
#11 /home/webleade/glumos.webleader.in/system/CodeIgniter.php(318): CodeIgniter\CodeIgniter->handleRequest(NULL, Object(Config\Cache), false)
#12 /home/webleade/glumos.webleader.in/index.php(37): CodeIgniter\CodeIgniter->run()
#13 {main}
CRITICAL - 2022-02-12 02:16:39 --> No such price: 'price_1KRGfQJWHIkbNS801PfZFYaK'; a similar object exists in live mode, but a test mode key was used to make this request.
#0 /home/webleade/glumos.webleader.in/vendor/stripe/stripe-php/lib/Exception/InvalidRequestException.php(35): Stripe\Exception\ApiErrorException::factory('No such price: ...', 400, '{\n  "error": {\n...', Array, Object(Stripe\Util\CaseInsensitiveArray), 'resource_missin...')
#1 /home/webleade/glumos.webleader.in/vendor/stripe/stripe-php/lib/ApiRequestor.php(213): Stripe\Exception\InvalidRequestException::factory('No such price: ...', 400, '{\n  "error": {\n...', Array, Object(Stripe\Util\CaseInsensitiveArray), 'resource_missin...', 'items[0][price]')
#2 /home/webleade/glumos.webleader.in/vendor/stripe/stripe-php/lib/ApiRequestor.php(175): Stripe\ApiRequestor::_specificAPIError('{\n  "error": {\n...', 400, Object(Stripe\Util\CaseInsensitiveArray), Array, Array)
#3 /home/webleade/glumos.webleader.in/vendor/stripe/stripe-php/lib/ApiRequestor.php(560): Stripe\ApiRequestor->handleErrorResponse('{\n  "error": {\n...', 400, Object(Stripe\Util\CaseInsensitiveArray), Array)
#4 /home/webleade/glumos.webleader.in/vendor/stripe/stripe-php/lib/ApiRequestor.php(124): Stripe\ApiRequestor->_interpretResponse('{\n  "error": {\n...', 400, Object(Stripe\Util\CaseInsensitiveArray))
#5 /home/webleade/glumos.webleader.in/vendor/stripe/stripe-php/lib/BaseStripeClient.php(134): Stripe\ApiRequestor->request('post', '/v1/subscriptio...', Array, Array)
#6 /home/webleade/glumos.webleader.in/vendor/stripe/stripe-php/lib/Service/AbstractService.php(75): Stripe\BaseStripeClient->request('post', '/v1/subscriptio...', Array, Object(Stripe\Util\RequestOptions))
#7 /home/webleade/glumos.webleader.in/vendor/stripe/stripe-php/lib/Service/SubscriptionService.php(70): Stripe\Service\AbstractService->request('post', '/v1/subscriptio...', Array, NULL)
#8 /home/webleade/glumos.webleader.in/app/Controllers/Checkout.php(36): Stripe\Service\SubscriptionService->create(Array)
#9 /home/webleade/glumos.webleader.in/system/CodeIgniter.php(824): App\Controllers\Checkout->process()
#10 /home/webleade/glumos.webleader.in/system/CodeIgniter.php(410): CodeIgniter\CodeIgniter->runController(Object(App\Controllers\Checkout))
#11 /home/webleade/glumos.webleader.in/system/CodeIgniter.php(318): CodeIgniter\CodeIgniter->handleRequest(NULL, Object(Config\Cache), false)
#12 /home/webleade/glumos.webleader.in/index.php(37): CodeIgniter\CodeIgniter->run()
#13 {main}
CRITICAL - 2022-02-12 02:57:03 --> You cannot use a Stripe token more than once: tok_1KSHPDJWHIkbNS80dVYf6s9n.
#0 /home/webleade/glumos.webleader.in/vendor/stripe/stripe-php/lib/Exception/InvalidRequestException.php(35): Stripe\Exception\ApiErrorException::factory('You cannot use ...', 400, '{\n  "error": {\n...', Array, Object(Stripe\Util\CaseInsensitiveArray), 'token_already_u...')
#1 /home/webleade/glumos.webleader.in/vendor/stripe/stripe-php/lib/ApiRequestor.php(213): Stripe\Exception\InvalidRequestException::factory('You cannot use ...', 400, '{\n  "error": {\n...', Array, Object(Stripe\Util\CaseInsensitiveArray), 'token_already_u...', NULL)
#2 /home/webleade/glumos.webleader.in/vendor/stripe/stripe-php/lib/ApiRequestor.php(175): Stripe\ApiRequestor::_specificAPIError('{\n  "error": {\n...', 400, Object(Stripe\Util\CaseInsensitiveArray), Array, Array)
#3 /home/webleade/glumos.webleader.in/vendor/stripe/stripe-php/lib/ApiRequestor.php(560): Stripe\ApiRequestor->handleErrorResponse('{\n  "error": {\n...', 400, Object(Stripe\Util\CaseInsensitiveArray), Array)
#4 /home/webleade/glumos.webleader.in/vendor/stripe/stripe-php/lib/ApiRequestor.php(124): Stripe\ApiRequestor->_interpretResponse('{\n  "error": {\n...', 400, Object(Stripe\Util\CaseInsensitiveArray))
#5 /home/webleade/glumos.webleader.in/vendor/stripe/stripe-php/lib/BaseStripeClient.php(134): Stripe\ApiRequestor->request('post', '/v1/customers', Array, Array)
#6 /home/webleade/glumos.webleader.in/vendor/stripe/stripe-php/lib/Service/AbstractService.php(75): Stripe\BaseStripeClient->request('post', '/v1/customers', Array, Object(Stripe\Util\RequestOptions))
#7 /home/webleade/glumos.webleader.in/vendor/stripe/stripe-php/lib/Service/CustomerService.php(102): Stripe\Service\AbstractService->request('post', '/v1/customers', Array, NULL)
#8 /home/webleade/glumos.webleader.in/app/Controllers/Checkout.php(26): Stripe\Service\CustomerService->create(Array)
#9 /home/webleade/glumos.webleader.in/system/CodeIgniter.php(824): App\Controllers\Checkout->process()
#10 /home/webleade/glumos.webleader.in/system/CodeIgniter.php(410): CodeIgniter\CodeIgniter->runController(Object(App\Controllers\Checkout))
#11 /home/webleade/glumos.webleader.in/system/CodeIgniter.php(318): CodeIgniter\CodeIgniter->handleRequest(NULL, Object(Config\Cache), false)
#12 /home/webleade/glumos.webleader.in/index.php(37): CodeIgniter\CodeIgniter->run()
#13 {main}
CRITICAL - 2022-02-12 02:59:39 --> You cannot use a Stripe token more than once: tok_1KSHRlJWHIkbNS806cS50I9O.
#0 /home/webleade/glumos.webleader.in/vendor/stripe/stripe-php/lib/Exception/InvalidRequestException.php(35): Stripe\Exception\ApiErrorException::factory('You cannot use ...', 400, '{\n  "error": {\n...', Array, Object(Stripe\Util\CaseInsensitiveArray), 'token_already_u...')
#1 /home/webleade/glumos.webleader.in/vendor/stripe/stripe-php/lib/ApiRequestor.php(213): Stripe\Exception\InvalidRequestException::factory('You cannot use ...', 400, '{\n  "error": {\n...', Array, Object(Stripe\Util\CaseInsensitiveArray), 'token_already_u...', NULL)
#2 /home/webleade/glumos.webleader.in/vendor/stripe/stripe-php/lib/ApiRequestor.php(175): Stripe\ApiRequestor::_specificAPIError('{\n  "error": {\n...', 400, Object(Stripe\Util\CaseInsensitiveArray), Array, Array)
#3 /home/webleade/glumos.webleader.in/vendor/stripe/stripe-php/lib/ApiRequestor.php(560): Stripe\ApiRequestor->handleErrorResponse('{\n  "error": {\n...', 400, Object(Stripe\Util\CaseInsensitiveArray), Array)
#4 /home/webleade/glumos.webleader.in/vendor/stripe/stripe-php/lib/ApiRequestor.php(124): Stripe\ApiRequestor->_interpretResponse('{\n  "error": {\n...', 400, Object(Stripe\Util\CaseInsensitiveArray))
#5 /home/webleade/glumos.webleader.in/vendor/stripe/stripe-php/lib/BaseStripeClient.php(134): Stripe\ApiRequestor->request('post', '/v1/customers', Array, Array)
#6 /home/webleade/glumos.webleader.in/vendor/stripe/stripe-php/lib/Service/AbstractService.php(75): Stripe\BaseStripeClient->request('post', '/v1/customers', Array, Object(Stripe\Util\RequestOptions))
#7 /home/webleade/glumos.webleader.in/vendor/stripe/stripe-php/lib/Service/CustomerService.php(102): Stripe\Service\AbstractService->request('post', '/v1/customers', Array, NULL)
#8 /home/webleade/glumos.webleader.in/app/Controllers/Checkout.php(26): Stripe\Service\CustomerService->create(Array)
#9 /home/webleade/glumos.webleader.in/system/CodeIgniter.php(824): App\Controllers\Checkout->process()
#10 /home/webleade/glumos.webleader.in/system/CodeIgniter.php(410): CodeIgniter\CodeIgniter->runController(Object(App\Controllers\Checkout))
#11 /home/webleade/glumos.webleader.in/system/CodeIgniter.php(318): CodeIgniter\CodeIgniter->handleRequest(NULL, Object(Config\Cache), false)
#12 /home/webleade/glumos.webleader.in/index.php(37): CodeIgniter\CodeIgniter->run()
#13 {main}
CRITICAL - 2022-02-12 06:33:48 --> Cannot use object of type stdClass as array
#0 /home/webleade/glumos.webleader.in/system/View/View.php(214): include()
#1 /home/webleade/glumos.webleader.in/system/View/View.php(217): CodeIgniter\View\View->CodeIgniter\View\{closure}()
#2 /home/webleade/glumos.webleader.in/system/Common.php(1097): CodeIgniter\View\View->render('subscription/ch...', Array, true)
#3 /home/webleade/glumos.webleader.in/app/Controllers/Checkout.php(27): view('subscription/ch...', Array)
#4 /home/webleade/glumos.webleader.in/system/CodeIgniter.php(824): App\Controllers\Checkout->index()
#5 /home/webleade/glumos.webleader.in/system/CodeIgniter.php(410): CodeIgniter\CodeIgniter->runController(Object(App\Controllers\Checkout))
#6 /home/webleade/glumos.webleader.in/system/CodeIgniter.php(318): CodeIgniter\CodeIgniter->handleRequest(NULL, Object(Config\Cache), false)
#7 /home/webleade/glumos.webleader.in/index.php(37): CodeIgniter\CodeIgniter->run()
#8 {main}
CRITICAL - 2022-02-12 06:34:05 --> Cannot use object of type stdClass as array
#0 /home/webleade/glumos.webleader.in/system/View/View.php(214): include()
#1 /home/webleade/glumos.webleader.in/system/View/View.php(217): CodeIgniter\View\View->CodeIgniter\View\{closure}()
#2 /home/webleade/glumos.webleader.in/system/Common.php(1097): CodeIgniter\View\View->render('subscription/ch...', Array, true)
#3 /home/webleade/glumos.webleader.in/app/Controllers/Checkout.php(27): view('subscription/ch...', Array)
#4 /home/webleade/glumos.webleader.in/system/CodeIgniter.php(824): App\Controllers\Checkout->index()
#5 /home/webleade/glumos.webleader.in/system/CodeIgniter.php(410): CodeIgniter\CodeIgniter->runController(Object(App\Controllers\Checkout))
#6 /home/webleade/glumos.webleader.in/system/CodeIgniter.php(318): CodeIgniter\CodeIgniter->handleRequest(NULL, Object(Config\Cache), false)
#7 /home/webleade/glumos.webleader.in/index.php(37): CodeIgniter\CodeIgniter->run()
#8 {main}
