ERROR - 2022-02-23 01:32:06 --> You have an error in your SQL syntax; check the manual that corresponds to your MariaDB server version for the right syntax to use near '= ('Sales Executive','Bhoomi Shakti Groups','1','0','New Delhi, India','2022-...' at line 1
ERROR - 2022-02-23 01:51:42 --> You have an error in your SQL syntax; check the manual that corresponds to your MariaDB server version for the right syntax to use near '= ('','','1','1','','','2022-02-23')
WHERE `email` = 'syedsaifrza@gmail.com'' at line 1
ERROR - 2022-02-23 01:52:37 --> You have an error in your SQL syntax; check the manual that corresponds to your MariaDB server version for the right syntax to use near '= ('Senior Java Developer','Zerodha Broking Services','1','0','New Delhi , In...' at line 1
CRITICAL - 2022-02-23 08:52:28 --> Call to a member function userdata() on null
#0 /home/webleade/glumos.webleader.in/system/CodeIgniter.php(824): App\Controllers\Dashboard->saveJob()
#1 /home/webleade/glumos.webleader.in/system/CodeIgniter.php(410): CodeIgniter\CodeIgniter->runController(Object(App\Controllers\Dashboard))
#2 /home/webleade/glumos.webleader.in/system/CodeIgniter.php(318): CodeIgniter\CodeIgniter->handleRequest(NULL, Object(Config\Cache), false)
#3 /home/webleade/glumos.webleader.in/index.php(37): CodeIgniter\CodeIgniter->run()
#4 {main}
ERROR - 2022-02-23 08:53:47 --> Unknown column 'email' in 'where clause'
CRITICAL - 2022-02-23 08:53:47 --> Call to a member function getNumRows() on bool
#0 /home/webleade/glumos.webleader.in/app/Controllers/Dashboard.php(129): App\Models\JobSeekers->saveThisJob(Array)
#1 /home/webleade/glumos.webleader.in/system/CodeIgniter.php(824): App\Controllers\Dashboard->saveJob()
#2 /home/webleade/glumos.webleader.in/system/CodeIgniter.php(410): CodeIgniter\CodeIgniter->runController(Object(App\Controllers\Dashboard))
#3 /home/webleade/glumos.webleader.in/system/CodeIgniter.php(318): CodeIgniter\CodeIgniter->handleRequest(NULL, Object(Config\Cache), false)
#4 /home/webleade/glumos.webleader.in/index.php(37): CodeIgniter\CodeIgniter->run()
#5 {main}
ERROR - 2022-02-23 08:53:58 --> Unknown column 'email' in 'where clause'
CRITICAL - 2022-02-23 08:53:58 --> Call to a member function getNumRows() on bool
#0 /home/webleade/glumos.webleader.in/app/Controllers/Dashboard.php(129): App\Models\JobSeekers->saveThisJob(Array)
#1 /home/webleade/glumos.webleader.in/system/CodeIgniter.php(824): App\Controllers\Dashboard->saveJob()
#2 /home/webleade/glumos.webleader.in/system/CodeIgniter.php(410): CodeIgniter\CodeIgniter->runController(Object(App\Controllers\Dashboard))
#3 /home/webleade/glumos.webleader.in/system/CodeIgniter.php(318): CodeIgniter\CodeIgniter->handleRequest(NULL, Object(Config\Cache), false)
#4 /home/webleade/glumos.webleader.in/index.php(37): CodeIgniter\CodeIgniter->run()
#5 {main}
ERROR - 2022-02-23 08:55:56 --> Column 'applicant_id' cannot be null
ERROR - 2022-02-23 08:57:34 --> Column 'applicant_id' cannot be null
ERROR - 2022-02-23 08:57:37 --> Column 'applicant_id' cannot be null
ERROR - 2022-02-23 09:42:49 --> Unknown column 'job_post.find_by' in 'on clause'
CRITICAL - 2022-02-23 09:42:49 --> Call to a member function getResult() on bool
#0 /home/webleade/glumos.webleader.in/app/Controllers/Home.php(24): App\Models\JobModel->getSavedJobs('14')
#1 /home/webleade/glumos.webleader.in/system/CodeIgniter.php(824): App\Controllers\Home->index()
#2 /home/webleade/glumos.webleader.in/system/CodeIgniter.php(410): CodeIgniter\CodeIgniter->runController(Object(App\Controllers\Home))
#3 /home/webleade/glumos.webleader.in/system/CodeIgniter.php(318): CodeIgniter\CodeIgniter->handleRequest(NULL, Object(Config\Cache), false)
#4 /home/webleade/glumos.webleader.in/index.php(37): CodeIgniter\CodeIgniter->run()
#5 {main}
ERROR - 2022-02-23 09:43:54 --> Unknown column 'job_post.find_by' in 'on clause'
CRITICAL - 2022-02-23 09:43:54 --> Call to a member function getResult() on bool
#0 /home/webleade/glumos.webleader.in/app/Controllers/Home.php(24): App\Models\JobModel->getSavedJobs('14')
#1 /home/webleade/glumos.webleader.in/system/CodeIgniter.php(824): App\Controllers\Home->index()
#2 /home/webleade/glumos.webleader.in/system/CodeIgniter.php(410): CodeIgniter\CodeIgniter->runController(Object(App\Controllers\Home))
#3 /home/webleade/glumos.webleader.in/system/CodeIgniter.php(318): CodeIgniter\CodeIgniter->handleRequest(NULL, Object(Config\Cache), false)
#4 /home/webleade/glumos.webleader.in/index.php(37): CodeIgniter\CodeIgniter->run()
#5 {main}
ERROR - 2022-02-23 09:44:34 --> Unknown column 'job_post.find_by' in 'on clause'
CRITICAL - 2022-02-23 09:44:34 --> Call to a member function getResult() on bool
#0 /home/webleade/glumos.webleader.in/app/Controllers/Home.php(24): App\Models\JobModel->getSavedJobs('14')
#1 /home/webleade/glumos.webleader.in/system/CodeIgniter.php(824): App\Controllers\Home->index()
#2 /home/webleade/glumos.webleader.in/system/CodeIgniter.php(410): CodeIgniter\CodeIgniter->runController(Object(App\Controllers\Home))
#3 /home/webleade/glumos.webleader.in/system/CodeIgniter.php(318): CodeIgniter\CodeIgniter->handleRequest(NULL, Object(Config\Cache), false)
#4 /home/webleade/glumos.webleader.in/index.php(37): CodeIgniter\CodeIgniter->run()
#5 {main}
ERROR - 2022-02-23 09:44:38 --> Unknown column 'job_post.find_by' in 'on clause'
CRITICAL - 2022-02-23 09:44:38 --> Call to a member function getResult() on bool
#0 /home/webleade/glumos.webleader.in/app/Controllers/Home.php(24): App\Models\JobModel->getSavedJobs('14')
#1 /home/webleade/glumos.webleader.in/system/CodeIgniter.php(824): App\Controllers\Home->index()
#2 /home/webleade/glumos.webleader.in/system/CodeIgniter.php(410): CodeIgniter\CodeIgniter->runController(Object(App\Controllers\Home))
#3 /home/webleade/glumos.webleader.in/system/CodeIgniter.php(318): CodeIgniter\CodeIgniter->handleRequest(NULL, Object(Config\Cache), false)
#4 /home/webleade/glumos.webleader.in/index.php(37): CodeIgniter\CodeIgniter->run()
#5 {main}
ERROR - 2022-02-23 09:44:41 --> Unknown column 'job_post.find_by' in 'on clause'
CRITICAL - 2022-02-23 09:44:41 --> Call to a member function getResult() on bool
#0 /home/webleade/glumos.webleader.in/app/Controllers/Home.php(24): App\Models\JobModel->getSavedJobs('14')
#1 /home/webleade/glumos.webleader.in/system/CodeIgniter.php(824): App\Controllers\Home->index()
#2 /home/webleade/glumos.webleader.in/system/CodeIgniter.php(410): CodeIgniter\CodeIgniter->runController(Object(App\Controllers\Home))
#3 /home/webleade/glumos.webleader.in/system/CodeIgniter.php(318): CodeIgniter\CodeIgniter->handleRequest(NULL, Object(Config\Cache), false)
#4 /home/webleade/glumos.webleader.in/index.php(37): CodeIgniter\CodeIgniter->run()
#5 {main}
ERROR - 2022-02-23 09:44:46 --> Unknown column 'job_post.find_by' in 'on clause'
CRITICAL - 2022-02-23 09:44:46 --> Call to a member function getResult() on bool
#0 /home/webleade/glumos.webleader.in/app/Controllers/Home.php(24): App\Models\JobModel->getSavedJobs('14')
#1 /home/webleade/glumos.webleader.in/system/CodeIgniter.php(824): App\Controllers\Home->index()
#2 /home/webleade/glumos.webleader.in/system/CodeIgniter.php(410): CodeIgniter\CodeIgniter->runController(Object(App\Controllers\Home))
#3 /home/webleade/glumos.webleader.in/system/CodeIgniter.php(318): CodeIgniter\CodeIgniter->handleRequest(NULL, Object(Config\Cache), false)
#4 /home/webleade/glumos.webleader.in/index.php(37): CodeIgniter\CodeIgniter->run()
#5 {main}
ERROR - 2022-02-23 09:45:08 --> Unknown column 'job_post.find_by' in 'on clause'
CRITICAL - 2022-02-23 09:45:08 --> Call to a member function getResult() on bool
#0 /home/webleade/glumos.webleader.in/app/Controllers/Home.php(24): App\Models\JobModel->getSavedJobs('14')
#1 /home/webleade/glumos.webleader.in/system/CodeIgniter.php(824): App\Controllers\Home->index()
#2 /home/webleade/glumos.webleader.in/system/CodeIgniter.php(410): CodeIgniter\CodeIgniter->runController(Object(App\Controllers\Home))
#3 /home/webleade/glumos.webleader.in/system/CodeIgniter.php(318): CodeIgniter\CodeIgniter->handleRequest(NULL, Object(Config\Cache), false)
#4 /home/webleade/glumos.webleader.in/index.php(37): CodeIgniter\CodeIgniter->run()
#5 {main}
ERROR - 2022-02-23 09:45:11 --> Unknown column 'job_post.find_by' in 'on clause'
CRITICAL - 2022-02-23 09:45:11 --> Call to a member function getResult() on bool
#0 /home/webleade/glumos.webleader.in/app/Controllers/Home.php(24): App\Models\JobModel->getSavedJobs('14')
#1 /home/webleade/glumos.webleader.in/system/CodeIgniter.php(824): App\Controllers\Home->index()
#2 /home/webleade/glumos.webleader.in/system/CodeIgniter.php(410): CodeIgniter\CodeIgniter->runController(Object(App\Controllers\Home))
#3 /home/webleade/glumos.webleader.in/system/CodeIgniter.php(318): CodeIgniter\CodeIgniter->handleRequest(NULL, Object(Config\Cache), false)
#4 /home/webleade/glumos.webleader.in/index.php(37): CodeIgniter\CodeIgniter->run()
#5 {main}
CRITICAL - 2022-02-23 09:45:13 --> Cannot use isset() on the result of an expression (you can use "null !== expression" instead)
#0 [internal function]: CodeIgniter\Debug\Exceptions->shutdownHandler()
#1 {main}
ERROR - 2022-02-23 09:45:38 --> Unknown column 'job_post.find_by' in 'on clause'
CRITICAL - 2022-02-23 09:45:38 --> Call to a member function getResult() on bool
#0 /home/webleade/glumos.webleader.in/app/Controllers/Home.php(24): App\Models\JobModel->getSavedJobs('14')
#1 /home/webleade/glumos.webleader.in/system/CodeIgniter.php(824): App\Controllers\Home->index()
#2 /home/webleade/glumos.webleader.in/system/CodeIgniter.php(410): CodeIgniter\CodeIgniter->runController(Object(App\Controllers\Home))
#3 /home/webleade/glumos.webleader.in/system/CodeIgniter.php(318): CodeIgniter\CodeIgniter->handleRequest(NULL, Object(Config\Cache), false)
#4 /home/webleade/glumos.webleader.in/index.php(37): CodeIgniter\CodeIgniter->run()
#5 {main}
ERROR - 2022-02-23 09:45:40 --> Unknown column 'job_post.find_by' in 'on clause'
CRITICAL - 2022-02-23 09:45:40 --> Call to a member function getResult() on bool
#0 /home/webleade/glumos.webleader.in/app/Controllers/Home.php(24): App\Models\JobModel->getSavedJobs('14')
#1 /home/webleade/glumos.webleader.in/system/CodeIgniter.php(824): App\Controllers\Home->index()
#2 /home/webleade/glumos.webleader.in/system/CodeIgniter.php(410): CodeIgniter\CodeIgniter->runController(Object(App\Controllers\Home))
#3 /home/webleade/glumos.webleader.in/system/CodeIgniter.php(318): CodeIgniter\CodeIgniter->handleRequest(NULL, Object(Config\Cache), false)
#4 /home/webleade/glumos.webleader.in/index.php(37): CodeIgniter\CodeIgniter->run()
#5 {main}
ERROR - 2022-02-23 09:46:27 --> Unknown column 'job_post.find_by' in 'on clause'
CRITICAL - 2022-02-23 09:46:27 --> Call to a member function getResult() on bool
#0 /home/webleade/glumos.webleader.in/app/Controllers/Home.php(24): App\Models\JobModel->getSavedJobs('14')
#1 /home/webleade/glumos.webleader.in/system/CodeIgniter.php(824): App\Controllers\Home->index()
#2 /home/webleade/glumos.webleader.in/system/CodeIgniter.php(410): CodeIgniter\CodeIgniter->runController(Object(App\Controllers\Home))
#3 /home/webleade/glumos.webleader.in/system/CodeIgniter.php(318): CodeIgniter\CodeIgniter->handleRequest(NULL, Object(Config\Cache), false)
#4 /home/webleade/glumos.webleader.in/index.php(37): CodeIgniter\CodeIgniter->run()
#5 {main}
ERROR - 2022-02-23 09:46:30 --> Unknown column 'job_post.find_by' in 'on clause'
CRITICAL - 2022-02-23 09:46:30 --> Call to a member function getResult() on bool
#0 /home/webleade/glumos.webleader.in/app/Controllers/Home.php(24): App\Models\JobModel->getSavedJobs('14')
#1 /home/webleade/glumos.webleader.in/system/CodeIgniter.php(824): App\Controllers\Home->index()
#2 /home/webleade/glumos.webleader.in/system/CodeIgniter.php(410): CodeIgniter\CodeIgniter->runController(Object(App\Controllers\Home))
#3 /home/webleade/glumos.webleader.in/system/CodeIgniter.php(318): CodeIgniter\CodeIgniter->handleRequest(NULL, Object(Config\Cache), false)
#4 /home/webleade/glumos.webleader.in/index.php(37): CodeIgniter\CodeIgniter->run()
#5 {main}
