CRITICAL - 2022-02-02 00:44:02 --> You must set the database table to be used with your query.
#0 /home/webleade/glumos.webleader.in/system/Model.php(545): CodeIgniter\Database\BaseConnection->table(NULL)
#1 /home/webleade/glumos.webleader.in/system/Model.php(717): CodeIgniter\Model->builder()
#2 /home/webleade/glumos.webleader.in/app/Controllers/Dashboard.php(106): CodeIgniter\Model->__call('getExp', Array)
#3 /home/webleade/glumos.webleader.in/system/CodeIgniter.php(824): App\Controllers\Dashboard->resume()
#4 /home/webleade/glumos.webleader.in/system/CodeIgniter.php(410): CodeIgniter\CodeIgniter->runController(Object(App\Controllers\Dashboard))
#5 /home/webleade/glumos.webleader.in/system/CodeIgniter.php(318): CodeIgniter\CodeIgniter->handleRequest(NULL, Object(Config\Cache), false)
#6 /home/webleade/glumos.webleader.in/index.php(37): CodeIgniter\CodeIgniter->run()
#7 {main}
CRITICAL - 2022-02-02 00:44:45 --> Cannot redeclare App\Models\JobSeekers::getDetails()
#0 [internal function]: CodeIgniter\Debug\Exceptions->shutdownHandler()
#1 {main}
ERROR - 2022-02-02 00:48:12 --> You have an error in your SQL syntax; check the manual that corresponds to your MariaDB server version for the right syntax to use near '= ('Sales Executive','Bhoomi Shakti Groups','1','0')
WHERE `email` = 'syedsai...' at line 1
ERROR - 2022-02-02 00:48:46 --> You have an error in your SQL syntax; check the manual that corresponds to your MariaDB server version for the right syntax to use near '= ('Linear Programmer','Nasflow Techs','2','0')
WHERE `email` = 'syedsaif@gma...' at line 1
ERROR - 2022-02-02 01:02:06 --> You have an error in your SQL syntax; check the manual that corresponds to your MariaDB server version for the right syntax to use near '= ('Scalan Intership Programme','Digital India Int. Group','1','1')
WHERE `em...' at line 1
ERROR - 2022-02-02 04:55:40 --> You have an error in your SQL syntax; check the manual that corresponds to your MariaDB server version for the right syntax to use near '= ('Sales Executive','Bhoomi Shakti Groups','1','2')
WHERE `email` = 'thilak0...' at line 1
ERROR - 2022-02-02 07:07:36 --> You have an error in your SQL syntax; check the manual that corresponds to your MariaDB server version for the right syntax to use near '= (' Fullstack Deveoper Intern','foundX','1','1')
WHERE `email` = 'thilak014@...' at line 1
ERROR - 2022-02-02 07:07:53 --> You have an error in your SQL syntax; check the manual that corresponds to your MariaDB server version for the right syntax to use near '= (' Fullstack Deveoper Intern','foundX','1','1')
WHERE `email` = 'thilak014@...' at line 1
ERROR - 2022-02-02 07:09:53 --> You have an error in your SQL syntax; check the manual that corresponds to your MariaDB server version for the right syntax to use near '= (' Fullstack Deveoper Intern','foundX','1','1')
WHERE `email` = 'thilak014@...' at line 1
