ERROR - 2022-02-04 00:21:09 --> Unknown column 'company_id' in 'where clause'
CRITICAL - 2022-02-04 00:21:09 --> Call to a member function getResult() on bool
#0 /home/webleade/glumos.webleader.in/app/Controllers/Dashboard.php(170): App\Models\JobSeekers->getCompanyAssets(NULL)
#1 /home/webleade/glumos.webleader.in/system/CodeIgniter.php(824): App\Controllers\Dashboard->jobExplanation('0f74e5b23392302...')
#2 /home/webleade/glumos.webleader.in/system/CodeIgniter.php(410): CodeIgniter\CodeIgniter->runController(Object(App\Controllers\Dashboard))
#3 /home/webleade/glumos.webleader.in/system/CodeIgniter.php(318): CodeIgniter\CodeIgniter->handleRequest(NULL, Object(Config\Cache), false)
#4 /home/webleade/glumos.webleader.in/index.php(37): CodeIgniter\CodeIgniter->run()
#5 {main}
CRITICAL - 2022-02-04 05:23:18 --> Cannot use object of type stdClass as array
#0 /home/webleade/glumos.webleader.in/system/View/View.php(214): include()
#1 /home/webleade/glumos.webleader.in/system/View/View.php(217): CodeIgniter\View\View->CodeIgniter\View\{closure}()
#2 /home/webleade/glumos.webleader.in/system/View/View.php(432): CodeIgniter\View\View->render('front/component...', NULL, true)
#3 /home/webleade/glumos.webleader.in/app/Views/front/user/jobInfo.php(51): CodeIgniter\View\View->include('front/component...')
#4 /home/webleade/glumos.webleader.in/system/View/View.php(214): include('/home/webleade/...')
#5 /home/webleade/glumos.webleader.in/system/View/View.php(217): CodeIgniter\View\View->CodeIgniter\View\{closure}()
#6 /home/webleade/glumos.webleader.in/system/Common.php(1097): CodeIgniter\View\View->render('front/user/jobI...', Array, true)
#7 /home/webleade/glumos.webleader.in/app/Controllers/Dashboard.php(182): view('front/user/jobI...', Array)
#8 /home/webleade/glumos.webleader.in/system/CodeIgniter.php(824): App\Controllers\Dashboard->jobExplanation('0f74e5b23392302...')
#9 /home/webleade/glumos.webleader.in/system/CodeIgniter.php(410): CodeIgniter\CodeIgniter->runController(Object(App\Controllers\Dashboard))
#10 /home/webleade/glumos.webleader.in/system/CodeIgniter.php(318): CodeIgniter\CodeIgniter->handleRequest(NULL, Object(Config\Cache), false)
#11 /home/webleade/glumos.webleader.in/index.php(37): CodeIgniter\CodeIgniter->run()
#12 {main}
CRITICAL - 2022-02-04 05:23:47 --> Cannot use object of type stdClass as array
#0 /home/webleade/glumos.webleader.in/system/View/View.php(214): include()
#1 /home/webleade/glumos.webleader.in/system/View/View.php(217): CodeIgniter\View\View->CodeIgniter\View\{closure}()
#2 /home/webleade/glumos.webleader.in/system/View/View.php(432): CodeIgniter\View\View->render('front/component...', NULL, true)
#3 /home/webleade/glumos.webleader.in/app/Views/front/user/jobInfo.php(51): CodeIgniter\View\View->include('front/component...')
#4 /home/webleade/glumos.webleader.in/system/View/View.php(214): include('/home/webleade/...')
#5 /home/webleade/glumos.webleader.in/system/View/View.php(217): CodeIgniter\View\View->CodeIgniter\View\{closure}()
#6 /home/webleade/glumos.webleader.in/system/Common.php(1097): CodeIgniter\View\View->render('front/user/jobI...', Array, true)
#7 /home/webleade/glumos.webleader.in/app/Controllers/Dashboard.php(182): view('front/user/jobI...', Array)
#8 /home/webleade/glumos.webleader.in/system/CodeIgniter.php(824): App\Controllers\Dashboard->jobExplanation('0f74e5b23392302...')
#9 /home/webleade/glumos.webleader.in/system/CodeIgniter.php(410): CodeIgniter\CodeIgniter->runController(Object(App\Controllers\Dashboard))
#10 /home/webleade/glumos.webleader.in/system/CodeIgniter.php(318): CodeIgniter\CodeIgniter->handleRequest(NULL, Object(Config\Cache), false)
#11 /home/webleade/glumos.webleader.in/index.php(37): CodeIgniter\CodeIgniter->run()
#12 {main}
CRITICAL - 2022-02-04 05:24:10 --> Cannot use object of type stdClass as array
#0 /home/webleade/glumos.webleader.in/system/View/View.php(214): include()
#1 /home/webleade/glumos.webleader.in/system/View/View.php(217): CodeIgniter\View\View->CodeIgniter\View\{closure}()
#2 /home/webleade/glumos.webleader.in/system/View/View.php(432): CodeIgniter\View\View->render('front/component...', NULL, true)
#3 /home/webleade/glumos.webleader.in/app/Views/front/user/jobInfo.php(51): CodeIgniter\View\View->include('front/component...')
#4 /home/webleade/glumos.webleader.in/system/View/View.php(214): include('/home/webleade/...')
#5 /home/webleade/glumos.webleader.in/system/View/View.php(217): CodeIgniter\View\View->CodeIgniter\View\{closure}()
#6 /home/webleade/glumos.webleader.in/system/Common.php(1097): CodeIgniter\View\View->render('front/user/jobI...', Array, true)
#7 /home/webleade/glumos.webleader.in/app/Controllers/Dashboard.php(182): view('front/user/jobI...', Array)
#8 /home/webleade/glumos.webleader.in/system/CodeIgniter.php(824): App\Controllers\Dashboard->jobExplanation('0f74e5b23392302...')
#9 /home/webleade/glumos.webleader.in/system/CodeIgniter.php(410): CodeIgniter\CodeIgniter->runController(Object(App\Controllers\Dashboard))
#10 /home/webleade/glumos.webleader.in/system/CodeIgniter.php(318): CodeIgniter\CodeIgniter->handleRequest(NULL, Object(Config\Cache), false)
#11 /home/webleade/glumos.webleader.in/index.php(37): CodeIgniter\CodeIgniter->run()
#12 {main}
CRITICAL - 2022-02-04 07:30:14 --> count(): Parameter must be an array or an object that implements Countable
#0 /home/webleade/glumos.webleader.in/app/Views/front/components/job-application.php(17): CodeIgniter\Debug\Exceptions->errorHandler(2, 'count(): Parame...', '/home/webleade/...', 17, Array)
#1 /home/webleade/glumos.webleader.in/system/View/View.php(214): include('/home/webleade/...')
#2 /home/webleade/glumos.webleader.in/system/View/View.php(217): CodeIgniter\View\View->CodeIgniter\View\{closure}()
#3 /home/webleade/glumos.webleader.in/system/View/View.php(432): CodeIgniter\View\View->render('front/component...', NULL, true)
#4 /home/webleade/glumos.webleader.in/app/Views/front/user/applyJobs.php(48): CodeIgniter\View\View->include('front/component...')
#5 /home/webleade/glumos.webleader.in/system/View/View.php(214): include('/home/webleade/...')
#6 /home/webleade/glumos.webleader.in/system/View/View.php(217): CodeIgniter\View\View->CodeIgniter\View\{closure}()
#7 /home/webleade/glumos.webleader.in/system/Common.php(1097): CodeIgniter\View\View->render('front/user/appl...', Array, true)
#8 /home/webleade/glumos.webleader.in/app/Controllers/Dashboard.php(322): view('front/user/appl...', Array)
#9 /home/webleade/glumos.webleader.in/system/CodeIgniter.php(824): App\Controllers\Dashboard->applyJob('0ca32d519de9b68...')
#10 /home/webleade/glumos.webleader.in/system/CodeIgniter.php(410): CodeIgniter\CodeIgniter->runController(Object(App\Controllers\Dashboard))
#11 /home/webleade/glumos.webleader.in/system/CodeIgniter.php(318): CodeIgniter\CodeIgniter->handleRequest(NULL, Object(Config\Cache), false)
#12 /home/webleade/glumos.webleader.in/index.php(37): CodeIgniter\CodeIgniter->run()
#13 {main}
CRITICAL - 2022-02-04 19:01:45 --> Invalid argument supplied for foreach()
#0 /home/webleade/glumos.webleader.in/app/Views/front/components/browse-jobs.php(188): CodeIgniter\Debug\Exceptions->errorHandler(2, 'Invalid argumen...', '/home/webleade/...', 188, Array)
#1 /home/webleade/glumos.webleader.in/system/View/View.php(214): include('/home/webleade/...')
#2 /home/webleade/glumos.webleader.in/system/View/View.php(217): CodeIgniter\View\View->CodeIgniter\View\{closure}()
#3 /home/webleade/glumos.webleader.in/system/View/View.php(432): CodeIgniter\View\View->render('front/component...', NULL, true)
#4 /home/webleade/glumos.webleader.in/app/Views/front/user/browsejobs.php(44): CodeIgniter\View\View->include('front/component...')
#5 /home/webleade/glumos.webleader.in/system/View/View.php(214): include('/home/webleade/...')
#6 /home/webleade/glumos.webleader.in/system/View/View.php(217): CodeIgniter\View\View->CodeIgniter\View\{closure}()
#7 /home/webleade/glumos.webleader.in/system/Common.php(1097): CodeIgniter\View\View->render('front/user/brow...', Array, true)
#8 /home/webleade/glumos.webleader.in/app/Controllers/Dashboard.php(162): view('front/user/brow...', Array)
#9 /home/webleade/glumos.webleader.in/system/CodeIgniter.php(824): App\Controllers\Dashboard->browseAllJobs()
#10 /home/webleade/glumos.webleader.in/system/CodeIgniter.php(410): CodeIgniter\CodeIgniter->runController(Object(App\Controllers\Dashboard))
#11 /home/webleade/glumos.webleader.in/system/CodeIgniter.php(318): CodeIgniter\CodeIgniter->handleRequest(NULL, Object(Config\Cache), false)
#12 /home/webleade/glumos.webleader.in/index.php(37): CodeIgniter\CodeIgniter->run()
#13 {main}
CRITICAL - 2022-02-04 19:06:23 --> Invalid argument supplied for foreach()
#0 /home/webleade/glumos.webleader.in/app/Views/front/components/browse-jobs.php(188): CodeIgniter\Debug\Exceptions->errorHandler(2, 'Invalid argumen...', '/home/webleade/...', 188, Array)
#1 /home/webleade/glumos.webleader.in/system/View/View.php(214): include('/home/webleade/...')
#2 /home/webleade/glumos.webleader.in/system/View/View.php(217): CodeIgniter\View\View->CodeIgniter\View\{closure}()
#3 /home/webleade/glumos.webleader.in/system/View/View.php(432): CodeIgniter\View\View->render('front/component...', NULL, true)
#4 /home/webleade/glumos.webleader.in/app/Views/front/user/browsejobs.php(44): CodeIgniter\View\View->include('front/component...')
#5 /home/webleade/glumos.webleader.in/system/View/View.php(214): include('/home/webleade/...')
#6 /home/webleade/glumos.webleader.in/system/View/View.php(217): CodeIgniter\View\View->CodeIgniter\View\{closure}()
#7 /home/webleade/glumos.webleader.in/system/Common.php(1097): CodeIgniter\View\View->render('front/user/brow...', Array, true)
#8 /home/webleade/glumos.webleader.in/app/Controllers/Dashboard.php(162): view('front/user/brow...', Array)
#9 /home/webleade/glumos.webleader.in/system/CodeIgniter.php(824): App\Controllers\Dashboard->browseAllJobs()
#10 /home/webleade/glumos.webleader.in/system/CodeIgniter.php(410): CodeIgniter\CodeIgniter->runController(Object(App\Controllers\Dashboard))
#11 /home/webleade/glumos.webleader.in/system/CodeIgniter.php(318): CodeIgniter\CodeIgniter->handleRequest(NULL, Object(Config\Cache), false)
#12 /home/webleade/glumos.webleader.in/index.php(37): CodeIgniter\CodeIgniter->run()
#13 {main}
