CRITICAL - 2022-02-26 19:34:00 --> Invalid argument supplied for foreach()
#0 /home/webleade/glumos.webleader.in/app/Views/front/components/browse-jobs.php(279): CodeIgniter\Debug\Exceptions->errorHandler(2, 'Invalid argumen...', '/home/webleade/...', 279, Array)
#1 /home/webleade/glumos.webleader.in/system/View/View.php(214): include('/home/webleade/...')
#2 /home/webleade/glumos.webleader.in/system/View/View.php(217): CodeIgniter\View\View->CodeIgniter\View\{closure}()
#3 /home/webleade/glumos.webleader.in/system/View/View.php(432): CodeIgniter\View\View->render('front/component...', NULL, true)
#4 /home/webleade/glumos.webleader.in/app/Views/front/user/browsejobs.php(41): CodeIgniter\View\View->include('front/component...')
#5 /home/webleade/glumos.webleader.in/system/View/View.php(214): include('/home/webleade/...')
#6 /home/webleade/glumos.webleader.in/system/View/View.php(217): CodeIgniter\View\View->CodeIgniter\View\{closure}()
#7 /home/webleade/glumos.webleader.in/system/Common.php(1097): CodeIgniter\View\View->render('front/user/brow...', Array, true)
#8 /home/webleade/glumos.webleader.in/app/Controllers/Dashboard.php(243): view('front/user/brow...', Array)
#9 /home/webleade/glumos.webleader.in/system/CodeIgniter.php(824): App\Controllers\Dashboard->browseAllJobs()
#10 /home/webleade/glumos.webleader.in/system/CodeIgniter.php(410): CodeIgniter\CodeIgniter->runController(Object(App\Controllers\Dashboard))
#11 /home/webleade/glumos.webleader.in/system/CodeIgniter.php(318): CodeIgniter\CodeIgniter->handleRequest(NULL, Object(Config\Cache), false)
#12 /home/webleade/glumos.webleader.in/index.php(37): CodeIgniter\CodeIgniter->run()
#13 {main}
CRITICAL - 2022-02-26 19:34:18 --> Invalid argument supplied for foreach()
#0 /home/webleade/glumos.webleader.in/app/Views/front/components/browse-jobs.php(279): CodeIgniter\Debug\Exceptions->errorHandler(2, 'Invalid argumen...', '/home/webleade/...', 279, Array)
#1 /home/webleade/glumos.webleader.in/system/View/View.php(214): include('/home/webleade/...')
#2 /home/webleade/glumos.webleader.in/system/View/View.php(217): CodeIgniter\View\View->CodeIgniter\View\{closure}()
#3 /home/webleade/glumos.webleader.in/system/View/View.php(432): CodeIgniter\View\View->render('front/component...', NULL, true)
#4 /home/webleade/glumos.webleader.in/app/Views/front/user/browsejobs.php(41): CodeIgniter\View\View->include('front/component...')
#5 /home/webleade/glumos.webleader.in/system/View/View.php(214): include('/home/webleade/...')
#6 /home/webleade/glumos.webleader.in/system/View/View.php(217): CodeIgniter\View\View->CodeIgniter\View\{closure}()
#7 /home/webleade/glumos.webleader.in/system/Common.php(1097): CodeIgniter\View\View->render('front/user/brow...', Array, true)
#8 /home/webleade/glumos.webleader.in/app/Controllers/Dashboard.php(243): view('front/user/brow...', Array)
#9 /home/webleade/glumos.webleader.in/system/CodeIgniter.php(824): App\Controllers\Dashboard->browseAllJobs()
#10 /home/webleade/glumos.webleader.in/system/CodeIgniter.php(410): CodeIgniter\CodeIgniter->runController(Object(App\Controllers\Dashboard))
#11 /home/webleade/glumos.webleader.in/system/CodeIgniter.php(318): CodeIgniter\CodeIgniter->handleRequest(NULL, Object(Config\Cache), false)
#12 /home/webleade/glumos.webleader.in/index.php(37): CodeIgniter\CodeIgniter->run()
#13 {main}
CRITICAL - 2022-02-26 19:34:47 --> Invalid argument supplied for foreach()
#0 /home/webleade/glumos.webleader.in/app/Views/front/components/browse-jobs.php(279): CodeIgniter\Debug\Exceptions->errorHandler(2, 'Invalid argumen...', '/home/webleade/...', 279, Array)
#1 /home/webleade/glumos.webleader.in/system/View/View.php(214): include('/home/webleade/...')
#2 /home/webleade/glumos.webleader.in/system/View/View.php(217): CodeIgniter\View\View->CodeIgniter\View\{closure}()
#3 /home/webleade/glumos.webleader.in/system/View/View.php(432): CodeIgniter\View\View->render('front/component...', NULL, true)
#4 /home/webleade/glumos.webleader.in/app/Views/front/user/browsejobs.php(41): CodeIgniter\View\View->include('front/component...')
#5 /home/webleade/glumos.webleader.in/system/View/View.php(214): include('/home/webleade/...')
#6 /home/webleade/glumos.webleader.in/system/View/View.php(217): CodeIgniter\View\View->CodeIgniter\View\{closure}()
#7 /home/webleade/glumos.webleader.in/system/Common.php(1097): CodeIgniter\View\View->render('front/user/brow...', Array, true)
#8 /home/webleade/glumos.webleader.in/app/Controllers/Dashboard.php(243): view('front/user/brow...', Array)
#9 /home/webleade/glumos.webleader.in/system/CodeIgniter.php(824): App\Controllers\Dashboard->browseAllJobs()
#10 /home/webleade/glumos.webleader.in/system/CodeIgniter.php(410): CodeIgniter\CodeIgniter->runController(Object(App\Controllers\Dashboard))
#11 /home/webleade/glumos.webleader.in/system/CodeIgniter.php(318): CodeIgniter\CodeIgniter->handleRequest(NULL, Object(Config\Cache), false)
#12 /home/webleade/glumos.webleader.in/index.php(37): CodeIgniter\CodeIgniter->run()
#13 {main}
CRITICAL - 2022-02-26 19:37:20 --> Invalid argument supplied for foreach()
#0 /home/webleade/glumos.webleader.in/app/Views/front/components/browse-jobs.php(279): CodeIgniter\Debug\Exceptions->errorHandler(2, 'Invalid argumen...', '/home/webleade/...', 279, Array)
#1 /home/webleade/glumos.webleader.in/system/View/View.php(214): include('/home/webleade/...')
#2 /home/webleade/glumos.webleader.in/system/View/View.php(217): CodeIgniter\View\View->CodeIgniter\View\{closure}()
#3 /home/webleade/glumos.webleader.in/system/View/View.php(432): CodeIgniter\View\View->render('front/component...', NULL, true)
#4 /home/webleade/glumos.webleader.in/app/Views/front/user/browsejobs.php(41): CodeIgniter\View\View->include('front/component...')
#5 /home/webleade/glumos.webleader.in/system/View/View.php(214): include('/home/webleade/...')
#6 /home/webleade/glumos.webleader.in/system/View/View.php(217): CodeIgniter\View\View->CodeIgniter\View\{closure}()
#7 /home/webleade/glumos.webleader.in/system/Common.php(1097): CodeIgniter\View\View->render('front/user/brow...', Array, true)
#8 /home/webleade/glumos.webleader.in/app/Controllers/Dashboard.php(243): view('front/user/brow...', Array)
#9 /home/webleade/glumos.webleader.in/system/CodeIgniter.php(824): App\Controllers\Dashboard->browseAllJobs()
#10 /home/webleade/glumos.webleader.in/system/CodeIgniter.php(410): CodeIgniter\CodeIgniter->runController(Object(App\Controllers\Dashboard))
#11 /home/webleade/glumos.webleader.in/system/CodeIgniter.php(318): CodeIgniter\CodeIgniter->handleRequest(NULL, Object(Config\Cache), false)
#12 /home/webleade/glumos.webleader.in/index.php(37): CodeIgniter\CodeIgniter->run()
#13 {main}
CRITICAL - 2022-02-26 19:37:54 --> Invalid argument supplied for foreach()
#0 /home/webleade/glumos.webleader.in/app/Views/front/components/browse-jobs.php(279): CodeIgniter\Debug\Exceptions->errorHandler(2, 'Invalid argumen...', '/home/webleade/...', 279, Array)
#1 /home/webleade/glumos.webleader.in/system/View/View.php(214): include('/home/webleade/...')
#2 /home/webleade/glumos.webleader.in/system/View/View.php(217): CodeIgniter\View\View->CodeIgniter\View\{closure}()
#3 /home/webleade/glumos.webleader.in/system/View/View.php(432): CodeIgniter\View\View->render('front/component...', NULL, true)
#4 /home/webleade/glumos.webleader.in/app/Views/front/user/browsejobs.php(41): CodeIgniter\View\View->include('front/component...')
#5 /home/webleade/glumos.webleader.in/system/View/View.php(214): include('/home/webleade/...')
#6 /home/webleade/glumos.webleader.in/system/View/View.php(217): CodeIgniter\View\View->CodeIgniter\View\{closure}()
#7 /home/webleade/glumos.webleader.in/system/Common.php(1097): CodeIgniter\View\View->render('front/user/brow...', Array, true)
#8 /home/webleade/glumos.webleader.in/app/Controllers/Dashboard.php(243): view('front/user/brow...', Array)
#9 /home/webleade/glumos.webleader.in/system/CodeIgniter.php(824): App\Controllers\Dashboard->browseAllJobs()
#10 /home/webleade/glumos.webleader.in/system/CodeIgniter.php(410): CodeIgniter\CodeIgniter->runController(Object(App\Controllers\Dashboard))
#11 /home/webleade/glumos.webleader.in/system/CodeIgniter.php(318): CodeIgniter\CodeIgniter->handleRequest(NULL, Object(Config\Cache), false)
#12 /home/webleade/glumos.webleader.in/index.php(37): CodeIgniter\CodeIgniter->run()
#13 {main}
CRITICAL - 2022-02-26 20:15:50 --> Invalid argument supplied for foreach()
#0 /home/webleade/glumos.webleader.in/app/Views/front/components/browse-jobs.php(279): CodeIgniter\Debug\Exceptions->errorHandler(2, 'Invalid argumen...', '/home/webleade/...', 279, Array)
#1 /home/webleade/glumos.webleader.in/system/View/View.php(214): include('/home/webleade/...')
#2 /home/webleade/glumos.webleader.in/system/View/View.php(217): CodeIgniter\View\View->CodeIgniter\View\{closure}()
#3 /home/webleade/glumos.webleader.in/system/View/View.php(432): CodeIgniter\View\View->render('front/component...', NULL, true)
#4 /home/webleade/glumos.webleader.in/app/Views/front/user/browsejobs.php(43): CodeIgniter\View\View->include('front/component...')
#5 /home/webleade/glumos.webleader.in/system/View/View.php(214): include('/home/webleade/...')
#6 /home/webleade/glumos.webleader.in/system/View/View.php(217): CodeIgniter\View\View->CodeIgniter\View\{closure}()
#7 /home/webleade/glumos.webleader.in/system/Common.php(1097): CodeIgniter\View\View->render('front/user/brow...', Array, true)
#8 /home/webleade/glumos.webleader.in/app/Controllers/Dashboard.php(243): view('front/user/brow...', Array)
#9 /home/webleade/glumos.webleader.in/system/CodeIgniter.php(824): App\Controllers\Dashboard->browseAllJobs()
#10 /home/webleade/glumos.webleader.in/system/CodeIgniter.php(410): CodeIgniter\CodeIgniter->runController(Object(App\Controllers\Dashboard))
#11 /home/webleade/glumos.webleader.in/system/CodeIgniter.php(318): CodeIgniter\CodeIgniter->handleRequest(NULL, Object(Config\Cache), false)
#12 /home/webleade/glumos.webleader.in/index.php(37): CodeIgniter\CodeIgniter->run()
#13 {main}
